2025-08-28T19:17:53.763816Z INFO     vrl_testing_loop_clean:_setup_logging:152 - VRL Testing Pipeline logging initialized
2025-08-28T19:17:53.764115Z INFO     vrl_testing_loop_clean:_setup_logging:153 - Log file: logs/vrl_pipeline_20250828_191753.log
2025-08-28T19:17:53.764249Z INFO     vrl_testing_loop_clean:_setup_logging:154 - Sample file: samples/large/ssh-real.ndjson
2025-08-28T19:17:53.764436Z INFO     vrl_testing_loop_clean:_setup_logging:155 - Output directory: samples-parsed
2025-08-28T19:17:53.764570Z INFO     vrl_testing_loop_clean:_setup_logging:156 - External configs: external
2025-08-28T19:17:53.764704Z INFO     vrl_testing_loop_clean:_setup_logging:157 - Loaded configs: ['vector_vrl_prompt', 'parser_prompts', 'type_maps']
2025-08-28T19:18:11.677584Z INFO     vrl_testing_loop_clean:__init__:113 - Benchmarking local CPU performance...
2025-08-28T19:18:11.682208Z INFO     vrl_testing_loop_clean:__init__:115 - CPU benchmark multiplier: 10.00x
2025-08-28T19:18:11.682411Z INFO     vrl_testing_loop_clean:__init__:118 - Measuring Vector CLI startup time...
2025-08-28T19:18:12.185216Z INFO     vrl_testing_loop_clean:__init__:120 - Vector startup time: 0.50s
2025-08-28T19:18:12.185459Z INFO     vrl_testing_loop_clean:_log_external_configs_summary:1067 - ğŸ“‹ EXTERNAL CONFIGS SUMMARY (K8s deployed):
2025-08-28T19:18:12.185645Z INFO     vrl_testing_loop_clean:_log_external_configs_summary:1074 -    ğŸ¯ vector-vrl-system.md: v1.3.0...
2025-08-28T19:18:12.185722Z INFO     vrl_testing_loop_clean:_log_external_configs_summary:1075 -       Contains: Performance tiers, string ops, Vector 0.49.0 config
2025-08-28T19:18:12.185776Z INFO     vrl_testing_loop_clean:_log_external_configs_summary:1079 -    ğŸ”§ parser-system-prompts.md: 10690 chars of project overrides
2025-08-28T19:18:12.185833Z INFO     vrl_testing_loop_clean:_log_external_configs_summary:1085 -    ğŸ“Š type_maps.csv: 24 field mappings for product evolution
2025-08-28T19:18:12.185877Z INFO     vrl_testing_loop_clean:_log_external_configs_summary:1087 -    ğŸ’¡ These configs are retained for persistent LLM context
2025-08-28T19:18:12.185972Z INFO     __main__:test_stream:42 - ğŸš€ Starting automated generation (max 5 iterations)
2025-08-28T19:18:12.186036Z INFO     __main__:test_stream:43 - Watch for:
2025-08-28T19:18:12.186075Z INFO     __main__:test_stream:44 -   - Pre-tokenizer: 655K â†’ 3 samples
2025-08-28T19:18:12.186121Z INFO     __main__:test_stream:45 -   - Model-specific fixes triggering
2025-08-28T19:18:12.186165Z INFO     __main__:test_stream:46 -   - E103 â†’ E620 â†’ SUCCESS progression
2025-08-28T19:18:12.847481Z INFO     vrl_testing_loop_clean:run_automated_llm_generation:1201 - ğŸ¤– Starting automated LLM VRL generation
2025-08-28T19:18:12.847752Z INFO     vrl_testing_loop_clean:run_automated_llm_generation:1202 - Provider: anthropic, Max iterations: 5
2025-08-28T19:18:12.862362Z INFO     vrl_testing_loop_clean:run_automated_llm_generation:1210 - ğŸ”§ Optimizing samples with pre-tokenizer...
2025-08-28T19:18:13.494426Z INFO     pre_tokenizer.enhanced_optimizer:smart_sample_selection:132 - Found 1 distinct patterns in 655147 samples
2025-08-28T19:18:21.768179Z SUCCESS  pre_tokenizer.enhanced_optimizer:smart_sample_selection:172 - Selected 3 samples covering 1 patterns
2025-08-28T19:18:21.995186Z INFO     pre_tokenizer.pre_tokenizer:__init__:41 - Initialized PreTokenizer for claude-3-opus-20240229 with 30,000 max tokens
2025-08-28T19:18:21.995503Z INFO     pre_tokenizer.pre_tokenizer:optimize_samples:101 - Optimizing 3 samples for 30,000 tokens
2025-08-28T19:18:21.996005Z INFO     pre_tokenizer.pre_tokenizer:optimize_samples:116 - Reduced to 3 unique samples from 3
2025-08-28T19:18:21.996143Z INFO     pre_tokenizer.pre_tokenizer:optimize_samples:117 - Pattern distribution: {'auth': 1}
2025-08-28T19:18:21.997689Z SUCCESS  pre_tokenizer.pre_tokenizer:optimize_samples:190 - Selected 3 samples using 1,770 tokens
2025-08-28T19:18:21.997823Z INFO     pre_tokenizer.pre_tokenizer:optimize_samples:191 - Pattern coverage: 100.0%
2025-08-28T19:18:21.997960Z INFO     vrl_testing_loop_clean:run_automated_llm_generation:1241 - ğŸ“Š Sample optimization: 655147 â†’ 3 samples
2025-08-28T19:18:21.998088Z INFO     vrl_testing_loop_clean:run_automated_llm_generation:1242 - ğŸ“Š Token usage: 1,770 tokens
2025-08-28T19:18:21.998208Z INFO     vrl_testing_loop_clean:run_automated_llm_generation:1243 - ğŸ“Š Pattern coverage: 100.0%
2025-08-28T19:18:22.038146Z INFO     llm_iterative_session:_init_anthropic:433 - ğŸ” Auto-detecting latest Anthropic model...
2025-08-28T19:18:22.038323Z INFO     llm_iterative_session:_detect_best_anthropic_model:140 - ğŸ” Querying Anthropic API for available models...
2025-08-28T19:18:22.348508Z INFO     llm_iterative_session:_detect_best_anthropic_model:166 - Available Anthropic models: ['claude-opus-4-1-20250805', 'claude-opus-4-20250514', 'claude-sonnet-4-20250514', 'claude-3-7-sonnet-20250219', 'claude-3-5-sonnet-20241022']...
2025-08-28T19:18:22.348674Z INFO     llm_iterative_session:_detect_best_anthropic_model:187 - âœ… Selected best Opus model: claude-opus-4-1-20250805
2025-08-28T19:18:22.349821Z INFO     llm_iterative_session:_init_anthropic:435 - ğŸ¯ Selected model: claude-opus-4-1-20250805
2025-08-28T19:18:22.670750Z INFO     llm_iterative_session:__init__:124 - ğŸ¤– Iterative LLM Session initialized
2025-08-28T19:18:22.671300Z INFO     llm_iterative_session:__init__:125 -    Provider: anthropic
2025-08-28T19:18:22.671369Z INFO     llm_iterative_session:__init__:126 -    Model: claude-opus-4-1-20250805
2025-08-28T19:18:22.671416Z INFO     llm_iterative_session:__init__:127 -    Session: llm_session_20250828_191821
2025-08-28T19:18:22.671457Z INFO     llm_iterative_session:__init__:131 - ğŸ“Š Model Capabilities:
2025-08-28T19:18:22.671546Z INFO     llm_iterative_session:__init__:132 -    Context Window: 200,000 tokens
2025-08-28T19:18:22.671592Z INFO     llm_iterative_session:__init__:133 -    Max Input: 200,000 tokens
2025-08-28T19:18:22.671632Z INFO     llm_iterative_session:__init__:134 -    Max Output: 4,096 tokens
2025-08-28T19:18:22.671681Z INFO     llm_iterative_session:__init__:136 -    Cost: $0.000015/input, $0.000075/output per token
2025-08-28T19:18:22.671725Z INFO     vrl_testing_loop_clean:run_automated_llm_generation:1249 - ğŸ’° Cost tracking: $0.000015/input token, $0.000075/output token
2025-08-28T19:18:22.671775Z INFO     llm_iterative_session:generate_initial_vrl:679 - ğŸš€ Starting VRL generation session (iteration 1)
2025-08-28T19:18:22.673775Z INFO     prompt_optimizer:_optimize_initial_configs:82 - Compressed vector_vrl_prompt: 20935 â†’ 18968 chars (9.4% reduction)
2025-08-28T19:18:22.673979Z INFO     prompt_optimizer:_optimize_initial_configs:101 - Compressed parser_prompts: 10690 â†’ 1988 chars (81.4% reduction)
2025-08-28T19:18:22.674108Z INFO     prompt_optimizer:_optimize_initial_configs:133 - Compressed type_maps: 2877 â†’ 2749 chars (4.4% reduction)
2025-08-28T19:18:22.674763Z DEBUG    llm_iterative_session:_save_conversation:1297 - ğŸ’¾ Saved user message to .tmp/llm_sessions/llm_session_20250828_191821/iter1_user.txt
2025-08-28T19:18:22.674853Z INFO     llm_iterative_session:_call_llm:1022 - ğŸ“¤ Calling anthropic API
2025-08-28T19:18:22.674932Z DEBUG    llm_iterative_session:_call_llm:1023 -    Prompt length: 31037 chars
2025-08-28T19:19:17.551689Z INFO     llm_iterative_session:_call_llm:1038 - ğŸ“¥ Response received in 54.9s (5561 chars)
2025-08-28T19:19:17.552210Z DEBUG    llm_iterative_session:_save_conversation:1297 - ğŸ’¾ Saved assistant message to .tmp/llm_sessions/llm_session_20250828_191821/iter1_assistant.txt
2025-08-28T19:19:17.552299Z INFO     vrl_testing_loop_clean:run_automated_llm_generation:1263 - Testing iteration 1
2025-08-28T19:19:17.552372Z INFO     vrl_testing_loop_clean:_log_with_timestamp:1111 - ============================================================
2025-08-28T19:19:17.552423Z INFO     vrl_testing_loop_clean:_log_with_timestamp:1111 - TESTING LLM-GENERATED VRL (Iteration 1)
2025-08-28T19:19:17.552467Z INFO     vrl_testing_loop_clean:_log_with_timestamp:1111 - ============================================================
2025-08-28T19:19:17.552519Z INFO     vrl_testing_loop_clean:_log_with_timestamp:1111 - 
1. TESTING WITH PyVRL
2025-08-28T19:19:17.552571Z INFO     vrl_testing_loop_clean:_log_with_timestamp:1111 - ----------------------------------------
2025-08-28T19:19:17.557838Z ERROR    vrl_testing_loop_clean:test_with_pyvrl:311 - âœ— PyVRL validation failed: 
error[E203]: syntax error
   â”Œâ”€ :21:9
   â”‚
21 â”‚       return
   â”‚ â•­â”€â”€â”€â”€â”€â”€â”€â”€â”€â”€^
   â”‚ â”‚ â•­â”€â”€â”€â”€â”€â”€â”€â”€'
22 â”‚ â”‚ â”‚ }
   â”‚ â•°â”€â”‚^ unexpected syntax token: "Newline"
   â”‚   â•°' expected one of: "!", "(", "[", "_", "abort", "false", "float literal", "function call", "identifier", "if", "integer literal", "null", "raw string literal", "regex literal", "return", "string literal", "timestamp literal", "true", "{", "path literal"
   â”‚
   = see language documentation at https://vrl.dev
   = try your code in the VRL REPL, learn more at https://vrl.dev/examples

error[E203]: syntax error
   â”Œâ”€ :22:1
   â”‚
22 â”‚ }
   â”‚ ^
   â”‚ â”‚
   â”‚ unexpected syntax token: "RBrace"
   â”‚ expected one of: "!", "(", "[", "_", "abort", "false", "float literal", "function call", "identifier", "if", "integer literal", "null", "raw string literal", "regex literal", "return", "string literal", "timestamp literal", "true", "{", "path literal"
   â”‚
   = see language documentation at https://vrl.dev
   = try your code in the VRL REPL, learn more at https://vrl.dev/examples

error[E103]: unhandled fallible assignment
   â”Œâ”€ :36:21
   â”‚
36 â”‚       space_parts = split(rhost_section, " ")
   â”‚       ------------- ^^^^^^^^^^^^^^^^^^^^^^^^^
   â”‚       â”‚             â”‚
   â”‚       â”‚             this expression is fallible because at least one argument's type cannot be verified to be valid
   â”‚       â”‚             update the expression to be infallible by adding a `!`: `split!(rhost_section, " ")`
   â”‚       â”‚             `rhost_section` argument type is `string or null` and this function expected a parameter `value` of type `string`
   â”‚       or change this to an infallible assignment:
   â”‚       space_parts, err = split(rhost_section, " ")
   â”‚
   = see documentation about error handling at https://errors.vrl.dev/#handling
   = see functions characteristics documentation at https://vrl.dev/expressions/#function-call-characteristics
   = learn more about error code 103 at https://errors.vrl.dev/103
   = see language documentation at https://vrl.dev
   = try your code in the VRL REPL, learn more at https://vrl.dev/examples

error[E103]: unhandled fallible assignment
   â”Œâ”€ :77:21
   â”‚
77 â”‚       space_parts = split(user_section, " ")
   â”‚       ------------- ^^^^^^^^^^^^^^^^^^^^^^^^
   â”‚       â”‚             â”‚
   â”‚       â”‚             this expression is fallible because at least one argument's type cannot be verified to be valid
   â”‚       â”‚             update the expression to be infallible by adding a `!`: `split!(user_section, " ")`
   â”‚       â”‚             `user_section` argument type is `string or null` and this function expected a parameter `value` of type `string`
   â”‚       or change this to an infallible assignment:
   â”‚       space_parts, err = split(user_section, " ")
   â”‚
   = see documentation about error handling at https://errors.vrl.dev/#handling
   = see functions characteristics documentation at https://vrl.dev/expressions/#function-call-characteristics
   = learn more about error code 103 at https://errors.vrl.dev/103
   = see language documentation at https://vrl.dev
   = try your code in the VRL REPL, learn more at https://vrl.dev/examples

error[E103]: unhandled fallible assignment
    â”Œâ”€ :128:21
    â”‚
128 â”‚       space_parts = split(user_section, " ")
    â”‚       ------------- ^^^^^^^^^^^^^^^^^^^^^^^^
    â”‚       â”‚             â”‚
    â”‚       â”‚             this expression is fallible because at least one argument's type cannot be verified to be valid
    â”‚       â”‚             update the expression to be infallible by adding a `!`: `split!(user_section, " ")`
    â”‚       â”‚             `user_section` argument type is `string or null` and this function expected a parameter `value` of type `string`
    â”‚       or change this to an infallible assignment:
    â”‚       space_parts, err = split(user_section, " ")
    â”‚
    = see documentation about error handling at https://errors.vrl.dev/#handling
    = see functions characteristics documentation at https://vrl.dev/expressions/#function-call-characteristics
    = learn more about error code 103 at https://errors.vrl.dev/103
    = see language documentation at https://vrl.dev
    = try your code in the VRL REPL, learn more at https://vrl.dev/examples

error[E103]: unhandled fallible assignment
    â”Œâ”€ :157:21
    â”‚
157 â”‚       space_parts = split(ip_section, " ")
    â”‚       ------------- ^^^^^^^^^^^^^^^^^^^^^^
    â”‚       â”‚             â”‚
    â”‚       â”‚             this expression is fallible because at least one argument's type cannot be verified to be valid
    â”‚       â”‚             update the expression to be infallible by adding a `!`: `split!(ip_section, " ")`
    â”‚       â”‚             `ip_section` argument type is `string or null` and this function expected a parameter `value` of type `string`
    â”‚       or change this to an infallible assignment:
    â”‚       space_parts, err = split(ip_section, " ")
    â”‚
    = see documentation about error handling at https://errors.vrl.dev/#handling
    = see functions characteristics documentation at https://vrl.dev/expressions/#function-call-characteristics
    = learn more about error code 103 at https://errors.vrl.dev/103
    = see language documentation at https://vrl.dev
    = try your code in the VRL REPL, learn more at https://vrl.dev/examples

error[E103]: unhandled fallible assignment
    â”Œâ”€ :173:19
    â”‚
173 â”‚     space_parts = split(user_section, " ")
    â”‚     ------------- ^^^^^^^^^^^^^^^^^^^^^^^^
    â”‚     â”‚             â”‚
    â”‚     â”‚             this expression is fallible because at least one argument's type cannot be verified to be valid
    â”‚     â”‚             update the expression to be infallible by adding a `!`: `split!(user_section, " ")`
    â”‚     â”‚             `user_section` argument type is `string or null` and this function expected a parameter `value` of type `string`
    â”‚     or change this to an infallible assignment:
    â”‚     space_parts, err = split(user_section, " ")
    â”‚
    = see documentation about error handling at https://errors.vrl.dev/#handling
    = see functions characteristics documentation at https://vrl.dev/expressions/#function-call-characteristics
    = learn more about error code 103 at https://errors.vrl.dev/103
    = see language documentation at https://vrl.dev
    = try your code in the VRL REPL, learn more at https://vrl.dev/examples

error[E103]: unhandled fallible assignment
    â”Œâ”€ :197:21
    â”‚
197 â”‚     bracket_parts = split(pid_section, "]")
    â”‚     --------------- ^^^^^^^^^^^^^^^^^^^^^^^
    â”‚     â”‚               â”‚
    â”‚     â”‚               this expression is fallible because at least one argument's type cannot be verified to be valid
    â”‚     â”‚               update the expression to be infallible by adding a `!`: `split!(pid_section, "]")`
    â”‚     â”‚               `pid_section` argument type is `string or null` and this function expected a parameter `value` of type `string`
    â”‚     or change this to an infallible assignment:
    â”‚     bracket_parts, err = split(pid_section, "]")
    â”‚
    = see documentation about error handling at https://errors.vrl.dev/#handling
    = see functions characteristics documentation at https://vrl.dev/expressions/#function-call-characteristics
    = learn more about error code 103 at https://errors.vrl.dev/103
    = see language documentation at https://vrl.dev
    = try your code in the VRL REPL, learn more at https://vrl.dev/examples

2025-08-28T19:19:17.558090Z INFO     vrl_testing_loop_clean:_log_with_timestamp:1111 - âŒ LLM VRL iteration 1 failed PyVRL validation
2025-08-28T19:19:17.558584Z INFO     error_batch_collector:collect_all_errors:46 - ğŸ“‹ Phase 1: PyVRL syntax validation
2025-08-28T19:19:17.558667Z INFO     error_batch_collector:collect_all_errors:52 - ğŸ“‹ Phase 2: Vector CLI validation
2025-08-28T19:19:17.569201Z INFO     error_batch_collector:collect_all_errors:75 - ğŸ“Š Collected 1 total errors
2025-08-28T19:19:17.569352Z INFO     error_batch_collector:collect_all_errors:79 -    other: 1 errors
2025-08-28T19:19:17.569422Z INFO     vrl_testing_loop_clean:run_automated_llm_generation:1347 - ğŸ“Š Collected 1 errors for batch fixing
2025-08-28T19:19:17.569475Z INFO     llm_iterative_session:iterate_with_feedback:713 - ğŸ”„ Iterating VRL generation (iteration 2)
2025-08-28T19:19:17.569681Z DEBUG    llm_iterative_session:_save_conversation:1297 - ğŸ’¾ Saved user message to .tmp/llm_sessions/llm_session_20250828_191821/iter2_user.txt
2025-08-28T19:19:17.569742Z DEBUG    llm_iterative_session:_call_llm:1019 - Adding 1.4s delay for iteration 2 to avoid rate limits
2025-08-28T19:19:18.969909Z INFO     llm_iterative_session:_call_llm:1022 - ğŸ“¤ Calling anthropic API
2025-08-28T19:19:18.970165Z DEBUG    llm_iterative_session:_call_llm:1023 -    Prompt length: 465 chars
2025-08-28T19:20:15.353127Z INFO     llm_iterative_session:_call_llm:1038 - ğŸ“¥ Response received in 56.4s (6121 chars)
2025-08-28T19:20:15.353630Z DEBUG    llm_iterative_session:_save_conversation:1297 - ğŸ’¾ Saved assistant message to .tmp/llm_sessions/llm_session_20250828_191821/iter2_assistant.txt
2025-08-28T19:20:15.353719Z INFO     vrl_testing_loop_clean:run_automated_llm_generation:1263 - Testing iteration 2
2025-08-28T19:20:15.353784Z INFO     vrl_testing_loop_clean:_log_with_timestamp:1111 - ============================================================
2025-08-28T19:20:15.353833Z INFO     vrl_testing_loop_clean:_log_with_timestamp:1111 - TESTING LLM-GENERATED VRL (Iteration 2)
2025-08-28T19:20:15.353875Z INFO     vrl_testing_loop_clean:_log_with_timestamp:1111 - ============================================================
2025-08-28T19:20:15.353949Z INFO     vrl_testing_loop_clean:_log_with_timestamp:1111 - 
1. TESTING WITH PyVRL
2025-08-28T19:20:15.354010Z INFO     vrl_testing_loop_clean:_log_with_timestamp:1111 - ----------------------------------------
2025-08-28T19:20:15.357050Z ERROR    vrl_testing_loop_clean:test_with_pyvrl:311 - âœ— PyVRL validation failed: 
error[E103]: unhandled fallible assignment
   â”Œâ”€ :37:23
   â”‚
37 â”‚         space_parts = split(rhost_section, " ")
   â”‚         ------------- ^^^^^^^^^^^^^^^^^^^^^^^^^
   â”‚         â”‚             â”‚
   â”‚         â”‚             this expression is fallible because at least one argument's type cannot be verified to be valid
   â”‚         â”‚             update the expression to be infallible by adding a `!`: `split!(rhost_section, " ")`
   â”‚         â”‚             `rhost_section` argument type is `string or null` and this function expected a parameter `value` of type `string`
   â”‚         or change this to an infallible assignment:
   â”‚         space_parts, err = split(rhost_section, " ")
   â”‚
   = see documentation about error handling at https://errors.vrl.dev/#handling
   = see functions characteristics documentation at https://vrl.dev/expressions/#function-call-characteristics
   = learn more about error code 103 at https://errors.vrl.dev/103
   = see language documentation at https://vrl.dev
   = try your code in the VRL REPL, learn more at https://vrl.dev/examples

2025-08-28T19:20:15.357182Z INFO     vrl_testing_loop_clean:_log_with_timestamp:1111 - âŒ LLM VRL iteration 2 failed PyVRL validation
2025-08-28T19:20:15.357266Z INFO     error_batch_collector:collect_all_errors:46 - ğŸ“‹ Phase 1: PyVRL syntax validation
2025-08-28T19:20:15.357331Z INFO     error_batch_collector:collect_all_errors:52 - ğŸ“‹ Phase 2: Vector CLI validation
2025-08-28T19:20:15.371275Z INFO     error_batch_collector:collect_all_errors:75 - ğŸ“Š Collected 1 total errors
2025-08-28T19:20:15.371605Z INFO     error_batch_collector:collect_all_errors:79 -    other: 1 errors
2025-08-28T19:20:15.371822Z INFO     vrl_testing_loop_clean:run_automated_llm_generation:1347 - ğŸ“Š Collected 1 errors for batch fixing
2025-08-28T19:20:15.372052Z INFO     llm_iterative_session:iterate_with_feedback:713 - ğŸ”„ Iterating VRL generation (iteration 3)
2025-08-28T19:20:15.372865Z DEBUG    llm_iterative_session:_save_conversation:1297 - ğŸ’¾ Saved user message to .tmp/llm_sessions/llm_session_20250828_191821/iter3_user.txt
2025-08-28T19:20:15.372959Z DEBUG    llm_iterative_session:_call_llm:1019 - Adding 1.6s delay for iteration 3 to avoid rate limits
2025-08-28T19:20:16.974711Z INFO     llm_iterative_session:_call_llm:1022 - ğŸ“¤ Calling anthropic API
2025-08-28T19:20:16.975211Z DEBUG    llm_iterative_session:_call_llm:1023 -    Prompt length: 465 chars
2025-08-28T19:21:17.426788Z INFO     llm_iterative_session:_call_llm:1038 - ğŸ“¥ Response received in 60.5s (6244 chars)
2025-08-28T19:21:17.427641Z DEBUG    llm_iterative_session:_save_conversation:1297 - ğŸ’¾ Saved assistant message to .tmp/llm_sessions/llm_session_20250828_191821/iter3_assistant.txt
2025-08-28T19:21:17.427753Z INFO     vrl_testing_loop_clean:run_automated_llm_generation:1263 - Testing iteration 3
2025-08-28T19:21:17.427849Z INFO     vrl_testing_loop_clean:_log_with_timestamp:1111 - ============================================================
2025-08-28T19:21:17.427936Z INFO     vrl_testing_loop_clean:_log_with_timestamp:1111 - TESTING LLM-GENERATED VRL (Iteration 3)
2025-08-28T19:21:17.428056Z INFO     vrl_testing_loop_clean:_log_with_timestamp:1111 - ============================================================
2025-08-28T19:21:17.428143Z INFO     vrl_testing_loop_clean:_log_with_timestamp:1111 - 
1. TESTING WITH PyVRL
2025-08-28T19:21:17.428229Z INFO     vrl_testing_loop_clean:_log_with_timestamp:1111 - ----------------------------------------
2025-08-28T19:21:17.433207Z ERROR    vrl_testing_loop_clean:test_with_pyvrl:311 - âœ— PyVRL validation failed: 
error[E620]: can't abort infallible function
   â”Œâ”€ :36:21
   â”‚
36 â”‚       rhost_parts = split!(msg, "rhost=")
   â”‚                     ^^^^^- remove this abort-instruction
   â”‚                     â”‚
   â”‚                     this function can't fail
   â”‚
   = see documentation about error handling at https://errors.vrl.dev/#handling
   = see language documentation at https://vrl.dev
   = try your code in the VRL REPL, learn more at https://vrl.dev/examples

2025-08-28T19:21:17.433304Z INFO     vrl_testing_loop_clean:_log_with_timestamp:1111 - âŒ LLM VRL iteration 3 failed PyVRL validation
2025-08-28T19:21:17.433387Z INFO     error_batch_collector:collect_all_errors:46 - ğŸ“‹ Phase 1: PyVRL syntax validation
2025-08-28T19:21:17.433501Z INFO     error_batch_collector:collect_all_errors:52 - ğŸ“‹ Phase 2: Vector CLI validation
2025-08-28T19:21:17.444104Z INFO     error_batch_collector:collect_all_errors:75 - ğŸ“Š Collected 1 total errors
2025-08-28T19:21:17.444646Z INFO     error_batch_collector:collect_all_errors:79 -    other: 1 errors
2025-08-28T19:21:17.444931Z INFO     vrl_testing_loop_clean:run_automated_llm_generation:1347 - ğŸ“Š Collected 1 errors for batch fixing
2025-08-28T19:21:17.445129Z INFO     llm_iterative_session:iterate_with_feedback:713 - ğŸ”„ Iterating VRL generation (iteration 4)
2025-08-28T19:21:17.445482Z DEBUG    llm_iterative_session:_save_conversation:1297 - ğŸ’¾ Saved user message to .tmp/llm_sessions/llm_session_20250828_191821/iter4_user.txt
2025-08-28T19:21:17.445549Z DEBUG    llm_iterative_session:_call_llm:1019 - Adding 1.8s delay for iteration 4 to avoid rate limits
2025-08-28T19:21:19.245715Z INFO     llm_iterative_session:_call_llm:1022 - ğŸ“¤ Calling anthropic API
2025-08-28T19:21:19.247998Z DEBUG    llm_iterative_session:_call_llm:1023 -    Prompt length: 465 chars
