2025-08-28T16:36:12.817607Z INFO     vrl_testing_loop_clean:_setup_logging:152 - VRL Testing Pipeline logging initialized
2025-08-28T16:36:12.817877Z INFO     vrl_testing_loop_clean:_setup_logging:153 - Log file: logs/vrl_pipeline_20250828_163612.log
2025-08-28T16:36:12.818070Z INFO     vrl_testing_loop_clean:_setup_logging:154 - Sample file: samples/cisco-asa.ndjson
2025-08-28T16:36:12.818166Z INFO     vrl_testing_loop_clean:_setup_logging:155 - Output directory: samples-parsed
2025-08-28T16:36:12.818244Z INFO     vrl_testing_loop_clean:_setup_logging:156 - External configs: external
2025-08-28T16:36:12.818301Z INFO     vrl_testing_loop_clean:_setup_logging:157 - Loaded configs: ['vector_vrl_prompt', 'parser_prompts', 'type_maps']
2025-08-28T16:36:12.820047Z INFO     vrl_testing_loop_clean:__init__:113 - Benchmarking local CPU performance...
2025-08-28T16:36:12.824145Z INFO     vrl_testing_loop_clean:__init__:115 - CPU benchmark multiplier: 10.00x
2025-08-28T16:36:12.824279Z INFO     vrl_testing_loop_clean:__init__:118 - Measuring Vector CLI startup time...
2025-08-28T16:36:13.329523Z INFO     vrl_testing_loop_clean:__init__:120 - Vector startup time: 0.50s
2025-08-28T16:36:13.329766Z INFO     vrl_testing_loop_clean:_log_external_configs_summary:1067 - ğŸ“‹ EXTERNAL CONFIGS SUMMARY (K8s deployed):
2025-08-28T16:36:13.329943Z INFO     vrl_testing_loop_clean:_log_external_configs_summary:1074 -    ğŸ¯ vector-vrl-system.md: v1.3.0...
2025-08-28T16:36:13.330019Z INFO     vrl_testing_loop_clean:_log_external_configs_summary:1075 -       Contains: Performance tiers, string ops, Vector 0.49.0 config
2025-08-28T16:36:13.330073Z INFO     vrl_testing_loop_clean:_log_external_configs_summary:1079 -    ğŸ”§ parser-system-prompts.md: 8161 chars of project overrides
2025-08-28T16:36:13.330145Z INFO     vrl_testing_loop_clean:_log_external_configs_summary:1085 -    ğŸ“Š type_maps.csv: 24 field mappings for product evolution
2025-08-28T16:36:13.330198Z INFO     vrl_testing_loop_clean:_log_external_configs_summary:1087 -    ğŸ’¡ These configs are retained for persistent LLM context
2025-08-28T16:36:14.055274Z INFO     vrl_testing_loop_clean:run_automated_llm_generation:1201 - ğŸ¤– Starting automated LLM VRL generation
2025-08-28T16:36:14.055479Z INFO     vrl_testing_loop_clean:run_automated_llm_generation:1202 - Provider: anthropic, Max iterations: 5
2025-08-28T16:36:14.088189Z INFO     llm_iterative_session:_init_anthropic:433 - ğŸ” Auto-detecting latest Anthropic model...
2025-08-28T16:36:14.088374Z INFO     llm_iterative_session:_detect_best_anthropic_model:140 - ğŸ” Querying Anthropic API for available models...
2025-08-28T16:36:14.403377Z INFO     llm_iterative_session:_detect_best_anthropic_model:166 - Available Anthropic models: ['claude-opus-4-1-20250805', 'claude-opus-4-20250514', 'claude-sonnet-4-20250514', 'claude-3-7-sonnet-20250219', 'claude-3-5-sonnet-20241022']...
2025-08-28T16:36:14.403577Z INFO     llm_iterative_session:_detect_best_anthropic_model:187 - âœ… Selected best Opus model: claude-opus-4-1-20250805
2025-08-28T16:36:14.404570Z INFO     llm_iterative_session:_init_anthropic:435 - ğŸ¯ Selected model: claude-opus-4-1-20250805
2025-08-28T16:36:14.757335Z INFO     llm_iterative_session:__init__:124 - ğŸ¤– Iterative LLM Session initialized
2025-08-28T16:36:14.757784Z INFO     llm_iterative_session:__init__:125 -    Provider: anthropic
2025-08-28T16:36:14.757873Z INFO     llm_iterative_session:__init__:126 -    Model: claude-opus-4-1-20250805
2025-08-28T16:36:14.757954Z INFO     llm_iterative_session:__init__:127 -    Session: llm_session_20250828_163614
2025-08-28T16:36:14.758015Z INFO     llm_iterative_session:__init__:131 - ğŸ“Š Model Capabilities:
2025-08-28T16:36:14.758093Z INFO     llm_iterative_session:__init__:132 -    Context Window: 200,000 tokens
2025-08-28T16:36:14.758159Z INFO     llm_iterative_session:__init__:133 -    Max Input: 200,000 tokens
2025-08-28T16:36:14.758218Z INFO     llm_iterative_session:__init__:134 -    Max Output: 4,096 tokens
2025-08-28T16:36:14.758282Z INFO     llm_iterative_session:__init__:136 -    Cost: $0.000015/input, $0.000075/output per token
2025-08-28T16:36:14.758364Z INFO     vrl_testing_loop_clean:run_automated_llm_generation:1210 - ğŸ’° Cost tracking: $0.000015/input token, $0.000075/output token
2025-08-28T16:36:14.758466Z INFO     llm_iterative_session:generate_initial_vrl:679 - ğŸš€ Starting VRL generation session (iteration 1)
2025-08-28T16:36:14.759122Z DEBUG    llm_iterative_session:_save_conversation:1214 - ğŸ’¾ Saved user message to .tmp/llm_sessions/llm_session_20250828_163614/iter1_user.txt
2025-08-28T16:36:14.759203Z INFO     llm_iterative_session:_call_llm:939 - ğŸ“¤ Calling anthropic API
2025-08-28T16:36:14.759282Z DEBUG    llm_iterative_session:_call_llm:940 -    Prompt length: 30990 chars
2025-08-28T16:36:18.707354Z DEBUG    llm_iterative_session:_call_anthropic:1085 - Model claude-opus-4-1-20250805 failed: Error code: 500 - {'type': 'error', 'error': {'type': 'api_error', 'message': 'Overloaded'}, 'request_id': None}
2025-08-28T16:37:13.877382Z WARNING  llm_iterative_session:_call_anthropic:1073 - Fell back from claude-opus-4-1-20250805 to claude-opus-4-20250514
2025-08-28T16:37:13.877900Z INFO     llm_iterative_session:_call_llm:955 - ğŸ“¥ Response received in 59.1s (9000 chars)
2025-08-28T16:37:13.878759Z DEBUG    llm_iterative_session:_save_conversation:1214 - ğŸ’¾ Saved assistant message to .tmp/llm_sessions/llm_session_20250828_163614/iter1_assistant.txt
2025-08-28T16:37:13.879230Z INFO     vrl_testing_loop_clean:run_automated_llm_generation:1224 - Testing iteration 1
2025-08-28T16:37:13.879547Z INFO     vrl_testing_loop_clean:_log_with_timestamp:1111 - ============================================================
2025-08-28T16:37:13.879725Z INFO     vrl_testing_loop_clean:_log_with_timestamp:1111 - TESTING LLM-GENERATED VRL (Iteration 1)
2025-08-28T16:37:13.879784Z INFO     vrl_testing_loop_clean:_log_with_timestamp:1111 - ============================================================
2025-08-28T16:37:13.879851Z INFO     vrl_testing_loop_clean:_log_with_timestamp:1111 - 
1. TESTING WITH PyVRL
2025-08-28T16:37:13.879903Z INFO     vrl_testing_loop_clean:_log_with_timestamp:1111 - ----------------------------------------
2025-08-28T16:37:13.884705Z ERROR    vrl_testing_loop_clean:test_with_pyvrl:311 - âœ— PyVRL validation failed: 
error[E203]: syntax error
   â”Œâ”€ :77:38
   â”‚
77 â”‚               port_part = last_colon[length(last_colon) - 1] ?? ""
   â”‚                                      ^^^^^^
   â”‚                                      â”‚
   â”‚                                      unexpected syntax token: "FunctionCall"
   â”‚                                      expected one of: "integer literal"
   â”‚
   = see language documentation at https://vrl.dev
   = try your code in the VRL REPL, learn more at https://vrl.dev/examples

error[E701]: call to undefined variable
   â”Œâ”€ :78:27
   â”‚
78 â”‚               .src_port = port_part
   â”‚                           ^^^^^^^^^
   â”‚                           â”‚
   â”‚                           undefined variable
   â”‚                           did you mean "true"?
   â”‚
   = see language documentation at https://vrl.dev
   = try your code in the VRL REPL, learn more at https://vrl.dev/examples

error[E701]: call to undefined variable
   â”Œâ”€ :80:32
   â”‚
80 â”‚               ip_parts = slice(last_colon, 0, length(last_colon) - 1) ?? []
   â”‚                                ^^^^^^^^^^
   â”‚                                â”‚
   â”‚                                undefined variable
   â”‚                                did you mean "false"?
   â”‚
   = see language documentation at https://vrl.dev
   = try your code in the VRL REPL, learn more at https://vrl.dev/examples

error[E203]: syntax error
   â”Œâ”€ :82:13
   â”‚
82 â”‚             }
   â”‚             ^
   â”‚             â”‚
   â”‚             unexpected syntax token: "RBrace"
   â”‚             expected one of: "!", "(", "[", "_", "abort", "false", "float literal", "function call", "identifier", "if", "integer literal", "null", "raw string literal", "regex literal", "return", "string literal", "timestamp literal", "true", "{", "path literal"
   â”‚
   = see language documentation at https://vrl.dev
   = try your code in the VRL REPL, learn more at https://vrl.dev/examples

error[E203]: syntax error
   â”Œâ”€ :83:11
   â”‚
83 â”‚           }
   â”‚           ^
   â”‚           â”‚
   â”‚           unexpected syntax token: "RBrace"
   â”‚           expected one of: "!", "(", "[", "_", "abort", "false", "float literal", "function call", "identifier", "if", "integer literal", "null", "raw string literal", "regex literal", "return", "string literal", "timestamp literal", "true", "{", "path literal"
   â”‚
   = see language documentation at https://vrl.dev
   = try your code in the VRL REPL, learn more at https://vrl.dev/examples

error[E203]: syntax error
   â”Œâ”€ :84:9
   â”‚
84 â”‚         }
   â”‚         ^
   â”‚         â”‚
   â”‚         unexpected syntax token: "RBrace"
   â”‚         expected one of: "!", "(", "[", "_", "abort", "false", "float literal", "function call", "identifier", "if", "integer literal", "null", "raw string literal", "regex literal", "return", "string literal", "timestamp literal", "true", "{", "path literal"
   â”‚
   = see language documentation at https://vrl.dev
   = try your code in the VRL REPL, learn more at https://vrl.dev/examples

error[E203]: syntax error
   â”Œâ”€ :85:7
   â”‚
85 â”‚       }
   â”‚       ^
   â”‚       â”‚
   â”‚       unexpected syntax token: "RBrace"
   â”‚       expected one of: "!", "(", "[", "_", "abort", "false", "float literal", "function call", "identifier", "if", "integer literal", "null", "raw string literal", "regex literal", "return", "string literal", "timestamp literal", "true", "{", "path literal"
   â”‚
   = see language documentation at https://vrl.dev
   = try your code in the VRL REPL, learn more at https://vrl.dev/examples

error[E203]: syntax error
   â”Œâ”€ :86:5
   â”‚
86 â”‚     }
   â”‚     ^
   â”‚     â”‚
   â”‚     unexpected syntax token: "RBrace"
   â”‚     expected one of: "!", "(", "[", "_", "abort", "false", "float literal", "function call", "identifier", "if", "integer literal", "null", "raw string literal", "regex literal", "return", "string literal", "timestamp literal", "true", "{", "path literal"
   â”‚
   = see language documentation at https://vrl.dev
   = try your code in the VRL REPL, learn more at https://vrl.dev/examples

error[E203]: syntax error
    â”Œâ”€ :104:38
    â”‚
104 â”‚               port_part = last_colon[length(last_colon) - 1] ?? ""
    â”‚                                      ^^^^^^
    â”‚                                      â”‚
    â”‚                                      unexpected syntax token: "FunctionCall"
    â”‚                                      expected one of: "integer literal"
    â”‚
    = see language documentation at https://vrl.dev
    = try your code in the VRL REPL, learn more at https://vrl.dev/examples

error[E701]: call to undefined variable
    â”Œâ”€ :105:27
    â”‚
105 â”‚               .dst_port = port_part
    â”‚                           ^^^^^^^^^
    â”‚                           â”‚
    â”‚                           undefined variable
    â”‚                           did you mean "true"?
    â”‚
    = see language documentation at https://vrl.dev
    = try your code in the VRL REPL, learn more at https://vrl.dev/examples

error[E701]: call to undefined variable
    â”Œâ”€ :107:32
    â”‚
107 â”‚               ip_parts = slice(last_colon, 0, length(last_colon) - 1) ?? []
    â”‚                                ^^^^^^^^^^
    â”‚                                â”‚
    â”‚                                undefined variable
    â”‚                                did you mean "false"?
    â”‚
    = see language documentation at https://vrl.dev
    = try your code in the VRL REPL, learn more at https://vrl.dev/examples

error[E203]: syntax error
    â”Œâ”€ :109:13
    â”‚
109 â”‚             }
    â”‚             ^
    â”‚             â”‚
    â”‚             unexpected syntax token: "RBrace"
    â”‚             expected one of: "!", "(", "[", "_", "abort", "false", "float literal", "function call", "identifier", "if", "integer literal", "null", "raw string literal", "regex literal", "return", "string literal", "timestamp literal", "true", "{", "path literal"
    â”‚
    = see language documentation at https://vrl.dev
    = try your code in the VRL REPL, learn more at https://vrl.dev/examples

error[E203]: syntax error
    â”Œâ”€ :110:11
    â”‚
110 â”‚           }
    â”‚           ^
    â”‚           â”‚
    â”‚           unexpected syntax token: "RBrace"
    â”‚           expected one of: "!", "(", "[", "_", "abort", "false", "float literal", "function call", "identifier", "if", "integer literal", "null", "raw string literal", "regex literal", "return", "string literal", "timestamp literal", "true", "{", "path literal"
    â”‚
    = see language documentation at https://vrl.dev
    = try your code in the VRL REPL, learn more at https://vrl.dev/examples

error[E203]: syntax error
    â”Œâ”€ :111:9
    â”‚
111 â”‚         }
    â”‚         ^
    â”‚         â”‚
    â”‚         unexpected syntax token: "RBrace"
    â”‚         expected one of: "!", "(", "[", "_", "abort", "false", "float literal", "function call", "identifier", "if", "integer literal", "null", "raw string literal", "regex literal", "return", "string literal", "timestamp literal", "true", "{", "path literal"
    â”‚
    = see language documentation at https://vrl.dev
    = try your code in the VRL REPL, learn more at https://vrl.dev/examples

error[E203]: syntax error
    â”Œâ”€ :112:7
    â”‚
112 â”‚       }
    â”‚       ^
    â”‚       â”‚
    â”‚       unexpected syntax token: "RBrace"
    â”‚       expected one of: "!", "(", "[", "_", "abort", "false", "float literal", "function call", "identifier", "if", "integer literal", "null", "raw string literal", "regex literal", "return", "string literal", "timestamp literal", "true", "{", "path literal"
    â”‚
    = see language documentation at https://vrl.dev
    = try your code in the VRL REPL, learn more at https://vrl.dev/examples

error[E203]: syntax error
    â”Œâ”€ :113:5
    â”‚
113 â”‚     }
    â”‚     ^
    â”‚     â”‚
    â”‚     unexpected syntax token: "RBrace"
    â”‚     expected one of: "!", "(", "[", "_", "abort", "false", "float literal", "function call", "identifier", "if", "integer literal", "null", "raw string literal", "regex literal", "return", "string literal", "timestamp literal", "true", "{", "path literal"
    â”‚
    = see language documentation at https://vrl.dev
    = try your code in the VRL REPL, learn more at https://vrl.dev/examples

error[E701]: call to undefined variable
    â”Œâ”€ :116:17
    â”‚
116 â”‚     if contains(msg, " TCP ") {
    â”‚                 ^^^
    â”‚                 â”‚
    â”‚                 undefined variable
    â”‚                 did you mean "null"?
    â”‚
    = see language documentation at https://vrl.dev
    = try your code in the VRL REPL, learn more at https://vrl.dev/examples

error[E203]: syntax error
    â”Œâ”€ :126:3
    â”‚
126 â”‚   }
    â”‚   ^
    â”‚   â”‚
    â”‚   unexpected syntax token: "RBrace"
    â”‚   expected one of: "!", "(", "[", "_", "abort", "false", "float literal", "function call", "identifier", "if", "integer literal", "null", "raw string literal", "regex literal", "return", "string literal", "timestamp literal", "true", "{", "path literal"
    â”‚
    = see language documentation at https://vrl.dev
    = try your code in the VRL REPL, learn more at https://vrl.dev/examples

error[E203]: syntax error
    â”Œâ”€ :129:3
    â”‚
129 â”‚   else if contains(msg, "Deny ") {
    â”‚   ^^^^
    â”‚   â”‚
    â”‚   unexpected syntax token: "Else"
    â”‚   expected one of: "\n", "!", "(", "[", "_", "abort", "false", "float literal", "function call", "identifier", "if", "integer literal", "null", "raw string literal", "regex literal", "return", "string literal", "timestamp literal", "true", "{", "path literal"
    â”‚
    = see language documentation at https://vrl.dev
    = try your code in the VRL REPL, learn more at https://vrl.dev/examples

error[E701]: call to undefined variable
    â”Œâ”€ :134:24
    â”‚
134 â”‚     deny_parts = split(msg, "Deny ")
    â”‚                        ^^^
    â”‚                        â”‚
    â”‚                        undefined variable
    â”‚                        did you mean "null"?
    â”‚
    = see language documentation at https://vrl.dev
    = try your code in the VRL REPL, learn more at https://vrl.dev/examples

error[E701]: call to undefined variable
    â”Œâ”€ :142:17
    â”‚
142 â”‚     if contains(msg, " src ") {
    â”‚                 ^^^
    â”‚                 â”‚
    â”‚                 undefined variable
    â”‚                 did you mean "null"?
    â”‚
    = see language documentation at https://vrl.dev
    = try your code in the VRL REPL, learn more at https://vrl.dev/examples

error[E701]: call to undefined variable
    â”Œâ”€ :163:17
    â”‚
163 â”‚     if contains(msg, " dst ") {
    â”‚                 ^^^
    â”‚                 â”‚
    â”‚                 undefined variable
    â”‚                 did you mean "null"?
    â”‚
    = see language documentation at https://vrl.dev
    = try your code in the VRL REPL, learn more at https://vrl.dev/examples

error[E701]: call to undefined variable
    â”Œâ”€ :184:17
    â”‚
184 â”‚     if contains(msg, "access-group \"") {
    â”‚                 ^^^
    â”‚                 â”‚
    â”‚                 undefined variable
    â”‚                 did you mean "null"?
    â”‚
    = see language documentation at https://vrl.dev
    = try your code in the VRL REPL, learn more at https://vrl.dev/examples

error[E203]: syntax error
    â”Œâ”€ :192:3
    â”‚
192 â”‚   }
    â”‚   ^
    â”‚   â”‚
    â”‚   unexpected syntax token: "RBrace"
    â”‚   expected one of: "!", "(", "[", "_", "abort", "false", "float literal", "function call", "identifier", "if", "integer literal", "null", "raw string literal", "regex literal", "return", "string literal", "timestamp literal", "true", "{", "path literal"
    â”‚
    = see language documentation at https://vrl.dev
    = try your code in the VRL REPL, learn more at https://vrl.dev/examples

error[E203]: syntax error
    â”Œâ”€ :195:3
    â”‚
195 â”‚   else if contains(msg, "User '") && contains(msg, "' executed") {
    â”‚   ^^^^
    â”‚   â”‚
    â”‚   unexpected syntax token: "Else"
    â”‚   expected one of: "\n", "!", "(", "[", "_", "abort", "false", "float literal", "function call", "identifier", "if", "integer literal", "null", "raw string literal", "regex literal", "return", "string literal", "timestamp literal", "true", "{", "path literal"
    â”‚
    = see language documentation at https://vrl.dev
    = try your code in the VRL REPL, learn more at https://vrl.dev/examples

error[E701]: call to undefined variable
    â”Œâ”€ :199:24
    â”‚
199 â”‚     user_parts = split(msg, "User '")
    â”‚                        ^^^
    â”‚                        â”‚
    â”‚                        undefined variable
    â”‚                        did you mean "null"?
    â”‚
    = see language documentation at https://vrl.dev
    = try your code in the VRL REPL, learn more at https://vrl.dev/examples

error[E701]: call to undefined variable
    â”Œâ”€ :207:17
    â”‚
207 â”‚     if contains(msg, "executed the '") {
    â”‚                 ^^^
    â”‚                 â”‚
    â”‚                 undefined variable
    â”‚                 did you mean "null"?
    â”‚
    = see language documentation at https://vrl.dev
    = try your code in the VRL REPL, learn more at https://vrl.dev/examples

error[E203]: syntax error
    â”Œâ”€ :217:3
    â”‚
217 â”‚   }
    â”‚   ^
    â”‚   â”‚
    â”‚   unexpected syntax token: "RBrace"
    â”‚   expected one of: "!", "(", "[", "_", "abort", "false", "float literal", "function call", "identifier", "if", "integer literal", "null", "raw string literal", "regex literal", "return", "string literal", "timestamp literal", "true", "{", "path literal"
    â”‚
    = see language documentation at https://vrl.dev
    = try your code in the VRL REPL, learn more at https://vrl.dev/examples

error[E651]: unnecessary error coalescing operation
    â”Œâ”€ :223:17
    â”‚
223 â”‚       .action = string(syslog_data.action) ?? .action ?? null
    â”‚                 ^^^^^^^^^^^^^^^^^^^^^^^^^^^^^^^^^^^^^ -- ---- this expression never resolves
    â”‚                 â”‚                                     â”‚
    â”‚                 â”‚                                     remove this error coalescing operation
    â”‚                 this expression can't fail
    â”‚
    = see language documentation at https://vrl.dev
    = try your code in the VRL REPL, learn more at https://vrl.dev/examples

error[E651]: unnecessary error coalescing operation
    â”Œâ”€ :246:20
    â”‚
246 â”‚         date_str = date_parts[1] ?? ""
    â”‚                    ^^^^^^^^^^^^^ -- -- this expression never resolves
    â”‚                    â”‚             â”‚
    â”‚                    â”‚             remove this error coalescing operation
    â”‚                    this expression can't fail
    â”‚
    = see language documentation at https://vrl.dev
    = try your code in the VRL REPL, learn more at https://vrl.dev/examples

error[E203]: syntax error
    â”Œâ”€ :277:1
    â”‚
277 â”‚ }
    â”‚ ^
    â”‚ â”‚
    â”‚ unexpected syntax token: "RBrace"
    â”‚ expected one of: "!", "(", "[", "_", "abort", "false", "float literal", "function call", "identifier", "if", "integer literal", "null", "raw string literal", "regex literal", "return", "string literal", "timestamp literal", "true", "{", "path literal"
    â”‚
    = see language documentation at https://vrl.dev
    = try your code in the VRL REPL, learn more at https://vrl.dev/examples

2025-08-28T16:37:13.885133Z INFO     vrl_testing_loop_clean:_log_with_timestamp:1111 - âŒ LLM VRL iteration 1 failed PyVRL validation
2025-08-28T16:37:13.885326Z INFO     llm_iterative_session:iterate_with_feedback:713 - ğŸ”„ Iterating VRL generation (iteration 2)
2025-08-28T16:37:13.886048Z DEBUG    llm_iterative_session:_save_conversation:1214 - ğŸ’¾ Saved user message to .tmp/llm_sessions/llm_session_20250828_163614/iter2_user.txt
2025-08-28T16:37:13.886214Z DEBUG    llm_iterative_session:_call_llm:936 - Adding 1.4s delay for iteration 2 to avoid rate limits
2025-08-28T16:37:15.286469Z INFO     llm_iterative_session:_call_llm:939 - ğŸ“¤ Calling anthropic API
2025-08-28T16:37:15.287257Z DEBUG    llm_iterative_session:_call_llm:940 -    Prompt length: 829 chars
2025-08-28T16:38:20.895558Z INFO     llm_iterative_session:_call_llm:955 - ğŸ“¥ Response received in 65.6s (9733 chars)
2025-08-28T16:38:20.895963Z DEBUG    llm_iterative_session:_save_conversation:1214 - ğŸ’¾ Saved assistant message to .tmp/llm_sessions/llm_session_20250828_163614/iter2_assistant.txt
2025-08-28T16:38:20.896034Z INFO     vrl_testing_loop_clean:run_automated_llm_generation:1224 - Testing iteration 2
2025-08-28T16:38:20.896094Z INFO     vrl_testing_loop_clean:_log_with_timestamp:1111 - ============================================================
2025-08-28T16:38:20.896138Z INFO     vrl_testing_loop_clean:_log_with_timestamp:1111 - TESTING LLM-GENERATED VRL (Iteration 2)
2025-08-28T16:38:20.896179Z INFO     vrl_testing_loop_clean:_log_with_timestamp:1111 - ============================================================
2025-08-28T16:38:20.896223Z INFO     vrl_testing_loop_clean:_log_with_timestamp:1111 - 
1. TESTING WITH PyVRL
2025-08-28T16:38:20.896261Z INFO     vrl_testing_loop_clean:_log_with_timestamp:1111 - ----------------------------------------
2025-08-28T16:38:20.898624Z ERROR    vrl_testing_loop_clean:test_with_pyvrl:311 - âœ— PyVRL validation failed: 
error[E203]: syntax error
   â”Œâ”€ :88:40
   â”‚
88 â”‚                 .src_port = last_colon[port_idx] ?? ""
   â”‚                                        ^^^^^^^^
   â”‚                                        â”‚
   â”‚                                        unexpected syntax token: "Identifier"
   â”‚                                        expected one of: "integer literal"
   â”‚
   = see language documentation at https://vrl.dev
   = try your code in the VRL REPL, learn more at https://vrl.dev/examples

error[E203]: syntax error
   â”Œâ”€ :89:15
   â”‚
89 â”‚               }
   â”‚               ^
   â”‚               â”‚
   â”‚               unexpected syntax token: "RBrace"
   â”‚               expected one of: "!", "(", "[", "_", "abort", "false", "float literal", "function call", "identifier", "if", "integer literal", "null", "raw string literal", "regex literal", "return", "string literal", "timestamp literal", "true", "{", "path literal"
   â”‚
   = see language documentation at https://vrl.dev
   = try your code in the VRL REPL, learn more at https://vrl.dev/examples

error[E701]: call to undefined variable
   â”Œâ”€ :91:32
   â”‚
91 â”‚               ip_parts = slice(last_colon, 0, port_idx) ?? []
   â”‚                                ^^^^^^^^^^
   â”‚                                â”‚
   â”‚                                undefined variable
   â”‚                                did you mean "false"?
   â”‚
   = see language documentation at https://vrl.dev
   = try your code in the VRL REPL, learn more at https://vrl.dev/examples

error[E203]: syntax error
   â”Œâ”€ :93:13
   â”‚
93 â”‚             }
   â”‚             ^
   â”‚             â”‚
   â”‚             unexpected syntax token: "RBrace"
   â”‚             expected one of: "!", "(", "[", "_", "abort", "false", "float literal", "function call", "identifier", "if", "integer literal", "null", "raw string literal", "regex literal", "return", "string literal", "timestamp literal", "true", "{", "path literal"
   â”‚
   = see language documentation at https://vrl.dev
   = try your code in the VRL REPL, learn more at https://vrl.dev/examples

error[E203]: syntax error
   â”Œâ”€ :94:11
   â”‚
94 â”‚           }
   â”‚           ^
   â”‚           â”‚
   â”‚           unexpected syntax token: "RBrace"
   â”‚           expected one of: "!", "(", "[", "_", "abort", "false", "float literal", "function call", "identifier", "if", "integer literal", "null", "raw string literal", "regex literal", "return", "string literal", "timestamp literal", "true", "{", "path literal"
   â”‚
   = see language documentation at https://vrl.dev
   = try your code in the VRL REPL, learn more at https://vrl.dev/examples

error[E203]: syntax error
   â”Œâ”€ :95:9
   â”‚
95 â”‚         }
   â”‚         ^
   â”‚         â”‚
   â”‚         unexpected syntax token: "RBrace"
   â”‚         expected one of: "!", "(", "[", "_", "abort", "false", "float literal", "function call", "identifier", "if", "integer literal", "null", "raw string literal", "regex literal", "return", "string literal", "timestamp literal", "true", "{", "path literal"
   â”‚
   = see language documentation at https://vrl.dev
   = try your code in the VRL REPL, learn more at https://vrl.dev/examples

error[E203]: syntax error
   â”Œâ”€ :96:7
   â”‚
96 â”‚       }
   â”‚       ^
   â”‚       â”‚
   â”‚       unexpected syntax token: "RBrace"
   â”‚       expected one of: "!", "(", "[", "_", "abort", "false", "float literal", "function call", "identifier", "if", "integer literal", "null", "raw string literal", "regex literal", "return", "string literal", "timestamp literal", "true", "{", "path literal"
   â”‚
   = see language documentation at https://vrl.dev
   = try your code in the VRL REPL, learn more at https://vrl.dev/examples

error[E203]: syntax error
   â”Œâ”€ :97:5
   â”‚
97 â”‚     }
   â”‚     ^
   â”‚     â”‚
   â”‚     unexpected syntax token: "RBrace"
   â”‚     expected one of: "!", "(", "[", "_", "abort", "false", "float literal", "function call", "identifier", "if", "integer literal", "null", "raw string literal", "regex literal", "return", "string literal", "timestamp literal", "true", "{", "path literal"
   â”‚
   = see language documentation at https://vrl.dev
   = try your code in the VRL REPL, learn more at https://vrl.dev/examples

error[E203]: syntax error
    â”Œâ”€ :120:40
    â”‚
120 â”‚                 .dst_port = last_colon[port_idx] ?? ""
    â”‚                                        ^^^^^^^^
    â”‚                                        â”‚
    â”‚                                        unexpected syntax token: "Identifier"
    â”‚                                        expected one of: "integer literal"
    â”‚
    = see language documentation at https://vrl.dev
    = try your code in the VRL REPL, learn more at https://vrl.dev/examples

error[E203]: syntax error
    â”Œâ”€ :121:15
    â”‚
121 â”‚               }
    â”‚               ^
    â”‚               â”‚
    â”‚               unexpected syntax token: "RBrace"
    â”‚               expected one of: "!", "(", "[", "_", "abort", "false", "float literal", "function call", "identifier", "if", "integer literal", "null", "raw string literal", "regex literal", "return", "string literal", "timestamp literal", "true", "{", "path literal"
    â”‚
    = see language documentation at https://vrl.dev
    = try your code in the VRL REPL, learn more at https://vrl.dev/examples

error[E701]: call to undefined variable
    â”Œâ”€ :123:32
    â”‚
123 â”‚               ip_parts = slice(last_colon, 0, port_idx) ?? []
    â”‚                                ^^^^^^^^^^
    â”‚                                â”‚
    â”‚                                undefined variable
    â”‚                                did you mean "false"?
    â”‚
    = see language documentation at https://vrl.dev
    = try your code in the VRL REPL, learn more at https://vrl.dev/examples

error[E203]: syntax error
    â”Œâ”€ :125:13
    â”‚
125 â”‚             }
    â”‚             ^
    â”‚             â”‚
    â”‚             unexpected syntax token: "RBrace"
    â”‚             expected one of: "!", "(", "[", "_", "abort", "false", "float literal", "function call", "identifier", "if", "integer literal", "null", "raw string literal", "regex literal", "return", "string literal", "timestamp literal", "true", "{", "path literal"
    â”‚
    = see language documentation at https://vrl.dev
    = try your code in the VRL REPL, learn more at https://vrl.dev/examples

error[E203]: syntax error
    â”Œâ”€ :126:11
    â”‚
126 â”‚           }
    â”‚           ^
    â”‚           â”‚
    â”‚           unexpected syntax token: "RBrace"
    â”‚           expected one of: "!", "(", "[", "_", "abort", "false", "float literal", "function call", "identifier", "if", "integer literal", "null", "raw string literal", "regex literal", "return", "string literal", "timestamp literal", "true", "{", "path literal"
    â”‚
    = see language documentation at https://vrl.dev
    = try your code in the VRL REPL, learn more at https://vrl.dev/examples

error[E203]: syntax error
    â”Œâ”€ :127:9
    â”‚
127 â”‚         }
    â”‚         ^
    â”‚         â”‚
    â”‚         unexpected syntax token: "RBrace"
    â”‚         expected one of: "!", "(", "[", "_", "abort", "false", "float literal", "function call", "identifier", "if", "integer literal", "null", "raw string literal", "regex literal", "return", "string literal", "timestamp literal", "true", "{", "path literal"
    â”‚
    = see language documentation at https://vrl.dev
    = try your code in the VRL REPL, learn more at https://vrl.dev/examples

error[E203]: syntax error
    â”Œâ”€ :128:7
    â”‚
128 â”‚       }
    â”‚       ^
    â”‚       â”‚
    â”‚       unexpected syntax token: "RBrace"
    â”‚       expected one of: "!", "(", "[", "_", "abort", "false", "float literal", "function call", "identifier", "if", "integer literal", "null", "raw string literal", "regex literal", "return", "string literal", "timestamp literal", "true", "{", "path literal"
    â”‚
    = see language documentation at https://vrl.dev
    = try your code in the VRL REPL, learn more at https://vrl.dev/examples

error[E203]: syntax error
    â”Œâ”€ :129:5
    â”‚
129 â”‚     }
    â”‚     ^
    â”‚     â”‚
    â”‚     unexpected syntax token: "RBrace"
    â”‚     expected one of: "!", "(", "[", "_", "abort", "false", "float literal", "function call", "identifier", "if", "integer literal", "null", "raw string literal", "regex literal", "return", "string literal", "timestamp literal", "true", "{", "path literal"
    â”‚
    = see language documentation at https://vrl.dev
    = try your code in the VRL REPL, learn more at https://vrl.dev/examples

error[E701]: call to undefined variable
    â”Œâ”€ :132:17
    â”‚
132 â”‚     if contains(msg, " TCP ") {
    â”‚                 ^^^
    â”‚                 â”‚
    â”‚                 undefined variable
    â”‚                 did you mean "null"?
    â”‚
    = see language documentation at https://vrl.dev
    = try your code in the VRL REPL, learn more at https://vrl.dev/examples

error[E203]: syntax error
    â”Œâ”€ :142:3
    â”‚
142 â”‚   }
    â”‚   ^
    â”‚   â”‚
    â”‚   unexpected syntax token: "RBrace"
    â”‚   expected one of: "!", "(", "[", "_", "abort", "false", "float literal", "function call", "identifier", "if", "integer literal", "null", "raw string literal", "regex literal", "return", "string literal", "timestamp literal", "true", "{", "path literal"
    â”‚
    = see language documentation at https://vrl.dev
    = try your code in the VRL REPL, learn more at https://vrl.dev/examples

error[E203]: syntax error
    â”Œâ”€ :145:3
    â”‚
145 â”‚   else if contains(msg, "Deny ") {
    â”‚   ^^^^
    â”‚   â”‚
    â”‚   unexpected syntax token: "Else"
    â”‚   expected one of: "\n", "!", "(", "[", "_", "abort", "false", "float literal", "function call", "identifier", "if", "integer literal", "null", "raw string literal", "regex literal", "return", "string literal", "timestamp literal", "true", "{", "path literal"
    â”‚
    = see language documentation at https://vrl.dev
    = try your code in the VRL REPL, learn more at https://vrl.dev/examples

error[E701]: call to undefined variable
    â”Œâ”€ :150:24
    â”‚
150 â”‚     deny_parts = split(msg, "Deny ")
    â”‚                        ^^^
    â”‚                        â”‚
    â”‚                        undefined variable
    â”‚                        did you mean "null"?
    â”‚
    = see language documentation at https://vrl.dev
    = try your code in the VRL REPL, learn more at https://vrl.dev/examples

error[E701]: call to undefined variable
    â”Œâ”€ :159:17
    â”‚
159 â”‚     if contains(msg, " src ") {
    â”‚                 ^^^
    â”‚                 â”‚
    â”‚                 undefined variable
    â”‚                 did you mean "null"?
    â”‚
    = see language documentation at https://vrl.dev
    = try your code in the VRL REPL, learn more at https://vrl.dev/examples

error[E701]: call to undefined variable
    â”Œâ”€ :183:17
    â”‚
183 â”‚     if contains(msg, " dst ") {
    â”‚                 ^^^
    â”‚                 â”‚
    â”‚                 undefined variable
    â”‚                 did you mean "null"?
    â”‚
    = see language documentation at https://vrl.dev
    = try your code in the VRL REPL, learn more at https://vrl.dev/examples

error[E701]: call to undefined variable
    â”Œâ”€ :207:17
    â”‚
207 â”‚     if contains(msg, "access-group \"") {
    â”‚                 ^^^
    â”‚                 â”‚
    â”‚                 undefined variable
    â”‚                 did you mean "null"?
    â”‚
    = see language documentation at https://vrl.dev
    = try your code in the VRL REPL, learn more at https://vrl.dev/examples

error[E203]: syntax error
    â”Œâ”€ :216:3
    â”‚
216 â”‚   }
    â”‚   ^
    â”‚   â”‚
    â”‚   unexpected syntax token: "RBrace"
    â”‚   expected one of: "!", "(", "[", "_", "abort", "false", "float literal", "function call", "identifier", "if", "integer literal", "null", "raw string literal", "regex literal", "return", "string literal", "timestamp literal", "true", "{", "path literal"
    â”‚
    = see language documentation at https://vrl.dev
    = try your code in the VRL REPL, learn more at https://vrl.dev/examples

error[E203]: syntax error
    â”Œâ”€ :219:3
    â”‚
219 â”‚   else if contains(msg, "User '") && contains(msg, "' executed") {
    â”‚   ^^^^
    â”‚   â”‚
    â”‚   unexpected syntax token: "Else"
    â”‚   expected one of: "\n", "!", "(", "[", "_", "abort", "false", "float literal", "function call", "identifier", "if", "integer literal", "null", "raw string literal", "regex literal", "return", "string literal", "timestamp literal", "true", "{", "path literal"
    â”‚
    = see language documentation at https://vrl.dev
    = try your code in the VRL REPL, learn more at https://vrl.dev/examples

error[E701]: call to undefined variable
    â”Œâ”€ :223:24
    â”‚
223 â”‚     user_parts = split(msg, "User '")
    â”‚                        ^^^
    â”‚                        â”‚
    â”‚                        undefined variable
    â”‚                        did you mean "null"?
    â”‚
    = see language documentation at https://vrl.dev
    = try your code in the VRL REPL, learn more at https://vrl.dev/examples

error[E701]: call to undefined variable
    â”Œâ”€ :232:17
    â”‚
232 â”‚     if contains(msg, "executed the '") {
    â”‚                 ^^^
    â”‚                 â”‚
    â”‚                 undefined variable
    â”‚                 did you mean "null"?
    â”‚
    = see language documentation at https://vrl.dev
    = try your code in the VRL REPL, learn more at https://vrl.dev/examples

error[E203]: syntax error
    â”Œâ”€ :243:3
    â”‚
243 â”‚   }
    â”‚   ^
    â”‚   â”‚
    â”‚   unexpected syntax token: "RBrace"
    â”‚   expected one of: "!", "(", "[", "_", "abort", "false", "float literal", "function call", "identifier", "if", "integer literal", "null", "raw string literal", "regex literal", "return", "string literal", "timestamp literal", "true", "{", "path literal"
    â”‚
    = see language documentation at https://vrl.dev
    = try your code in the VRL REPL, learn more at https://vrl.dev/examples

error[E651]: unnecessary error coalescing operation
    â”Œâ”€ :249:17
    â”‚
249 â”‚       .action = string(syslog_data.action) ?? .action ?? null
    â”‚                 ^^^^^^^^^^^^^^^^^^^^^^^^^^^^^^^^^^^^^ -- ---- this expression never resolves
    â”‚                 â”‚                                     â”‚
    â”‚                 â”‚                                     remove this error coalescing operation
    â”‚                 this expression can't fail
    â”‚
    = see language documentation at https://vrl.dev
    = try your code in the VRL REPL, learn more at https://vrl.dev/examples

error[E651]: unnecessary error coalescing operation
    â”Œâ”€ :273:20
    â”‚
273 â”‚         date_str = date_parts[1] ?? ""
    â”‚                    ^^^^^^^^^^^^^ -- -- this expression never resolves
    â”‚                    â”‚             â”‚
    â”‚                    â”‚             remove this error coalescing operation
    â”‚                    this expression can't fail
    â”‚
    = see language documentation at https://vrl.dev
    = try your code in the VRL REPL, learn more at https://vrl.dev/examples

error[E203]: syntax error
    â”Œâ”€ :304:1
    â”‚
304 â”‚ }
    â”‚ ^
    â”‚ â”‚
    â”‚ unexpected syntax token: "RBrace"
    â”‚ expected one of: "!", "(", "[", "_", "abort", "false", "float literal", "function call", "identifier", "if", "integer literal", "null", "raw string literal", "regex literal", "return", "string literal", "timestamp literal", "true", "{", "path literal"
    â”‚
    = see language documentation at https://vrl.dev
    = try your code in the VRL REPL, learn more at https://vrl.dev/examples

2025-08-28T16:38:20.898788Z INFO     vrl_testing_loop_clean:_log_with_timestamp:1111 - âŒ LLM VRL iteration 2 failed PyVRL validation
2025-08-28T16:38:20.898851Z INFO     llm_iterative_session:iterate_with_feedback:713 - ğŸ”„ Iterating VRL generation (iteration 3)
2025-08-28T16:38:20.899072Z DEBUG    llm_iterative_session:_save_conversation:1214 - ğŸ’¾ Saved user message to .tmp/llm_sessions/llm_session_20250828_163614/iter3_user.txt
2025-08-28T16:38:20.899127Z DEBUG    llm_iterative_session:_call_llm:936 - Adding 1.6s delay for iteration 3 to avoid rate limits
2025-08-28T16:38:22.499429Z INFO     llm_iterative_session:_call_llm:939 - ğŸ“¤ Calling anthropic API
2025-08-28T16:38:22.499712Z DEBUG    llm_iterative_session:_call_llm:940 -    Prompt length: 829 chars
