2025-08-28T18:16:32.290006Z INFO     vrl_testing_loop_clean:_setup_logging:152 - VRL Testing Pipeline logging initialized
2025-08-28T18:16:32.290305Z INFO     vrl_testing_loop_clean:_setup_logging:153 - Log file: logs/vrl_pipeline_20250828_181632.log
2025-08-28T18:16:32.290385Z INFO     vrl_testing_loop_clean:_setup_logging:154 - Sample file: samples/large/apache-real.ndjson
2025-08-28T18:16:32.290429Z INFO     vrl_testing_loop_clean:_setup_logging:155 - Output directory: samples-parsed
2025-08-28T18:16:32.290468Z INFO     vrl_testing_loop_clean:_setup_logging:156 - External configs: external
2025-08-28T18:16:32.290507Z INFO     vrl_testing_loop_clean:_setup_logging:157 - Loaded configs: ['vector_vrl_prompt', 'parser_prompts', 'type_maps']
2025-08-28T18:16:33.557241Z INFO     vrl_testing_loop_clean:__init__:113 - Benchmarking local CPU performance...
2025-08-28T18:16:33.564836Z INFO     vrl_testing_loop_clean:__init__:115 - CPU benchmark multiplier: 10.00x
2025-08-28T18:16:33.565425Z INFO     vrl_testing_loop_clean:__init__:118 - Measuring Vector CLI startup time...
2025-08-28T18:16:34.069292Z INFO     vrl_testing_loop_clean:__init__:120 - Vector startup time: 0.50s
2025-08-28T18:16:34.071286Z INFO     vrl_testing_loop_clean:_log_external_configs_summary:1067 - ğŸ“‹ EXTERNAL CONFIGS SUMMARY (K8s deployed):
2025-08-28T18:16:34.071846Z INFO     vrl_testing_loop_clean:_log_external_configs_summary:1074 -    ğŸ¯ vector-vrl-system.md: v1.3.0...
2025-08-28T18:16:34.074412Z INFO     vrl_testing_loop_clean:_log_external_configs_summary:1075 -       Contains: Performance tiers, string ops, Vector 0.49.0 config
2025-08-28T18:16:34.076081Z INFO     vrl_testing_loop_clean:_log_external_configs_summary:1079 -    ğŸ”§ parser-system-prompts.md: 10690 chars of project overrides
2025-08-28T18:16:34.077667Z INFO     vrl_testing_loop_clean:_log_external_configs_summary:1085 -    ğŸ“Š type_maps.csv: 24 field mappings for product evolution
2025-08-28T18:16:34.078004Z INFO     vrl_testing_loop_clean:_log_external_configs_summary:1087 -    ğŸ’¡ These configs are retained for persistent LLM context
2025-08-28T18:16:34.082294Z INFO     __main__:test_with_metrics:154 - ğŸš€ Starting VRL generation with full optimization suite...
2025-08-28T18:16:35.171489Z INFO     vrl_testing_loop_clean:run_automated_llm_generation:1201 - ğŸ¤– Starting automated LLM VRL generation
2025-08-28T18:16:35.171801Z INFO     vrl_testing_loop_clean:run_automated_llm_generation:1202 - Provider: anthropic, Max iterations: 10
2025-08-28T18:16:35.182778Z INFO     vrl_testing_loop_clean:run_automated_llm_generation:1210 - ğŸ”§ Optimizing samples with pre-tokenizer...
2025-08-28T18:16:35.221966Z INFO     pre_tokenizer.enhanced_optimizer:smart_sample_selection:132 - Found 1 distinct patterns in 56482 samples
2025-08-28T18:16:35.495938Z SUCCESS  pre_tokenizer.enhanced_optimizer:smart_sample_selection:172 - Selected 3 samples covering 1 patterns
2025-08-28T18:16:35.650763Z INFO     pre_tokenizer.pre_tokenizer:__init__:41 - Initialized PreTokenizer for claude-3-opus-20240229 with 30,000 max tokens
2025-08-28T18:16:35.651463Z INFO     pre_tokenizer.pre_tokenizer:optimize_samples:101 - Optimizing 3 samples for 30,000 tokens
2025-08-28T18:16:35.652063Z INFO     pre_tokenizer.pre_tokenizer:optimize_samples:116 - Reduced to 3 unique samples from 3
2025-08-28T18:16:35.652152Z INFO     pre_tokenizer.pre_tokenizer:optimize_samples:117 - Pattern distribution: {'error': 2}
2025-08-28T18:16:35.654774Z SUCCESS  pre_tokenizer.pre_tokenizer:optimize_samples:190 - Selected 3 samples using 1,778 tokens
2025-08-28T18:16:35.655118Z INFO     pre_tokenizer.pre_tokenizer:optimize_samples:191 - Pattern coverage: 100.0%
2025-08-28T18:16:35.655442Z INFO     vrl_testing_loop_clean:run_automated_llm_generation:1241 - ğŸ“Š Sample optimization: 56482 â†’ 3 samples
2025-08-28T18:16:35.655707Z INFO     vrl_testing_loop_clean:run_automated_llm_generation:1242 - ğŸ“Š Token usage: 1,778 tokens
2025-08-28T18:16:35.655938Z INFO     vrl_testing_loop_clean:run_automated_llm_generation:1243 - ğŸ“Š Pattern coverage: 100.0%
2025-08-28T18:16:35.694158Z INFO     llm_iterative_session:_init_anthropic:433 - ğŸ” Auto-detecting latest Anthropic model...
2025-08-28T18:16:35.694616Z INFO     llm_iterative_session:_detect_best_anthropic_model:140 - ğŸ” Querying Anthropic API for available models...
2025-08-28T18:16:36.007785Z INFO     llm_iterative_session:_detect_best_anthropic_model:166 - Available Anthropic models: ['claude-opus-4-1-20250805', 'claude-opus-4-20250514', 'claude-sonnet-4-20250514', 'claude-3-7-sonnet-20250219', 'claude-3-5-sonnet-20241022']...
2025-08-28T18:16:36.008003Z INFO     llm_iterative_session:_detect_best_anthropic_model:187 - âœ… Selected best Opus model: claude-opus-4-1-20250805
2025-08-28T18:16:36.009023Z INFO     llm_iterative_session:_init_anthropic:435 - ğŸ¯ Selected model: claude-opus-4-1-20250805
2025-08-28T18:16:36.349574Z INFO     llm_iterative_session:__init__:124 - ğŸ¤– Iterative LLM Session initialized
2025-08-28T18:16:36.350237Z INFO     llm_iterative_session:__init__:125 -    Provider: anthropic
2025-08-28T18:16:36.350422Z INFO     llm_iterative_session:__init__:126 -    Model: claude-opus-4-1-20250805
2025-08-28T18:16:36.350594Z INFO     llm_iterative_session:__init__:127 -    Session: llm_session_20250828_181635
2025-08-28T18:16:36.350734Z INFO     llm_iterative_session:__init__:131 - ğŸ“Š Model Capabilities:
2025-08-28T18:16:36.350796Z INFO     llm_iterative_session:__init__:132 -    Context Window: 200,000 tokens
2025-08-28T18:16:36.350835Z INFO     llm_iterative_session:__init__:133 -    Max Input: 200,000 tokens
2025-08-28T18:16:36.350872Z INFO     llm_iterative_session:__init__:134 -    Max Output: 4,096 tokens
2025-08-28T18:16:36.350910Z INFO     llm_iterative_session:__init__:136 -    Cost: $0.000015/input, $0.000075/output per token
2025-08-28T18:16:36.351099Z INFO     vrl_testing_loop_clean:run_automated_llm_generation:1249 - ğŸ’° Cost tracking: $0.000015/input token, $0.000075/output token
2025-08-28T18:16:36.351167Z INFO     llm_iterative_session:generate_initial_vrl:679 - ğŸš€ Starting VRL generation session (iteration 1)
2025-08-28T18:16:36.353958Z INFO     prompt_optimizer:_optimize_initial_configs:82 - Compressed vector_vrl_prompt: 19919 â†’ 18026 chars (9.5% reduction)
2025-08-28T18:16:36.354428Z INFO     prompt_optimizer:_optimize_initial_configs:101 - Compressed parser_prompts: 10690 â†’ 1988 chars (81.4% reduction)
2025-08-28T18:16:36.354549Z INFO     prompt_optimizer:_optimize_initial_configs:133 - Compressed type_maps: 2877 â†’ 2749 chars (4.4% reduction)
2025-08-28T18:16:36.355218Z DEBUG    llm_iterative_session:_save_conversation:1297 - ğŸ’¾ Saved user message to .tmp/llm_sessions/llm_session_20250828_181635/iter1_user.txt
2025-08-28T18:16:36.355293Z INFO     llm_iterative_session:_call_llm:1022 - ğŸ“¤ Calling anthropic API
2025-08-28T18:16:36.355358Z DEBUG    llm_iterative_session:_call_llm:1023 -    Prompt length: 30288 chars
2025-08-28T18:17:23.345140Z INFO     llm_iterative_session:_call_llm:1038 - ğŸ“¥ Response received in 47.0s (5955 chars)
2025-08-28T18:17:23.345702Z DEBUG    llm_iterative_session:_save_conversation:1297 - ğŸ’¾ Saved assistant message to .tmp/llm_sessions/llm_session_20250828_181635/iter1_assistant.txt
2025-08-28T18:17:23.345791Z INFO     vrl_testing_loop_clean:run_automated_llm_generation:1263 - Testing iteration 1
2025-08-28T18:17:23.345871Z INFO     __main__:tracked_run:117 - ğŸ“ Iteration 1
2025-08-28T18:17:23.345978Z INFO     vrl_testing_loop_clean:_log_with_timestamp:1111 - ============================================================
2025-08-28T18:17:23.346048Z INFO     vrl_testing_loop_clean:_log_with_timestamp:1111 - TESTING LLM-GENERATED VRL (Iteration 1)
2025-08-28T18:17:23.346114Z INFO     vrl_testing_loop_clean:_log_with_timestamp:1111 - ============================================================
2025-08-28T18:17:23.346192Z INFO     vrl_testing_loop_clean:_log_with_timestamp:1111 - 
1. TESTING WITH PyVRL
2025-08-28T18:17:23.346257Z INFO     vrl_testing_loop_clean:_log_with_timestamp:1111 - ----------------------------------------
2025-08-28T18:17:23.353775Z ERROR    vrl_testing_loop_clean:test_with_pyvrl:311 - âœ— PyVRL validation failed: 
error[E203]: syntax error
   â”Œâ”€ :91:39
   â”‚
91 â”‚           .apache.message = msg_parts[parts_len - 1]
   â”‚                                       ^^^^^^^^^
   â”‚                                       â”‚
   â”‚                                       unexpected syntax token: "Identifier"
   â”‚                                       expected one of: "integer literal"
   â”‚
   = see language documentation at https://vrl.dev
   = try your code in the VRL REPL, learn more at https://vrl.dev/examples

error[E203]: syntax error
   â”Œâ”€ :92:9
   â”‚
92 â”‚         }
   â”‚         ^
   â”‚         â”‚
   â”‚         unexpected syntax token: "RBrace"
   â”‚         expected one of: "!", "(", "[", "_", "abort", "false", "float literal", "function call", "identifier", "if", "integer literal", "null", "raw string literal", "regex literal", "return", "string literal", "timestamp literal", "true", "{", "path literal"
   â”‚
   = see language documentation at https://vrl.dev
   = try your code in the VRL REPL, learn more at https://vrl.dev/examples

error[E203]: syntax error
   â”Œâ”€ :93:7
   â”‚
93 â”‚       }
   â”‚       ^
   â”‚       â”‚
   â”‚       unexpected syntax token: "RBrace"
   â”‚       expected one of: "!", "(", "[", "_", "abort", "false", "float literal", "function call", "identifier", "if", "integer literal", "null", "raw string literal", "regex literal", "return", "string literal", "timestamp literal", "true", "{", "path literal"
   â”‚
   = see language documentation at https://vrl.dev
   = try your code in the VRL REPL, learn more at https://vrl.dev/examples

error[E203]: syntax error
   â”Œâ”€ :94:5
   â”‚
94 â”‚     }
   â”‚     ^
   â”‚     â”‚
   â”‚     unexpected syntax token: "RBrace"
   â”‚     expected one of: "!", "(", "[", "_", "abort", "false", "float literal", "function call", "identifier", "if", "integer literal", "null", "raw string literal", "regex literal", "return", "string literal", "timestamp literal", "true", "{", "path literal"
   â”‚
   = see language documentation at https://vrl.dev
   = try your code in the VRL REPL, learn more at https://vrl.dev/examples

error[E110]: fallible predicate
    â”Œâ”€ :105:23
    â”‚
105 â”‚           if contains(code_section, ".") {
    â”‚                       ^^^^^^^^^^^^
    â”‚                       â”‚
    â”‚                       this expression resolves to one of string or null
    â”‚                       but the parameter "value" expects the exact type string
    â”‚
    = try: ensuring an appropriate type at runtime
    =
    =     code_section = string!(code_section)
    =     contains(code_section, ".")
    =
    = try: coercing to an appropriate type and specifying a default value as a fallback in case coercion fails
    =
    =     code_section = to_string(code_section) ?? "default"
    =     contains(code_section, ".")
    =
    = see documentation about error handling at https://errors.vrl.dev/#handling
    = learn more about error code 110 at https://errors.vrl.dev/110
    = see language documentation at https://vrl.dev
    = try your code in the VRL REPL, learn more at https://vrl.dev/examples

error[E110]: fallible predicate
    â”Œâ”€ :134:21
    â”‚
134 â”‚         if contains(host_section, "\"") {
    â”‚                     ^^^^^^^^^^^^
    â”‚                     â”‚
    â”‚                     this expression resolves to one of string or null
    â”‚                     but the parameter "value" expects the exact type string
    â”‚
    = try: ensuring an appropriate type at runtime
    =
    =     host_section = string!(host_section)
    =     contains(host_section, """)
    =
    = try: coercing to an appropriate type and specifying a default value as a fallback in case coercion fails
    =
    =     host_section = to_string(host_section) ?? "default"
    =     contains(host_section, """)
    =
    = see documentation about error handling at https://errors.vrl.dev/#handling
    = learn more about error code 110 at https://errors.vrl.dev/110
    = see language documentation at https://vrl.dev
    = try your code in the VRL REPL, learn more at https://vrl.dev/examples

error[E110]: fallible predicate
    â”Œâ”€ :148:21
    â”‚
148 â”‚         if contains(uri_section, "\"") {
    â”‚                     ^^^^^^^^^^^
    â”‚                     â”‚
    â”‚                     this expression resolves to one of string or null
    â”‚                     but the parameter "value" expects the exact type string
    â”‚
    = try: ensuring an appropriate type at runtime
    =
    =     uri_section = string!(uri_section)
    =     contains(uri_section, """)
    =
    = try: coercing to an appropriate type and specifying a default value as a fallback in case coercion fails
    =
    =     uri_section = to_string(uri_section) ?? "default"
    =     contains(uri_section, """)
    =
    = see documentation about error handling at https://errors.vrl.dev/#handling
    = learn more about error code 110 at https://errors.vrl.dev/110
    = see language documentation at https://vrl.dev
    = try your code in the VRL REPL, learn more at https://vrl.dev/examples

error[E203]: syntax error
    â”Œâ”€ :165:3
    â”‚
165 â”‚   } else {
    â”‚   ^
    â”‚   â”‚
    â”‚   unexpected syntax token: "RBrace"
    â”‚   expected one of: "!", "(", "[", "_", "abort", "false", "float literal", "function call", "identifier", "if", "integer literal", "null", "raw string literal", "regex literal", "return", "string literal", "timestamp literal", "true", "{", "path literal"
    â”‚
    = see language documentation at https://vrl.dev
    = try your code in the VRL REPL, learn more at https://vrl.dev/examples

error[E203]: syntax error
    â”Œâ”€ :168:3
    â”‚
168 â”‚   }
    â”‚   ^
    â”‚   â”‚
    â”‚   unexpected syntax token: "RBrace"
    â”‚   expected one of: "!", "(", "[", "_", "abort", "false", "float literal", "function call", "identifier", "if", "integer literal", "null", "raw string literal", "regex literal", "return", "string literal", "timestamp literal", "true", "{", "path literal"
    â”‚
    = see language documentation at https://vrl.dev
    = try your code in the VRL REPL, learn more at https://vrl.dev/examples

error[E203]: syntax error
    â”Œâ”€ :170:1
    â”‚
170 â”‚ } else {
    â”‚ ^
    â”‚ â”‚
    â”‚ unexpected syntax token: "RBrace"
    â”‚ expected one of: "!", "(", "[", "_", "abort", "false", "float literal", "function call", "identifier", "if", "integer literal", "null", "raw string literal", "regex literal", "return", "string literal", "timestamp literal", "true", "{", "path literal"
    â”‚
    = see language documentation at https://vrl.dev
    = try your code in the VRL REPL, learn more at https://vrl.dev/examples

error[E203]: syntax error
    â”Œâ”€ :173:1
    â”‚
173 â”‚ }
    â”‚ ^
    â”‚ â”‚
    â”‚ unexpected syntax token: "RBrace"
    â”‚ expected one of: "!", "(", "[", "_", "abort", "false", "float literal", "function call", "identifier", "if", "integer literal", "null", "raw string literal", "regex literal", "return", "string literal", "timestamp literal", "true", "{", "path literal"
    â”‚
    = see language documentation at https://vrl.dev
    = try your code in the VRL REPL, learn more at https://vrl.dev/examples

error[E620]: can't abort infallible function
    â”Œâ”€ :181:29
    â”‚
181 â”‚   .apache.module = downcase(string!(.apache.module))
    â”‚                             ^^^^^^- remove this abort-instruction
    â”‚                             â”‚
    â”‚                             this function can't fail
    â”‚
    = see documentation about error handling at https://errors.vrl.dev/#handling
    = see language documentation at https://vrl.dev
    = try your code in the VRL REPL, learn more at https://vrl.dev/examples

2025-08-28T18:17:23.354102Z INFO     vrl_testing_loop_clean:_log_with_timestamp:1111 - âŒ LLM VRL iteration 1 failed PyVRL validation
2025-08-28T18:17:23.355861Z INFO     error_batch_collector:collect_all_errors:46 - ğŸ“‹ Phase 1: PyVRL syntax validation
2025-08-28T18:17:23.356018Z INFO     error_batch_collector:collect_all_errors:52 - ğŸ“‹ Phase 2: Vector CLI validation
2025-08-28T18:17:23.369241Z INFO     error_batch_collector:collect_all_errors:75 - ğŸ“Š Collected 1 total errors
2025-08-28T18:17:23.369860Z INFO     error_batch_collector:collect_all_errors:79 -    other: 1 errors
2025-08-28T18:17:23.370021Z INFO     vrl_testing_loop_clean:run_automated_llm_generation:1331 - ğŸ“Š Collected 1 errors for batch fixing
2025-08-28T18:17:23.370109Z INFO     llm_iterative_session:iterate_with_feedback:713 - ğŸ”„ Iterating VRL generation (iteration 2)
2025-08-28T18:17:23.370440Z DEBUG    llm_iterative_session:_save_conversation:1297 - ğŸ’¾ Saved user message to .tmp/llm_sessions/llm_session_20250828_181635/iter2_user.txt
2025-08-28T18:17:23.370536Z DEBUG    llm_iterative_session:_call_llm:1019 - Adding 1.4s delay for iteration 2 to avoid rate limits
2025-08-28T18:17:24.770730Z INFO     llm_iterative_session:_call_llm:1022 - ğŸ“¤ Calling anthropic API
2025-08-28T18:17:24.771112Z DEBUG    llm_iterative_session:_call_llm:1023 -    Prompt length: 465 chars
2025-08-28T18:18:11.769935Z INFO     llm_iterative_session:_call_llm:1038 - ğŸ“¥ Response received in 47.0s (6276 chars)
2025-08-28T18:18:11.770615Z DEBUG    llm_iterative_session:_save_conversation:1297 - ğŸ’¾ Saved assistant message to .tmp/llm_sessions/llm_session_20250828_181635/iter2_assistant.txt
2025-08-28T18:18:11.770689Z INFO     vrl_testing_loop_clean:run_automated_llm_generation:1263 - Testing iteration 2
2025-08-28T18:18:11.770810Z INFO     __main__:tracked_run:117 - ğŸ“ Iteration 2
2025-08-28T18:18:11.770902Z INFO     vrl_testing_loop_clean:_log_with_timestamp:1111 - ============================================================
2025-08-28T18:18:11.771025Z INFO     vrl_testing_loop_clean:_log_with_timestamp:1111 - TESTING LLM-GENERATED VRL (Iteration 2)
2025-08-28T18:18:11.771099Z INFO     vrl_testing_loop_clean:_log_with_timestamp:1111 - ============================================================
2025-08-28T18:18:11.771215Z INFO     vrl_testing_loop_clean:_log_with_timestamp:1111 - 
1. TESTING WITH PyVRL
2025-08-28T18:18:11.771447Z INFO     vrl_testing_loop_clean:_log_with_timestamp:1111 - ----------------------------------------
2025-08-28T18:18:11.786598Z ERROR    vrl_testing_loop_clean:test_with_pyvrl:311 - âœ— PyVRL validation failed: 
error[E203]: syntax error
   â”Œâ”€ :97:43
   â”‚
97 â”‚               .apache.message = msg_parts[last_index]
   â”‚                                           ^^^^^^^^^^
   â”‚                                           â”‚
   â”‚                                           unexpected syntax token: "Identifier"
   â”‚                                           expected one of: "integer literal"
   â”‚
   = see language documentation at https://vrl.dev
   = try your code in the VRL REPL, learn more at https://vrl.dev/examples

error[E203]: syntax error
   â”Œâ”€ :98:13
   â”‚
98 â”‚             }
   â”‚             ^
   â”‚             â”‚
   â”‚             unexpected syntax token: "RBrace"
   â”‚             expected one of: "!", "(", "[", "_", "abort", "false", "float literal", "function call", "identifier", "if", "integer literal", "null", "raw string literal", "regex literal", "return", "string literal", "timestamp literal", "true", "{", "path literal"
   â”‚
   = see language documentation at https://vrl.dev
   = try your code in the VRL REPL, learn more at https://vrl.dev/examples

error[E203]: syntax error
   â”Œâ”€ :99:11
   â”‚
99 â”‚           }
   â”‚           ^
   â”‚           â”‚
   â”‚           unexpected syntax token: "RBrace"
   â”‚           expected one of: "!", "(", "[", "_", "abort", "false", "float literal", "function call", "identifier", "if", "integer literal", "null", "raw string literal", "regex literal", "return", "string literal", "timestamp literal", "true", "{", "path literal"
   â”‚
   = see language documentation at https://vrl.dev
   = try your code in the VRL REPL, learn more at https://vrl.dev/examples

error[E203]: syntax error
    â”Œâ”€ :100:9
    â”‚
100 â”‚         }
    â”‚         ^
    â”‚         â”‚
    â”‚         unexpected syntax token: "RBrace"
    â”‚         expected one of: "!", "(", "[", "_", "abort", "false", "float literal", "function call", "identifier", "if", "integer literal", "null", "raw string literal", "regex literal", "return", "string literal", "timestamp literal", "true", "{", "path literal"
    â”‚
    = see language documentation at https://vrl.dev
    = try your code in the VRL REPL, learn more at https://vrl.dev/examples

error[E203]: syntax error
    â”Œâ”€ :101:7
    â”‚
101 â”‚       }
    â”‚       ^
    â”‚       â”‚
    â”‚       unexpected syntax token: "RBrace"
    â”‚       expected one of: "!", "(", "[", "_", "abort", "false", "float literal", "function call", "identifier", "if", "integer literal", "null", "raw string literal", "regex literal", "return", "string literal", "timestamp literal", "true", "{", "path literal"
    â”‚
    = see language documentation at https://vrl.dev
    = try your code in the VRL REPL, learn more at https://vrl.dev/examples

error[E203]: syntax error
    â”Œâ”€ :102:5
    â”‚
102 â”‚     }
    â”‚     ^
    â”‚     â”‚
    â”‚     unexpected syntax token: "RBrace"
    â”‚     expected one of: "!", "(", "[", "_", "abort", "false", "float literal", "function call", "identifier", "if", "integer literal", "null", "raw string literal", "regex literal", "return", "string literal", "timestamp literal", "true", "{", "path literal"
    â”‚
    = see language documentation at https://vrl.dev
    = try your code in the VRL REPL, learn more at https://vrl.dev/examples

error[E110]: fallible predicate
    â”Œâ”€ :113:23
    â”‚
113 â”‚           if contains(code_section, ".") {
    â”‚                       ^^^^^^^^^^^^
    â”‚                       â”‚
    â”‚                       this expression resolves to one of string or null
    â”‚                       but the parameter "value" expects the exact type string
    â”‚
    = try: ensuring an appropriate type at runtime
    =
    =     code_section = string!(code_section)
    =     contains(code_section, ".")
    =
    = try: coercing to an appropriate type and specifying a default value as a fallback in case coercion fails
    =
    =     code_section = to_string(code_section) ?? "default"
    =     contains(code_section, ".")
    =
    = see documentation about error handling at https://errors.vrl.dev/#handling
    = learn more about error code 110 at https://errors.vrl.dev/110
    = see language documentation at https://vrl.dev
    = try your code in the VRL REPL, learn more at https://vrl.dev/examples

error[E110]: fallible predicate
    â”Œâ”€ :142:21
    â”‚
142 â”‚         if contains(host_section, "\"") {
    â”‚                     ^^^^^^^^^^^^
    â”‚                     â”‚
    â”‚                     this expression resolves to one of string or null
    â”‚                     but the parameter "value" expects the exact type string
    â”‚
    = try: ensuring an appropriate type at runtime
    =
    =     host_section = string!(host_section)
    =     contains(host_section, """)
    =
    = try: coercing to an appropriate type and specifying a default value as a fallback in case coercion fails
    =
    =     host_section = to_string(host_section) ?? "default"
    =     contains(host_section, """)
    =
    = see documentation about error handling at https://errors.vrl.dev/#handling
    = learn more about error code 110 at https://errors.vrl.dev/110
    = see language documentation at https://vrl.dev
    = try your code in the VRL REPL, learn more at https://vrl.dev/examples

error[E110]: fallible predicate
    â”Œâ”€ :156:21
    â”‚
156 â”‚         if contains(uri_section, "\"") {
    â”‚                     ^^^^^^^^^^^
    â”‚                     â”‚
    â”‚                     this expression resolves to one of string or null
    â”‚                     but the parameter "value" expects the exact type string
    â”‚
    = try: ensuring an appropriate type at runtime
    =
    =     uri_section = string!(uri_section)
    =     contains(uri_section, """)
    =
    = try: coercing to an appropriate type and specifying a default value as a fallback in case coercion fails
    =
    =     uri_section = to_string(uri_section) ?? "default"
    =     contains(uri_section, """)
    =
    = see documentation about error handling at https://errors.vrl.dev/#handling
    = learn more about error code 110 at https://errors.vrl.dev/110
    = see language documentation at https://vrl.dev
    = try your code in the VRL REPL, learn more at https://vrl.dev/examples

error[E203]: syntax error
    â”Œâ”€ :173:3
    â”‚
173 â”‚   } else {
    â”‚   ^
    â”‚   â”‚
    â”‚   unexpected syntax token: "RBrace"
    â”‚   expected one of: "!", "(", "[", "_", "abort", "false", "float literal", "function call", "identifier", "if", "integer literal", "null", "raw string literal", "regex literal", "return", "string literal", "timestamp literal", "true", "{", "path literal"
    â”‚
    = see language documentation at https://vrl.dev
    = try your code in the VRL REPL, learn more at https://vrl.dev/examples

error[E203]: syntax error
    â”Œâ”€ :176:3
    â”‚
176 â”‚   }
    â”‚   ^
    â”‚   â”‚
    â”‚   unexpected syntax token: "RBrace"
    â”‚   expected one of: "!", "(", "[", "_", "abort", "false", "float literal", "function call", "identifier", "if", "integer literal", "null", "raw string literal", "regex literal", "return", "string literal", "timestamp literal", "true", "{", "path literal"
    â”‚
    = see language documentation at https://vrl.dev
    = try your code in the VRL REPL, learn more at https://vrl.dev/examples

error[E203]: syntax error
    â”Œâ”€ :178:1
    â”‚
178 â”‚ } else {
    â”‚ ^
    â”‚ â”‚
    â”‚ unexpected syntax token: "RBrace"
    â”‚ expected one of: "!", "(", "[", "_", "abort", "false", "float literal", "function call", "identifier", "if", "integer literal", "null", "raw string literal", "regex literal", "return", "string literal", "timestamp literal", "true", "{", "path literal"
    â”‚
    = see language documentation at https://vrl.dev
    = try your code in the VRL REPL, learn more at https://vrl.dev/examples

error[E203]: syntax error
    â”Œâ”€ :181:1
    â”‚
181 â”‚ }
    â”‚ ^
    â”‚ â”‚
    â”‚ unexpected syntax token: "RBrace"
    â”‚ expected one of: "!", "(", "[", "_", "abort", "false", "float literal", "function call", "identifier", "if", "integer literal", "null", "raw string literal", "regex literal", "return", "string literal", "timestamp literal", "true", "{", "path literal"
    â”‚
    = see language documentation at https://vrl.dev
    = try your code in the VRL REPL, learn more at https://vrl.dev/examples

error[E620]: can't abort infallible function
    â”Œâ”€ :189:29
    â”‚
189 â”‚   .apache.module = downcase(string!(.apache.module))
    â”‚                             ^^^^^^- remove this abort-instruction
    â”‚                             â”‚
    â”‚                             this function can't fail
    â”‚
    = see documentation about error handling at https://errors.vrl.dev/#handling
    = see language documentation at https://vrl.dev
    = try your code in the VRL REPL, learn more at https://vrl.dev/examples

2025-08-28T18:18:11.787357Z INFO     vrl_testing_loop_clean:_log_with_timestamp:1111 - âŒ LLM VRL iteration 2 failed PyVRL validation
2025-08-28T18:18:11.788009Z INFO     error_batch_collector:collect_all_errors:46 - ğŸ“‹ Phase 1: PyVRL syntax validation
2025-08-28T18:18:11.788307Z INFO     error_batch_collector:collect_all_errors:52 - ğŸ“‹ Phase 2: Vector CLI validation
2025-08-28T18:18:11.815031Z INFO     error_batch_collector:collect_all_errors:75 - ğŸ“Š Collected 1 total errors
2025-08-28T18:18:11.815749Z INFO     error_batch_collector:collect_all_errors:79 -    other: 1 errors
2025-08-28T18:18:11.816147Z INFO     vrl_testing_loop_clean:run_automated_llm_generation:1331 - ğŸ“Š Collected 1 errors for batch fixing
2025-08-28T18:18:11.816493Z INFO     llm_iterative_session:iterate_with_feedback:713 - ğŸ”„ Iterating VRL generation (iteration 3)
2025-08-28T18:18:11.817252Z DEBUG    llm_iterative_session:_save_conversation:1297 - ğŸ’¾ Saved user message to .tmp/llm_sessions/llm_session_20250828_181635/iter3_user.txt
2025-08-28T18:18:11.817340Z DEBUG    llm_iterative_session:_call_llm:1019 - Adding 1.6s delay for iteration 3 to avoid rate limits
2025-08-28T18:18:13.417668Z INFO     llm_iterative_session:_call_llm:1022 - ğŸ“¤ Calling anthropic API
2025-08-28T18:18:13.418544Z DEBUG    llm_iterative_session:_call_llm:1023 -    Prompt length: 465 chars
2025-08-28T18:19:05.697317Z INFO     llm_iterative_session:_call_llm:1038 - ğŸ“¥ Response received in 52.3s (6624 chars)
2025-08-28T18:19:05.697787Z DEBUG    llm_iterative_session:_save_conversation:1297 - ğŸ’¾ Saved assistant message to .tmp/llm_sessions/llm_session_20250828_181635/iter3_assistant.txt
2025-08-28T18:19:05.697853Z INFO     vrl_testing_loop_clean:run_automated_llm_generation:1263 - Testing iteration 3
2025-08-28T18:19:05.697910Z INFO     __main__:tracked_run:117 - ğŸ“ Iteration 3
2025-08-28T18:19:05.698001Z INFO     vrl_testing_loop_clean:_log_with_timestamp:1111 - ============================================================
2025-08-28T18:19:05.698053Z INFO     vrl_testing_loop_clean:_log_with_timestamp:1111 - TESTING LLM-GENERATED VRL (Iteration 3)
2025-08-28T18:19:05.698101Z INFO     vrl_testing_loop_clean:_log_with_timestamp:1111 - ============================================================
2025-08-28T18:19:05.698155Z INFO     vrl_testing_loop_clean:_log_with_timestamp:1111 - 
1. TESTING WITH PyVRL
2025-08-28T18:19:05.698220Z INFO     vrl_testing_loop_clean:_log_with_timestamp:1111 - ----------------------------------------
2025-08-28T18:19:05.701223Z ERROR    vrl_testing_loop_clean:test_with_pyvrl:311 - âœ— PyVRL validation failed: 
error[E110]: fallible predicate
   â”Œâ”€ :40:19
   â”‚
40 â”‚       if contains(timestamp_part, "[") {
   â”‚                   ^^^^^^^^^^^^^^
   â”‚                   â”‚
   â”‚                   this expression resolves to one of string or null
   â”‚                   but the parameter "value" expects the exact type string
   â”‚
   = try: ensuring an appropriate type at runtime
   =
   =     timestamp_part = string!(timestamp_part)
   =     contains(timestamp_part, "[")
   =
   = try: coercing to an appropriate type and specifying a default value as a fallback in case coercion fails
   =
   =     timestamp_part = to_string(timestamp_part) ?? "default"
   =     contains(timestamp_part, "[")
   =
   = see documentation about error handling at https://errors.vrl.dev/#handling
   = learn more about error code 110 at https://errors.vrl.dev/110
   = see language documentation at https://vrl.dev
   = try your code in the VRL REPL, learn more at https://vrl.dev/examples

2025-08-28T18:19:05.701698Z INFO     vrl_testing_loop_clean:_log_with_timestamp:1111 - âŒ LLM VRL iteration 3 failed PyVRL validation
2025-08-28T18:19:05.702248Z INFO     error_batch_collector:collect_all_errors:46 - ğŸ“‹ Phase 1: PyVRL syntax validation
2025-08-28T18:19:05.702463Z INFO     error_batch_collector:collect_all_errors:52 - ğŸ“‹ Phase 2: Vector CLI validation
2025-08-28T18:19:05.727629Z INFO     error_batch_collector:collect_all_errors:75 - ğŸ“Š Collected 1 total errors
2025-08-28T18:19:05.727886Z INFO     error_batch_collector:collect_all_errors:79 -    other: 1 errors
2025-08-28T18:19:05.727971Z INFO     vrl_testing_loop_clean:run_automated_llm_generation:1331 - ğŸ“Š Collected 1 errors for batch fixing
2025-08-28T18:19:05.728027Z INFO     llm_iterative_session:iterate_with_feedback:713 - ğŸ”„ Iterating VRL generation (iteration 4)
2025-08-28T18:19:05.728381Z DEBUG    llm_iterative_session:_save_conversation:1297 - ğŸ’¾ Saved user message to .tmp/llm_sessions/llm_session_20250828_181635/iter4_user.txt
2025-08-28T18:19:05.728447Z DEBUG    llm_iterative_session:_call_llm:1019 - Adding 1.8s delay for iteration 4 to avoid rate limits
2025-08-28T18:19:07.528638Z INFO     llm_iterative_session:_call_llm:1022 - ğŸ“¤ Calling anthropic API
2025-08-28T18:19:07.529208Z DEBUG    llm_iterative_session:_call_llm:1023 -    Prompt length: 465 chars
2025-08-28T18:19:53.780655Z INFO     llm_iterative_session:_call_llm:1038 - ğŸ“¥ Response received in 46.3s (6685 chars)
2025-08-28T18:19:53.781616Z DEBUG    llm_iterative_session:_save_conversation:1297 - ğŸ’¾ Saved assistant message to .tmp/llm_sessions/llm_session_20250828_181635/iter4_assistant.txt
2025-08-28T18:19:53.781694Z INFO     vrl_testing_loop_clean:run_automated_llm_generation:1263 - Testing iteration 4
2025-08-28T18:19:53.781769Z INFO     __main__:tracked_run:117 - ğŸ“ Iteration 4
2025-08-28T18:19:53.781835Z INFO     vrl_testing_loop_clean:_log_with_timestamp:1111 - ============================================================
2025-08-28T18:19:53.781881Z INFO     vrl_testing_loop_clean:_log_with_timestamp:1111 - TESTING LLM-GENERATED VRL (Iteration 4)
2025-08-28T18:19:53.781944Z INFO     vrl_testing_loop_clean:_log_with_timestamp:1111 - ============================================================
2025-08-28T18:19:53.782007Z INFO     vrl_testing_loop_clean:_log_with_timestamp:1111 - 
1. TESTING WITH PyVRL
2025-08-28T18:19:53.782065Z INFO     vrl_testing_loop_clean:_log_with_timestamp:1111 - ----------------------------------------
2025-08-28T18:19:53.803427Z ERROR    vrl_testing_loop_clean:test_with_pyvrl:311 - âœ— PyVRL validation failed: remap failure: aborted
2025-08-28T18:19:53.803785Z INFO     vrl_testing_loop_clean:_log_with_timestamp:1111 - âŒ LLM VRL iteration 4 failed PyVRL validation
2025-08-28T18:19:53.803869Z INFO     error_batch_collector:collect_all_errors:46 - ğŸ“‹ Phase 1: PyVRL syntax validation
2025-08-28T18:19:53.803955Z INFO     error_batch_collector:collect_all_errors:52 - ğŸ“‹ Phase 2: Vector CLI validation
2025-08-28T18:19:53.814234Z INFO     error_batch_collector:collect_all_errors:75 - ğŸ“Š Collected 1 total errors
2025-08-28T18:19:53.814442Z INFO     error_batch_collector:collect_all_errors:79 -    other: 1 errors
2025-08-28T18:19:53.814513Z INFO     vrl_testing_loop_clean:run_automated_llm_generation:1331 - ğŸ“Š Collected 1 errors for batch fixing
2025-08-28T18:19:53.814581Z INFO     llm_iterative_session:iterate_with_feedback:713 - ğŸ”„ Iterating VRL generation (iteration 5)
2025-08-28T18:19:53.814828Z DEBUG    llm_iterative_session:_save_conversation:1297 - ğŸ’¾ Saved user message to .tmp/llm_sessions/llm_session_20250828_181635/iter5_user.txt
2025-08-28T18:19:53.814894Z DEBUG    llm_iterative_session:_call_llm:1019 - Adding 2.0s delay for iteration 5 to avoid rate limits
2025-08-28T18:19:55.815072Z INFO     llm_iterative_session:_call_llm:1022 - ğŸ“¤ Calling anthropic API
2025-08-28T18:19:55.815311Z DEBUG    llm_iterative_session:_call_llm:1023 -    Prompt length: 168 chars
2025-08-28T18:20:52.736097Z INFO     llm_iterative_session:_call_llm:1038 - ğŸ“¥ Response received in 56.9s (6715 chars)
2025-08-28T18:20:52.737158Z DEBUG    llm_iterative_session:_save_conversation:1297 - ğŸ’¾ Saved assistant message to .tmp/llm_sessions/llm_session_20250828_181635/iter5_assistant.txt
2025-08-28T18:20:52.738010Z INFO     vrl_testing_loop_clean:run_automated_llm_generation:1263 - Testing iteration 5
2025-08-28T18:20:52.738094Z INFO     __main__:tracked_run:117 - ğŸ“ Iteration 5
2025-08-28T18:20:52.738152Z INFO     vrl_testing_loop_clean:_log_with_timestamp:1111 - ============================================================
2025-08-28T18:20:52.738189Z INFO     vrl_testing_loop_clean:_log_with_timestamp:1111 - TESTING LLM-GENERATED VRL (Iteration 5)
2025-08-28T18:20:52.738222Z INFO     vrl_testing_loop_clean:_log_with_timestamp:1111 - ============================================================
2025-08-28T18:20:52.738262Z INFO     vrl_testing_loop_clean:_log_with_timestamp:1111 - 
1. TESTING WITH PyVRL
2025-08-28T18:20:52.738297Z INFO     vrl_testing_loop_clean:_log_with_timestamp:1111 - ----------------------------------------
2025-08-28T18:20:52.756627Z ERROR    vrl_testing_loop_clean:test_with_pyvrl:311 - âœ— PyVRL validation failed: remap failure: aborted
2025-08-28T18:20:52.757316Z INFO     vrl_testing_loop_clean:_log_with_timestamp:1111 - âŒ LLM VRL iteration 5 failed PyVRL validation
2025-08-28T18:20:52.757722Z INFO     error_batch_collector:collect_all_errors:46 - ğŸ“‹ Phase 1: PyVRL syntax validation
2025-08-28T18:20:52.758137Z INFO     error_batch_collector:collect_all_errors:52 - ğŸ“‹ Phase 2: Vector CLI validation
2025-08-28T18:20:52.769050Z INFO     error_batch_collector:collect_all_errors:75 - ğŸ“Š Collected 1 total errors
2025-08-28T18:20:52.769462Z INFO     error_batch_collector:collect_all_errors:79 -    other: 1 errors
2025-08-28T18:20:52.769545Z INFO     vrl_testing_loop_clean:run_automated_llm_generation:1331 - ğŸ“Š Collected 1 errors for batch fixing
2025-08-28T18:20:52.769599Z INFO     llm_iterative_session:iterate_with_feedback:713 - ğŸ”„ Iterating VRL generation (iteration 6)
2025-08-28T18:20:52.769794Z DEBUG    llm_iterative_session:_save_conversation:1297 - ğŸ’¾ Saved user message to .tmp/llm_sessions/llm_session_20250828_181635/iter6_user.txt
2025-08-28T18:20:52.769851Z DEBUG    llm_iterative_session:_call_llm:1019 - Adding 2.2s delay for iteration 6 to avoid rate limits
2025-08-28T18:20:54.970003Z INFO     llm_iterative_session:_call_llm:1022 - ğŸ“¤ Calling anthropic API
2025-08-28T18:20:54.970443Z DEBUG    llm_iterative_session:_call_llm:1023 -    Prompt length: 168 chars
