2025-08-28T19:36:21.775443Z INFO     vrl_testing_loop_clean:_setup_logging:152 - VRL Testing Pipeline logging initialized
2025-08-28T19:36:21.777966Z INFO     vrl_testing_loop_clean:_setup_logging:153 - Log file: logs/vrl_pipeline_20250828_193621.log
2025-08-28T19:36:21.778118Z INFO     vrl_testing_loop_clean:_setup_logging:154 - Sample file: samples/large/ssh-real.ndjson
2025-08-28T19:36:21.778193Z INFO     vrl_testing_loop_clean:_setup_logging:155 - Output directory: samples-parsed
2025-08-28T19:36:21.778342Z INFO     vrl_testing_loop_clean:_setup_logging:156 - External configs: external
2025-08-28T19:36:21.778524Z INFO     vrl_testing_loop_clean:_setup_logging:157 - Loaded configs: ['vector_vrl_prompt', 'parser_prompts', 'type_maps']
2025-08-28T19:36:38.143669Z INFO     vrl_testing_loop_clean:__init__:113 - Benchmarking local CPU performance...
2025-08-28T19:36:38.148563Z INFO     vrl_testing_loop_clean:__init__:115 - CPU benchmark multiplier: 10.00x
2025-08-28T19:36:38.148935Z INFO     vrl_testing_loop_clean:__init__:118 - Measuring Vector CLI startup time...
2025-08-28T19:36:38.653000Z INFO     vrl_testing_loop_clean:__init__:120 - Vector startup time: 0.50s
2025-08-28T19:36:38.653376Z INFO     vrl_testing_loop_clean:_log_external_configs_summary:1067 - ğŸ“‹ EXTERNAL CONFIGS SUMMARY (K8s deployed):
2025-08-28T19:36:38.653504Z INFO     vrl_testing_loop_clean:_log_external_configs_summary:1074 -    ğŸ¯ vector-vrl-system.md: v1.3.0...
2025-08-28T19:36:38.653561Z INFO     vrl_testing_loop_clean:_log_external_configs_summary:1075 -       Contains: Performance tiers, string ops, Vector 0.49.0 config
2025-08-28T19:36:38.653606Z INFO     vrl_testing_loop_clean:_log_external_configs_summary:1079 -    ğŸ”§ parser-system-prompts.md: 10690 chars of project overrides
2025-08-28T19:36:38.653663Z INFO     vrl_testing_loop_clean:_log_external_configs_summary:1085 -    ğŸ“Š type_maps.csv: 24 field mappings for product evolution
2025-08-28T19:36:38.653712Z INFO     vrl_testing_loop_clean:_log_external_configs_summary:1087 -    ğŸ’¡ These configs are retained for persistent LLM context
2025-08-28T19:36:39.260013Z INFO     vrl_testing_loop_clean:run_automated_llm_generation:1201 - ğŸ¤– Starting automated LLM VRL generation
2025-08-28T19:36:39.260185Z INFO     vrl_testing_loop_clean:run_automated_llm_generation:1202 - Provider: anthropic, Max iterations: 10
2025-08-28T19:36:39.260248Z INFO     vrl_testing_loop_clean:run_automated_llm_generation:1204 - Model override: claude-opus
2025-08-28T19:36:39.275053Z INFO     vrl_testing_loop_clean:run_automated_llm_generation:1210 - ğŸ”§ Optimizing samples with pre-tokenizer...
2025-08-28T19:36:39.841927Z INFO     pre_tokenizer.enhanced_optimizer:smart_sample_selection:132 - Found 1 distinct patterns in 655147 samples
2025-08-28T19:36:48.217094Z SUCCESS  pre_tokenizer.enhanced_optimizer:smart_sample_selection:172 - Selected 3 samples covering 1 patterns
2025-08-28T19:36:48.399384Z INFO     pre_tokenizer.pre_tokenizer:__init__:41 - Initialized PreTokenizer for claude-3-opus-20240229 with 30,000 max tokens
2025-08-28T19:36:48.399610Z INFO     pre_tokenizer.pre_tokenizer:optimize_samples:101 - Optimizing 3 samples for 30,000 tokens
2025-08-28T19:36:48.400029Z INFO     pre_tokenizer.pre_tokenizer:optimize_samples:116 - Reduced to 3 unique samples from 3
2025-08-28T19:36:48.400108Z INFO     pre_tokenizer.pre_tokenizer:optimize_samples:117 - Pattern distribution: {'auth': 1}
2025-08-28T19:36:48.401574Z SUCCESS  pre_tokenizer.pre_tokenizer:optimize_samples:190 - Selected 3 samples using 1,770 tokens
2025-08-28T19:36:48.401652Z INFO     pre_tokenizer.pre_tokenizer:optimize_samples:191 - Pattern coverage: 100.0%
2025-08-28T19:36:48.401701Z INFO     vrl_testing_loop_clean:run_automated_llm_generation:1241 - ğŸ“Š Sample optimization: 655147 â†’ 3 samples
2025-08-28T19:36:48.401748Z INFO     vrl_testing_loop_clean:run_automated_llm_generation:1242 - ğŸ“Š Token usage: 1,770 tokens
2025-08-28T19:36:48.401794Z INFO     vrl_testing_loop_clean:run_automated_llm_generation:1243 - ğŸ“Š Pattern coverage: 100.0%
2025-08-28T19:36:48.436766Z INFO     llm_iterative_session:_init_anthropic:431 - Using specified Anthropic model: claude-opus
2025-08-28T19:36:48.786794Z INFO     llm_iterative_session:__init__:124 - ğŸ¤– Iterative LLM Session initialized
2025-08-28T19:36:48.787825Z INFO     llm_iterative_session:__init__:125 -    Provider: anthropic
2025-08-28T19:36:48.787911Z INFO     llm_iterative_session:__init__:126 -    Model: claude-opus
2025-08-28T19:36:48.787997Z INFO     llm_iterative_session:__init__:127 -    Session: llm_session_20250828_193648
2025-08-28T19:36:48.788059Z INFO     llm_iterative_session:__init__:131 - ğŸ“Š Model Capabilities:
2025-08-28T19:36:48.788129Z INFO     llm_iterative_session:__init__:132 -    Context Window: 200,000 tokens
2025-08-28T19:36:48.788185Z INFO     llm_iterative_session:__init__:133 -    Max Input: 200,000 tokens
2025-08-28T19:36:48.788251Z INFO     llm_iterative_session:__init__:134 -    Max Output: 4,096 tokens
2025-08-28T19:36:48.788328Z INFO     llm_iterative_session:__init__:136 -    Cost: $0.000015/input, $0.000075/output per token
2025-08-28T19:36:48.788419Z INFO     vrl_testing_loop_clean:run_automated_llm_generation:1249 - ğŸ’° Cost tracking: $0.000015/input token, $0.000075/output token
2025-08-28T19:36:48.788523Z INFO     llm_iterative_session:generate_initial_vrl:679 - ğŸš€ Starting VRL generation session (iteration 1)
2025-08-28T19:36:48.790805Z INFO     prompt_optimizer:_optimize_initial_configs:82 - Compressed vector_vrl_prompt: 20935 â†’ 18968 chars (9.4% reduction)
2025-08-28T19:36:48.791236Z INFO     prompt_optimizer:_optimize_initial_configs:101 - Compressed parser_prompts: 10690 â†’ 1988 chars (81.4% reduction)
2025-08-28T19:36:48.791404Z INFO     prompt_optimizer:_optimize_initial_configs:133 - Compressed type_maps: 2877 â†’ 2749 chars (4.4% reduction)
2025-08-28T19:36:48.792275Z DEBUG    llm_iterative_session:_save_conversation:1297 - ğŸ’¾ Saved user message to .tmp/llm_sessions/llm_session_20250828_193648/iter1_user.txt
2025-08-28T19:36:48.792403Z INFO     llm_iterative_session:_call_llm:1022 - ğŸ“¤ Calling anthropic API
2025-08-28T19:36:48.792543Z DEBUG    llm_iterative_session:_call_llm:1023 -    Prompt length: 31037 chars
2025-08-28T19:36:49.101851Z DEBUG    llm_iterative_session:_call_anthropic:1168 - Model claude-opus failed: Error code: 404 - {'type': 'error', 'error': {'type': 'not_found_error', 'message': 'model: claude-opus'}, 'request_id': 'req_011CSZt7wm45eZLY4A8Jr2Jd'}
2025-08-28T19:37:00.067236Z WARNING  llm_iterative_session:_call_anthropic:1156 - Fell back from claude-opus to claude-3-5-sonnet-20240620
2025-08-28T19:37:00.068086Z INFO     llm_iterative_session:_call_llm:1038 - ğŸ“¥ Response received in 11.3s (2191 chars)
2025-08-28T19:37:00.068840Z DEBUG    llm_iterative_session:_save_conversation:1297 - ğŸ’¾ Saved assistant message to .tmp/llm_sessions/llm_session_20250828_193648/iter1_assistant.txt
2025-08-28T19:37:00.068955Z INFO     vrl_testing_loop_clean:run_automated_llm_generation:1263 - Testing iteration 1
2025-08-28T19:37:00.069222Z INFO     vrl_testing_loop_clean:_log_with_timestamp:1111 - ============================================================
2025-08-28T19:37:00.069440Z INFO     vrl_testing_loop_clean:_log_with_timestamp:1111 - TESTING LLM-GENERATED VRL (Iteration 1)
2025-08-28T19:37:00.069663Z INFO     vrl_testing_loop_clean:_log_with_timestamp:1111 - ============================================================
2025-08-28T19:37:00.069946Z INFO     vrl_testing_loop_clean:_log_with_timestamp:1111 - 
1. TESTING WITH PyVRL
2025-08-28T19:37:00.070207Z INFO     vrl_testing_loop_clean:_log_with_timestamp:1111 - ----------------------------------------
2025-08-28T19:37:00.072464Z ERROR    vrl_testing_loop_clean:test_with_pyvrl:311 - âœ— PyVRL validation failed: 
error[E651]: unnecessary error coalescing operation
   â”Œâ”€ :12:27
   â”‚
12 â”‚       .parsed_timestamp = parse_timestamp!(timestamp_str, "%b %d %Y %H:%M:%S") ?? null
   â”‚                           ^^^^^^^^^^^^^^^^^^^^^^^^^^^^^^^^^^^^^^^^^^^^^^^^^^^^ -- ---- this expression never resolves
   â”‚                           â”‚                                                    â”‚
   â”‚                           â”‚                                                    remove this error coalescing operation
   â”‚                           this expression can't fail
   â”‚
   = see language documentation at https://vrl.dev
   = try your code in the VRL REPL, learn more at https://vrl.dev/examples

2025-08-28T19:37:00.072585Z INFO     vrl_testing_loop_clean:_log_with_timestamp:1111 - âŒ LLM VRL iteration 1 failed PyVRL validation
2025-08-28T19:37:00.073210Z INFO     error_batch_collector:collect_all_errors:46 - ğŸ“‹ Phase 1: PyVRL syntax validation
2025-08-28T19:37:00.073304Z INFO     error_batch_collector:collect_all_errors:52 - ğŸ“‹ Phase 2: Vector CLI validation
2025-08-28T19:37:00.101782Z INFO     error_batch_collector:collect_all_errors:75 - ğŸ“Š Collected 1 total errors
2025-08-28T19:37:00.102092Z INFO     error_batch_collector:collect_all_errors:79 -    other: 1 errors
2025-08-28T19:37:00.102181Z INFO     vrl_testing_loop_clean:run_automated_llm_generation:1347 - ğŸ“Š Collected 1 errors for batch fixing
2025-08-28T19:37:00.102246Z INFO     llm_iterative_session:iterate_with_feedback:713 - ğŸ”„ Iterating VRL generation (iteration 2)
2025-08-28T19:37:00.102575Z DEBUG    llm_iterative_session:_save_conversation:1297 - ğŸ’¾ Saved user message to .tmp/llm_sessions/llm_session_20250828_193648/iter2_user.txt
2025-08-28T19:37:00.102644Z DEBUG    llm_iterative_session:_call_llm:1019 - Adding 1.4s delay for iteration 2 to avoid rate limits
2025-08-28T19:37:01.502899Z INFO     llm_iterative_session:_call_llm:1022 - ğŸ“¤ Calling anthropic API
2025-08-28T19:37:01.504181Z DEBUG    llm_iterative_session:_call_llm:1023 -    Prompt length: 168 chars
2025-08-28T19:37:12.077548Z INFO     llm_iterative_session:_call_llm:1038 - ğŸ“¥ Response received in 10.6s (2683 chars)
2025-08-28T19:37:12.079241Z DEBUG    llm_iterative_session:_save_conversation:1297 - ğŸ’¾ Saved assistant message to .tmp/llm_sessions/llm_session_20250828_193648/iter2_assistant.txt
2025-08-28T19:37:12.079343Z INFO     vrl_testing_loop_clean:run_automated_llm_generation:1263 - Testing iteration 2
2025-08-28T19:37:12.079412Z INFO     vrl_testing_loop_clean:_log_with_timestamp:1111 - ============================================================
2025-08-28T19:37:12.079458Z INFO     vrl_testing_loop_clean:_log_with_timestamp:1111 - TESTING LLM-GENERATED VRL (Iteration 2)
2025-08-28T19:37:12.079508Z INFO     vrl_testing_loop_clean:_log_with_timestamp:1111 - ============================================================
2025-08-28T19:37:12.079574Z INFO     vrl_testing_loop_clean:_log_with_timestamp:1111 - 
1. TESTING WITH PyVRL
2025-08-28T19:37:12.079630Z INFO     vrl_testing_loop_clean:_log_with_timestamp:1111 - ----------------------------------------
2025-08-28T19:37:12.085984Z ERROR    vrl_testing_loop_clean:test_with_pyvrl:311 - âœ— PyVRL validation failed: 
error[E651]: unnecessary error coalescing operation
   â”Œâ”€ :12:27
   â”‚
12 â”‚       .parsed_timestamp = parse_timestamp!(timestamp_str, "%b %d %Y %H:%M:%S") ?? null
   â”‚                           ^^^^^^^^^^^^^^^^^^^^^^^^^^^^^^^^^^^^^^^^^^^^^^^^^^^^ -- ---- this expression never resolves
   â”‚                           â”‚                                                    â”‚
   â”‚                           â”‚                                                    remove this error coalescing operation
   â”‚                           this expression can't fail
   â”‚
   = see language documentation at https://vrl.dev
   = try your code in the VRL REPL, learn more at https://vrl.dev/examples

error[E103]: unhandled fallible assignment
   â”Œâ”€ :68:19
   â”‚
68 â”‚   .ssh.username = downcase(.ssh.username)
   â”‚   --------------- ^^^^^^^^^^^^^^^^^^^^^^^
   â”‚   â”‚               â”‚
   â”‚   â”‚               this expression is fallible because at least one argument's type cannot be verified to be valid
   â”‚   â”‚               update the expression to be infallible by adding a `!`: `downcase!(.ssh.username)`
   â”‚   â”‚               `.ssh.username` argument type is `any` and this function expected a parameter `value` of type `string`
   â”‚   or change this to an infallible assignment:
   â”‚   .ssh.username, err = downcase(.ssh.username)
   â”‚
   = see documentation about error handling at https://errors.vrl.dev/#handling
   = see functions characteristics documentation at https://vrl.dev/expressions/#function-call-characteristics
   = learn more about error code 103 at https://errors.vrl.dev/103
   = see language documentation at https://vrl.dev
   = try your code in the VRL REPL, learn more at https://vrl.dev/examples

error[E103]: unhandled fallible assignment
   â”Œâ”€ :71:20
   â”‚
71 â”‚   .ssh.source_ip = downcase(.ssh.source_ip)
   â”‚   ---------------- ^^^^^^^^^^^^^^^^^^^^^^^^
   â”‚   â”‚                â”‚
   â”‚   â”‚                this expression is fallible because at least one argument's type cannot be verified to be valid
   â”‚   â”‚                update the expression to be infallible by adding a `!`: `downcase!(.ssh.source_ip)`
   â”‚   â”‚                `.ssh.source_ip` argument type is `any` and this function expected a parameter `value` of type `string`
   â”‚   or change this to an infallible assignment:
   â”‚   .ssh.source_ip, err = downcase(.ssh.source_ip)
   â”‚
   = see documentation about error handling at https://errors.vrl.dev/#handling
   = see functions characteristics documentation at https://vrl.dev/expressions/#function-call-characteristics
   = learn more about error code 103 at https://errors.vrl.dev/103
   = see language documentation at https://vrl.dev
   = try your code in the VRL REPL, learn more at https://vrl.dev/examples

error[E103]: unhandled fallible assignment
   â”Œâ”€ :74:16
   â”‚
74 â”‚   .ssh.event = downcase(.ssh.event)
   â”‚   ------------ ^^^^^^^^^^^^^^^^^^^^
   â”‚   â”‚            â”‚
   â”‚   â”‚            this expression is fallible because at least one argument's type cannot be verified to be valid
   â”‚   â”‚            update the expression to be infallible by adding a `!`: `downcase!(.ssh.event)`
   â”‚   â”‚            `.ssh.event` argument type is `any` and this function expected a parameter `value` of type `string`
   â”‚   or change this to an infallible assignment:
   â”‚   .ssh.event, err = downcase(.ssh.event)
   â”‚
   = see documentation about error handling at https://errors.vrl.dev/#handling
   = see functions characteristics documentation at https://vrl.dev/expressions/#function-call-characteristics
   = learn more about error code 103 at https://errors.vrl.dev/103
   = see language documentation at https://vrl.dev
   = try your code in the VRL REPL, learn more at https://vrl.dev/examples

2025-08-28T19:37:12.086122Z INFO     vrl_testing_loop_clean:_log_with_timestamp:1111 - âŒ LLM VRL iteration 2 failed PyVRL validation
2025-08-28T19:37:12.086200Z INFO     error_batch_collector:collect_all_errors:46 - ğŸ“‹ Phase 1: PyVRL syntax validation
2025-08-28T19:37:12.086255Z INFO     error_batch_collector:collect_all_errors:52 - ğŸ“‹ Phase 2: Vector CLI validation
2025-08-28T19:37:12.098558Z INFO     error_batch_collector:collect_all_errors:75 - ğŸ“Š Collected 1 total errors
2025-08-28T19:37:12.098832Z INFO     error_batch_collector:collect_all_errors:79 -    other: 1 errors
2025-08-28T19:37:12.098910Z INFO     vrl_testing_loop_clean:run_automated_llm_generation:1347 - ğŸ“Š Collected 1 errors for batch fixing
2025-08-28T19:37:12.098990Z INFO     llm_iterative_session:iterate_with_feedback:713 - ğŸ”„ Iterating VRL generation (iteration 3)
2025-08-28T19:37:12.099290Z DEBUG    llm_iterative_session:_save_conversation:1297 - ğŸ’¾ Saved user message to .tmp/llm_sessions/llm_session_20250828_193648/iter3_user.txt
2025-08-28T19:37:12.099356Z DEBUG    llm_iterative_session:_call_llm:1019 - Adding 1.6s delay for iteration 3 to avoid rate limits
2025-08-28T19:37:13.699509Z INFO     llm_iterative_session:_call_llm:1022 - ğŸ“¤ Calling anthropic API
2025-08-28T19:37:13.699756Z DEBUG    llm_iterative_session:_call_llm:1023 -    Prompt length: 465 chars
2025-08-28T19:37:24.321512Z INFO     llm_iterative_session:_call_llm:1038 - ğŸ“¥ Response received in 10.6s (2789 chars)
2025-08-28T19:37:24.323091Z DEBUG    llm_iterative_session:_save_conversation:1297 - ğŸ’¾ Saved assistant message to .tmp/llm_sessions/llm_session_20250828_193648/iter3_assistant.txt
2025-08-28T19:37:24.323512Z INFO     vrl_testing_loop_clean:run_automated_llm_generation:1263 - Testing iteration 3
2025-08-28T19:37:24.323837Z INFO     vrl_testing_loop_clean:_log_with_timestamp:1111 - ============================================================
2025-08-28T19:37:24.324206Z INFO     vrl_testing_loop_clean:_log_with_timestamp:1111 - TESTING LLM-GENERATED VRL (Iteration 3)
2025-08-28T19:37:24.324582Z INFO     vrl_testing_loop_clean:_log_with_timestamp:1111 - ============================================================
2025-08-28T19:37:24.325002Z INFO     vrl_testing_loop_clean:_log_with_timestamp:1111 - 
1. TESTING WITH PyVRL
2025-08-28T19:37:24.325462Z INFO     vrl_testing_loop_clean:_log_with_timestamp:1111 - ----------------------------------------
2025-08-28T19:37:24.347124Z ERROR    vrl_testing_loop_clean:test_with_pyvrl:311 - âœ— PyVRL validation failed: 
error[E103]: unhandled fallible assignment
   â”Œâ”€ :23:19
   â”‚
23 â”‚       pid_parts = split(ssh_parts[1], "]:")
   â”‚       ----------- ^^^^^^^^^^^^^^^^^^^^^^^^^
   â”‚       â”‚           â”‚
   â”‚       â”‚           this expression is fallible because at least one argument's type cannot be verified to be valid
   â”‚       â”‚           update the expression to be infallible by adding a `!`: `split!(ssh_parts[1], "]:")`
   â”‚       â”‚           `ssh_parts[1]` argument type is `string or undefined` and this function expected a parameter `value` of type `string`
   â”‚       or change this to an infallible assignment:
   â”‚       pid_parts, err = split(ssh_parts[1], "]:")
   â”‚
   = see documentation about error handling at https://errors.vrl.dev/#handling
   = see functions characteristics documentation at https://vrl.dev/expressions/#function-call-characteristics
   = learn more about error code 103 at https://errors.vrl.dev/103
   = see language documentation at https://vrl.dev
   = try your code in the VRL REPL, learn more at https://vrl.dev/examples

error[E103]: unhandled fallible assignment
   â”Œâ”€ :71:19
   â”‚
71 â”‚   .ssh.username = downcase(.ssh.username)
   â”‚   --------------- ^^^^^^^^^^^^^^^^^^^^^^^
   â”‚   â”‚               â”‚
   â”‚   â”‚               this expression is fallible because at least one argument's type cannot be verified to be valid
   â”‚   â”‚               update the expression to be infallible by adding a `!`: `downcase!(.ssh.username)`
   â”‚   â”‚               `.ssh.username` argument type is `any` and this function expected a parameter `value` of type `string`
   â”‚   or change this to an infallible assignment:
   â”‚   .ssh.username, err = downcase(.ssh.username)
   â”‚
   = see documentation about error handling at https://errors.vrl.dev/#handling
   = see functions characteristics documentation at https://vrl.dev/expressions/#function-call-characteristics
   = learn more about error code 103 at https://errors.vrl.dev/103
   = see language documentation at https://vrl.dev
   = try your code in the VRL REPL, learn more at https://vrl.dev/examples

error[E103]: unhandled fallible assignment
   â”Œâ”€ :74:20
   â”‚
74 â”‚   .ssh.source_ip = downcase(.ssh.source_ip)
   â”‚   ---------------- ^^^^^^^^^^^^^^^^^^^^^^^^
   â”‚   â”‚                â”‚
   â”‚   â”‚                this expression is fallible because at least one argument's type cannot be verified to be valid
   â”‚   â”‚                update the expression to be infallible by adding a `!`: `downcase!(.ssh.source_ip)`
   â”‚   â”‚                `.ssh.source_ip` argument type is `any` and this function expected a parameter `value` of type `string`
   â”‚   or change this to an infallible assignment:
   â”‚   .ssh.source_ip, err = downcase(.ssh.source_ip)
   â”‚
   = see documentation about error handling at https://errors.vrl.dev/#handling
   = see functions characteristics documentation at https://vrl.dev/expressions/#function-call-characteristics
   = learn more about error code 103 at https://errors.vrl.dev/103
   = see language documentation at https://vrl.dev
   = try your code in the VRL REPL, learn more at https://vrl.dev/examples

error[E103]: unhandled fallible assignment
   â”Œâ”€ :77:16
   â”‚
77 â”‚   .ssh.event = downcase(.ssh.event)
   â”‚   ------------ ^^^^^^^^^^^^^^^^^^^^
   â”‚   â”‚            â”‚
   â”‚   â”‚            this expression is fallible because at least one argument's type cannot be verified to be valid
   â”‚   â”‚            update the expression to be infallible by adding a `!`: `downcase!(.ssh.event)`
   â”‚   â”‚            `.ssh.event` argument type is `any` and this function expected a parameter `value` of type `string`
   â”‚   or change this to an infallible assignment:
   â”‚   .ssh.event, err = downcase(.ssh.event)
   â”‚
   = see documentation about error handling at https://errors.vrl.dev/#handling
   = see functions characteristics documentation at https://vrl.dev/expressions/#function-call-characteristics
   = learn more about error code 103 at https://errors.vrl.dev/103
   = see language documentation at https://vrl.dev
   = try your code in the VRL REPL, learn more at https://vrl.dev/examples

2025-08-28T19:37:24.348589Z INFO     vrl_testing_loop_clean:_log_with_timestamp:1111 - âŒ LLM VRL iteration 3 failed PyVRL validation
2025-08-28T19:37:24.349185Z INFO     error_batch_collector:collect_all_errors:46 - ğŸ“‹ Phase 1: PyVRL syntax validation
2025-08-28T19:37:24.349509Z INFO     error_batch_collector:collect_all_errors:52 - ğŸ“‹ Phase 2: Vector CLI validation
2025-08-28T19:37:24.361344Z INFO     error_batch_collector:collect_all_errors:75 - ğŸ“Š Collected 1 total errors
2025-08-28T19:37:24.361534Z INFO     error_batch_collector:collect_all_errors:79 -    other: 1 errors
2025-08-28T19:37:24.361655Z INFO     vrl_testing_loop_clean:run_automated_llm_generation:1347 - ğŸ“Š Collected 1 errors for batch fixing
2025-08-28T19:37:24.362501Z INFO     llm_iterative_session:iterate_with_feedback:713 - ğŸ”„ Iterating VRL generation (iteration 4)
2025-08-28T19:37:24.363783Z DEBUG    llm_iterative_session:_save_conversation:1297 - ğŸ’¾ Saved user message to .tmp/llm_sessions/llm_session_20250828_193648/iter4_user.txt
2025-08-28T19:37:24.363934Z DEBUG    llm_iterative_session:_call_llm:1019 - Adding 1.8s delay for iteration 4 to avoid rate limits
2025-08-28T19:37:26.164398Z INFO     llm_iterative_session:_call_llm:1022 - ğŸ“¤ Calling anthropic API
2025-08-28T19:37:26.165385Z DEBUG    llm_iterative_session:_call_llm:1023 -    Prompt length: 465 chars
2025-08-28T19:37:36.763771Z INFO     llm_iterative_session:_call_llm:1038 - ğŸ“¥ Response received in 10.6s (2800 chars)
2025-08-28T19:37:36.764578Z DEBUG    llm_iterative_session:_save_conversation:1297 - ğŸ’¾ Saved assistant message to .tmp/llm_sessions/llm_session_20250828_193648/iter4_assistant.txt
2025-08-28T19:37:36.764782Z INFO     vrl_testing_loop_clean:run_automated_llm_generation:1263 - Testing iteration 4
2025-08-28T19:37:36.765108Z INFO     vrl_testing_loop_clean:_log_with_timestamp:1111 - ============================================================
2025-08-28T19:37:36.765183Z INFO     vrl_testing_loop_clean:_log_with_timestamp:1111 - TESTING LLM-GENERATED VRL (Iteration 4)
2025-08-28T19:37:36.765343Z INFO     vrl_testing_loop_clean:_log_with_timestamp:1111 - ============================================================
2025-08-28T19:37:36.765417Z INFO     vrl_testing_loop_clean:_log_with_timestamp:1111 - 
1. TESTING WITH PyVRL
2025-08-28T19:37:36.765501Z INFO     vrl_testing_loop_clean:_log_with_timestamp:1111 - ----------------------------------------
2025-08-28T19:37:36.766968Z ERROR    vrl_testing_loop_clean:test_with_pyvrl:311 - âœ— PyVRL validation failed: 
error[E103]: unhandled fallible assignment
   â”Œâ”€ :24:19
   â”‚
24 â”‚       pid_parts = split(pid_and_rest, "]:")
   â”‚       ----------- ^^^^^^^^^^^^^^^^^^^^^^^^^
   â”‚       â”‚           â”‚
   â”‚       â”‚           this expression is fallible because at least one argument's type cannot be verified to be valid
   â”‚       â”‚           update the expression to be infallible by adding a `!`: `split!(pid_and_rest, "]:")`
   â”‚       â”‚           `pid_and_rest` argument type is `string or null` and this function expected a parameter `value` of type `string`
   â”‚       or change this to an infallible assignment:
   â”‚       pid_parts, err = split(pid_and_rest, "]:")
   â”‚
   = see documentation about error handling at https://errors.vrl.dev/#handling
   = see functions characteristics documentation at https://vrl.dev/expressions/#function-call-characteristics
   = learn more about error code 103 at https://errors.vrl.dev/103
   = see language documentation at https://vrl.dev
   = try your code in the VRL REPL, learn more at https://vrl.dev/examples

error[E103]: unhandled fallible assignment
   â”Œâ”€ :72:19
   â”‚
72 â”‚   .ssh.username = downcase(.ssh.username)
   â”‚   --------------- ^^^^^^^^^^^^^^^^^^^^^^^
   â”‚   â”‚               â”‚
   â”‚   â”‚               this expression is fallible because at least one argument's type cannot be verified to be valid
   â”‚   â”‚               update the expression to be infallible by adding a `!`: `downcase!(.ssh.username)`
   â”‚   â”‚               `.ssh.username` argument type is `any` and this function expected a parameter `value` of type `string`
   â”‚   or change this to an infallible assignment:
   â”‚   .ssh.username, err = downcase(.ssh.username)
   â”‚
   = see documentation about error handling at https://errors.vrl.dev/#handling
   = see functions characteristics documentation at https://vrl.dev/expressions/#function-call-characteristics
   = learn more about error code 103 at https://errors.vrl.dev/103
   = see language documentation at https://vrl.dev
   = try your code in the VRL REPL, learn more at https://vrl.dev/examples

error[E103]: unhandled fallible assignment
   â”Œâ”€ :75:20
   â”‚
75 â”‚   .ssh.source_ip = downcase(.ssh.source_ip)
   â”‚   ---------------- ^^^^^^^^^^^^^^^^^^^^^^^^
   â”‚   â”‚                â”‚
   â”‚   â”‚                this expression is fallible because at least one argument's type cannot be verified to be valid
   â”‚   â”‚                update the expression to be infallible by adding a `!`: `downcase!(.ssh.source_ip)`
   â”‚   â”‚                `.ssh.source_ip` argument type is `any` and this function expected a parameter `value` of type `string`
   â”‚   or change this to an infallible assignment:
   â”‚   .ssh.source_ip, err = downcase(.ssh.source_ip)
   â”‚
   = see documentation about error handling at https://errors.vrl.dev/#handling
   = see functions characteristics documentation at https://vrl.dev/expressions/#function-call-characteristics
   = learn more about error code 103 at https://errors.vrl.dev/103
   = see language documentation at https://vrl.dev
   = try your code in the VRL REPL, learn more at https://vrl.dev/examples

error[E103]: unhandled fallible assignment
   â”Œâ”€ :78:16
   â”‚
78 â”‚   .ssh.event = downcase(.ssh.event)
   â”‚   ------------ ^^^^^^^^^^^^^^^^^^^^
   â”‚   â”‚            â”‚
   â”‚   â”‚            this expression is fallible because at least one argument's type cannot be verified to be valid
   â”‚   â”‚            update the expression to be infallible by adding a `!`: `downcase!(.ssh.event)`
   â”‚   â”‚            `.ssh.event` argument type is `any` and this function expected a parameter `value` of type `string`
   â”‚   or change this to an infallible assignment:
   â”‚   .ssh.event, err = downcase(.ssh.event)
   â”‚
   = see documentation about error handling at https://errors.vrl.dev/#handling
   = see functions characteristics documentation at https://vrl.dev/expressions/#function-call-characteristics
   = learn more about error code 103 at https://errors.vrl.dev/103
   = see language documentation at https://vrl.dev
   = try your code in the VRL REPL, learn more at https://vrl.dev/examples

2025-08-28T19:37:36.767128Z INFO     vrl_testing_loop_clean:_log_with_timestamp:1111 - âŒ LLM VRL iteration 4 failed PyVRL validation
2025-08-28T19:37:36.767221Z INFO     error_batch_collector:collect_all_errors:46 - ğŸ“‹ Phase 1: PyVRL syntax validation
2025-08-28T19:37:36.767288Z INFO     error_batch_collector:collect_all_errors:52 - ğŸ“‹ Phase 2: Vector CLI validation
2025-08-28T19:37:36.779820Z INFO     error_batch_collector:collect_all_errors:75 - ğŸ“Š Collected 1 total errors
2025-08-28T19:37:36.780364Z INFO     error_batch_collector:collect_all_errors:79 -    other: 1 errors
2025-08-28T19:37:36.780748Z INFO     vrl_testing_loop_clean:run_automated_llm_generation:1347 - ğŸ“Š Collected 1 errors for batch fixing
2025-08-28T19:37:36.781011Z INFO     llm_iterative_session:iterate_with_feedback:713 - ğŸ”„ Iterating VRL generation (iteration 5)
2025-08-28T19:37:36.781667Z DEBUG    llm_iterative_session:_save_conversation:1297 - ğŸ’¾ Saved user message to .tmp/llm_sessions/llm_session_20250828_193648/iter5_user.txt
2025-08-28T19:37:36.781748Z DEBUG    llm_iterative_session:_call_llm:1019 - Adding 2.0s delay for iteration 5 to avoid rate limits
2025-08-28T19:37:38.781969Z INFO     llm_iterative_session:_call_llm:1022 - ğŸ“¤ Calling anthropic API
2025-08-28T19:37:38.785003Z DEBUG    llm_iterative_session:_call_llm:1023 -    Prompt length: 465 chars
2025-08-28T19:37:50.570779Z INFO     llm_iterative_session:_call_llm:1038 - ğŸ“¥ Response received in 11.8s (2910 chars)
2025-08-28T19:37:50.571257Z DEBUG    llm_iterative_session:_save_conversation:1297 - ğŸ’¾ Saved assistant message to .tmp/llm_sessions/llm_session_20250828_193648/iter5_assistant.txt
2025-08-28T19:37:50.571344Z INFO     vrl_testing_loop_clean:run_automated_llm_generation:1263 - Testing iteration 5
2025-08-28T19:37:50.571412Z INFO     vrl_testing_loop_clean:_log_with_timestamp:1111 - ============================================================
2025-08-28T19:37:50.571470Z INFO     vrl_testing_loop_clean:_log_with_timestamp:1111 - TESTING LLM-GENERATED VRL (Iteration 5)
2025-08-28T19:37:50.571536Z INFO     vrl_testing_loop_clean:_log_with_timestamp:1111 - ============================================================
2025-08-28T19:37:50.571602Z INFO     vrl_testing_loop_clean:_log_with_timestamp:1111 - 
1. TESTING WITH PyVRL
2025-08-28T19:37:50.571660Z INFO     vrl_testing_loop_clean:_log_with_timestamp:1111 - ----------------------------------------
2025-08-28T19:37:50.577942Z ERROR    vrl_testing_loop_clean:test_with_pyvrl:311 - âœ— PyVRL validation failed: 
error[E651]: unnecessary error coalescing operation
   â”Œâ”€ :32:25
   â”‚
32 â”‚           rhost_parts = split(msg, "rhost=") ?? []
   â”‚                         ^^^^^^^^^^^^^^^^^^^^ -- -- this expression never resolves
   â”‚                         â”‚                    â”‚
   â”‚                         â”‚                    remove this error coalescing operation
   â”‚                         this expression can't fail
   â”‚
   = see language documentation at https://vrl.dev
   = try your code in the VRL REPL, learn more at https://vrl.dev/examples

error[E103]: unhandled fallible assignment
   â”Œâ”€ :72:19
   â”‚
72 â”‚   .ssh.username = downcase(.ssh.username)
   â”‚   --------------- ^^^^^^^^^^^^^^^^^^^^^^^
   â”‚   â”‚               â”‚
   â”‚   â”‚               this expression is fallible because at least one argument's type cannot be verified to be valid
   â”‚   â”‚               update the expression to be infallible by adding a `!`: `downcase!(.ssh.username)`
   â”‚   â”‚               `.ssh.username` argument type is `any` and this function expected a parameter `value` of type `string`
   â”‚   or change this to an infallible assignment:
   â”‚   .ssh.username, err = downcase(.ssh.username)
   â”‚
   = see documentation about error handling at https://errors.vrl.dev/#handling
   = see functions characteristics documentation at https://vrl.dev/expressions/#function-call-characteristics
   = learn more about error code 103 at https://errors.vrl.dev/103
   = see language documentation at https://vrl.dev
   = try your code in the VRL REPL, learn more at https://vrl.dev/examples

error[E103]: unhandled fallible assignment
   â”Œâ”€ :75:20
   â”‚
75 â”‚   .ssh.source_ip = downcase(.ssh.source_ip)
   â”‚   ---------------- ^^^^^^^^^^^^^^^^^^^^^^^^
   â”‚   â”‚                â”‚
   â”‚   â”‚                this expression is fallible because at least one argument's type cannot be verified to be valid
   â”‚   â”‚                update the expression to be infallible by adding a `!`: `downcase!(.ssh.source_ip)`
   â”‚   â”‚                `.ssh.source_ip` argument type is `any` and this function expected a parameter `value` of type `string`
   â”‚   or change this to an infallible assignment:
   â”‚   .ssh.source_ip, err = downcase(.ssh.source_ip)
   â”‚
   = see documentation about error handling at https://errors.vrl.dev/#handling
   = see functions characteristics documentation at https://vrl.dev/expressions/#function-call-characteristics
   = learn more about error code 103 at https://errors.vrl.dev/103
   = see language documentation at https://vrl.dev
   = try your code in the VRL REPL, learn more at https://vrl.dev/examples

2025-08-28T19:37:50.578096Z INFO     vrl_testing_loop_clean:_log_with_timestamp:1111 - âŒ LLM VRL iteration 5 failed PyVRL validation
2025-08-28T19:37:50.578195Z INFO     error_batch_collector:collect_all_errors:46 - ğŸ“‹ Phase 1: PyVRL syntax validation
2025-08-28T19:37:50.578263Z INFO     error_batch_collector:collect_all_errors:52 - ğŸ“‹ Phase 2: Vector CLI validation
2025-08-28T19:37:50.590831Z INFO     error_batch_collector:collect_all_errors:75 - ğŸ“Š Collected 1 total errors
2025-08-28T19:37:50.591120Z INFO     error_batch_collector:collect_all_errors:79 -    other: 1 errors
2025-08-28T19:37:50.591203Z INFO     vrl_testing_loop_clean:run_automated_llm_generation:1347 - ğŸ“Š Collected 1 errors for batch fixing
2025-08-28T19:37:50.591261Z INFO     llm_iterative_session:iterate_with_feedback:713 - ğŸ”„ Iterating VRL generation (iteration 6)
2025-08-28T19:37:50.591636Z DEBUG    llm_iterative_session:_save_conversation:1297 - ğŸ’¾ Saved user message to .tmp/llm_sessions/llm_session_20250828_193648/iter6_user.txt
2025-08-28T19:37:50.591711Z DEBUG    llm_iterative_session:_call_llm:1019 - Adding 2.2s delay for iteration 6 to avoid rate limits
2025-08-28T19:37:52.791884Z INFO     llm_iterative_session:_call_llm:1022 - ğŸ“¤ Calling anthropic API
2025-08-28T19:37:52.792209Z DEBUG    llm_iterative_session:_call_llm:1023 -    Prompt length: 465 chars
2025-08-28T19:38:04.212668Z INFO     llm_iterative_session:_call_llm:1038 - ğŸ“¥ Response received in 11.4s (2886 chars)
2025-08-28T19:38:04.213216Z DEBUG    llm_iterative_session:_save_conversation:1297 - ğŸ’¾ Saved assistant message to .tmp/llm_sessions/llm_session_20250828_193648/iter6_assistant.txt
2025-08-28T19:38:04.213281Z INFO     vrl_testing_loop_clean:run_automated_llm_generation:1263 - Testing iteration 6
2025-08-28T19:38:04.213391Z INFO     vrl_testing_loop_clean:_log_with_timestamp:1111 - ============================================================
2025-08-28T19:38:04.213464Z INFO     vrl_testing_loop_clean:_log_with_timestamp:1111 - TESTING LLM-GENERATED VRL (Iteration 6)
2025-08-28T19:38:04.213563Z INFO     vrl_testing_loop_clean:_log_with_timestamp:1111 - ============================================================
2025-08-28T19:38:04.213633Z INFO     vrl_testing_loop_clean:_log_with_timestamp:1111 - 
1. TESTING WITH PyVRL
2025-08-28T19:38:04.213688Z INFO     vrl_testing_loop_clean:_log_with_timestamp:1111 - ----------------------------------------
2025-08-28T19:38:04.215115Z ERROR    vrl_testing_loop_clean:test_with_pyvrl:311 - âœ— PyVRL validation failed: 
error[E103]: unhandled fallible assignment
   â”Œâ”€ :24:19
   â”‚
24 â”‚       pid_parts = split(pid_and_rest, "]:")
   â”‚       ----------- ^^^^^^^^^^^^^^^^^^^^^^^^^
   â”‚       â”‚           â”‚
   â”‚       â”‚           this expression is fallible because at least one argument's type cannot be verified to be valid
   â”‚       â”‚           update the expression to be infallible by adding a `!`: `split!(pid_and_rest, "]:")`
   â”‚       â”‚           `pid_and_rest` argument type is `string or null` and this function expected a parameter `value` of type `string`
   â”‚       or change this to an infallible assignment:
   â”‚       pid_parts, err = split(pid_and_rest, "]:")
   â”‚
   = see documentation about error handling at https://errors.vrl.dev/#handling
   = see functions characteristics documentation at https://vrl.dev/expressions/#function-call-characteristics
   = learn more about error code 103 at https://errors.vrl.dev/103
   = see language documentation at https://vrl.dev
   = try your code in the VRL REPL, learn more at https://vrl.dev/examples

error[E103]: unhandled fallible assignment
   â”Œâ”€ :72:19
   â”‚
72 â”‚   .ssh.username = downcase(.ssh.username)
   â”‚   --------------- ^^^^^^^^^^^^^^^^^^^^^^^
   â”‚   â”‚               â”‚
   â”‚   â”‚               this expression is fallible because at least one argument's type cannot be verified to be valid
   â”‚   â”‚               update the expression to be infallible by adding a `!`: `downcase!(.ssh.username)`
   â”‚   â”‚               `.ssh.username` argument type is `any` and this function expected a parameter `value` of type `string`
   â”‚   or change this to an infallible assignment:
   â”‚   .ssh.username, err = downcase(.ssh.username)
   â”‚
   = see documentation about error handling at https://errors.vrl.dev/#handling
   = see functions characteristics documentation at https://vrl.dev/expressions/#function-call-characteristics
   = learn more about error code 103 at https://errors.vrl.dev/103
   = see language documentation at https://vrl.dev
   = try your code in the VRL REPL, learn more at https://vrl.dev/examples

error[E103]: unhandled fallible assignment
   â”Œâ”€ :75:20
   â”‚
75 â”‚   .ssh.source_ip = downcase(.ssh.source_ip)
   â”‚   ---------------- ^^^^^^^^^^^^^^^^^^^^^^^^
   â”‚   â”‚                â”‚
   â”‚   â”‚                this expression is fallible because at least one argument's type cannot be verified to be valid
   â”‚   â”‚                update the expression to be infallible by adding a `!`: `downcase!(.ssh.source_ip)`
   â”‚   â”‚                `.ssh.source_ip` argument type is `any` and this function expected a parameter `value` of type `string`
   â”‚   or change this to an infallible assignment:
   â”‚   .ssh.source_ip, err = downcase(.ssh.source_ip)
   â”‚
   = see documentation about error handling at https://errors.vrl.dev/#handling
   = see functions characteristics documentation at https://vrl.dev/expressions/#function-call-characteristics
   = learn more about error code 103 at https://errors.vrl.dev/103
   = see language documentation at https://vrl.dev
   = try your code in the VRL REPL, learn more at https://vrl.dev/examples

error[E103]: unhandled fallible assignment
   â”Œâ”€ :78:16
   â”‚
78 â”‚   .ssh.event = downcase(.ssh.event)
   â”‚   ------------ ^^^^^^^^^^^^^^^^^^^^
   â”‚   â”‚            â”‚
   â”‚   â”‚            this expression is fallible because at least one argument's type cannot be verified to be valid
   â”‚   â”‚            update the expression to be infallible by adding a `!`: `downcase!(.ssh.event)`
   â”‚   â”‚            `.ssh.event` argument type is `any` and this function expected a parameter `value` of type `string`
   â”‚   or change this to an infallible assignment:
   â”‚   .ssh.event, err = downcase(.ssh.event)
   â”‚
   = see documentation about error handling at https://errors.vrl.dev/#handling
   = see functions characteristics documentation at https://vrl.dev/expressions/#function-call-characteristics
   = learn more about error code 103 at https://errors.vrl.dev/103
   = see language documentation at https://vrl.dev
   = try your code in the VRL REPL, learn more at https://vrl.dev/examples

2025-08-28T19:38:04.215222Z INFO     vrl_testing_loop_clean:_log_with_timestamp:1111 - âŒ LLM VRL iteration 6 failed PyVRL validation
2025-08-28T19:38:04.215300Z INFO     error_batch_collector:collect_all_errors:46 - ğŸ“‹ Phase 1: PyVRL syntax validation
2025-08-28T19:38:04.215360Z INFO     error_batch_collector:collect_all_errors:52 - ğŸ“‹ Phase 2: Vector CLI validation
2025-08-28T19:38:04.227433Z INFO     error_batch_collector:collect_all_errors:75 - ğŸ“Š Collected 1 total errors
2025-08-28T19:38:04.227653Z INFO     error_batch_collector:collect_all_errors:79 -    other: 1 errors
2025-08-28T19:38:04.227736Z INFO     vrl_testing_loop_clean:run_automated_llm_generation:1347 - ğŸ“Š Collected 1 errors for batch fixing
2025-08-28T19:38:04.227812Z INFO     llm_iterative_session:iterate_with_feedback:713 - ğŸ”„ Iterating VRL generation (iteration 7)
2025-08-28T19:38:04.228154Z DEBUG    llm_iterative_session:_save_conversation:1297 - ğŸ’¾ Saved user message to .tmp/llm_sessions/llm_session_20250828_193648/iter7_user.txt
2025-08-28T19:38:04.228236Z DEBUG    llm_iterative_session:_call_llm:1019 - Adding 2.4s delay for iteration 7 to avoid rate limits
2025-08-28T19:38:06.628394Z INFO     llm_iterative_session:_call_llm:1022 - ğŸ“¤ Calling anthropic API
2025-08-28T19:38:06.629113Z DEBUG    llm_iterative_session:_call_llm:1023 -    Prompt length: 465 chars
2025-08-28T19:38:19.405513Z INFO     llm_iterative_session:_call_llm:1038 - ğŸ“¥ Response received in 12.8s (3125 chars)
2025-08-28T19:38:19.405938Z DEBUG    llm_iterative_session:_save_conversation:1297 - ğŸ’¾ Saved assistant message to .tmp/llm_sessions/llm_session_20250828_193648/iter7_assistant.txt
2025-08-28T19:38:19.406007Z INFO     vrl_testing_loop_clean:run_automated_llm_generation:1263 - Testing iteration 7
2025-08-28T19:38:19.406073Z INFO     vrl_testing_loop_clean:_log_with_timestamp:1111 - ============================================================
2025-08-28T19:38:19.406146Z INFO     vrl_testing_loop_clean:_log_with_timestamp:1111 - TESTING LLM-GENERATED VRL (Iteration 7)
2025-08-28T19:38:19.406191Z INFO     vrl_testing_loop_clean:_log_with_timestamp:1111 - ============================================================
2025-08-28T19:38:19.406235Z INFO     vrl_testing_loop_clean:_log_with_timestamp:1111 - 
1. TESTING WITH PyVRL
2025-08-28T19:38:19.406276Z INFO     vrl_testing_loop_clean:_log_with_timestamp:1111 - ----------------------------------------
2025-08-28T19:38:19.408111Z ERROR    vrl_testing_loop_clean:test_with_pyvrl:311 - âœ— PyVRL validation failed: 
error[E104]: unnecessary error assignment
   â”Œâ”€ :32:24
   â”‚
32 â”‚           rhost_parts, err = split(msg, "rhost=", limit: 2)
   â”‚           -----------  ^^^   ------------------------------ because this expression can't fail
   â”‚           â”‚            â”‚
   â”‚           â”‚            this error assignment is unnecessary
   â”‚           use: rhost_parts = split(msg, "rhost=", 2)
   â”‚
   = see documentation about error handling at https://errors.vrl.dev/#handling
   = learn more about error code 104 at https://errors.vrl.dev/104
   = see language documentation at https://vrl.dev
   = try your code in the VRL REPL, learn more at https://vrl.dev/examples

error[E103]: unhandled fallible assignment
   â”Œâ”€ :72:19
   â”‚
72 â”‚   .ssh.username = downcase(.ssh.username)
   â”‚   --------------- ^^^^^^^^^^^^^^^^^^^^^^^
   â”‚   â”‚               â”‚
   â”‚   â”‚               this expression is fallible because at least one argument's type cannot be verified to be valid
   â”‚   â”‚               update the expression to be infallible by adding a `!`: `downcase!(.ssh.username)`
   â”‚   â”‚               `.ssh.username` argument type is `any` and this function expected a parameter `value` of type `string`
   â”‚   or change this to an infallible assignment:
   â”‚   .ssh.username, err = downcase(.ssh.username)
   â”‚
   = see documentation about error handling at https://errors.vrl.dev/#handling
   = see functions characteristics documentation at https://vrl.dev/expressions/#function-call-characteristics
   = learn more about error code 103 at https://errors.vrl.dev/103
   = see language documentation at https://vrl.dev
   = try your code in the VRL REPL, learn more at https://vrl.dev/examples

error[E103]: unhandled fallible assignment
   â”Œâ”€ :75:20
   â”‚
75 â”‚   .ssh.source_ip = downcase(.ssh.source_ip)
   â”‚   ---------------- ^^^^^^^^^^^^^^^^^^^^^^^^
   â”‚   â”‚                â”‚
   â”‚   â”‚                this expression is fallible because at least one argument's type cannot be verified to be valid
   â”‚   â”‚                update the expression to be infallible by adding a `!`: `downcase!(.ssh.source_ip)`
   â”‚   â”‚                `.ssh.source_ip` argument type is `any` and this function expected a parameter `value` of type `string`
   â”‚   or change this to an infallible assignment:
   â”‚   .ssh.source_ip, err = downcase(.ssh.source_ip)
   â”‚
   = see documentation about error handling at https://errors.vrl.dev/#handling
   = see functions characteristics documentation at https://vrl.dev/expressions/#function-call-characteristics
   = learn more about error code 103 at https://errors.vrl.dev/103
   = see language documentation at https://vrl.dev
   = try your code in the VRL REPL, learn more at https://vrl.dev/examples

2025-08-28T19:38:19.408214Z INFO     vrl_testing_loop_clean:_log_with_timestamp:1111 - âŒ LLM VRL iteration 7 failed PyVRL validation
2025-08-28T19:38:19.408286Z INFO     error_batch_collector:collect_all_errors:46 - ğŸ“‹ Phase 1: PyVRL syntax validation
2025-08-28T19:38:19.408338Z INFO     error_batch_collector:collect_all_errors:52 - ğŸ“‹ Phase 2: Vector CLI validation
2025-08-28T19:38:19.416101Z INFO     error_batch_collector:collect_all_errors:75 - ğŸ“Š Collected 1 total errors
2025-08-28T19:38:19.416310Z INFO     error_batch_collector:collect_all_errors:79 -    other: 1 errors
2025-08-28T19:38:19.416383Z INFO     vrl_testing_loop_clean:run_automated_llm_generation:1347 - ğŸ“Š Collected 1 errors for batch fixing
2025-08-28T19:38:19.416486Z INFO     llm_iterative_session:iterate_with_feedback:713 - ğŸ”„ Iterating VRL generation (iteration 8)
2025-08-28T19:38:19.416804Z DEBUG    llm_iterative_session:_save_conversation:1297 - ğŸ’¾ Saved user message to .tmp/llm_sessions/llm_session_20250828_193648/iter8_user.txt
2025-08-28T19:38:19.416874Z DEBUG    llm_iterative_session:_call_llm:1019 - Adding 2.6s delay for iteration 8 to avoid rate limits
2025-08-28T19:38:22.018015Z INFO     llm_iterative_session:_call_llm:1022 - ğŸ“¤ Calling anthropic API
2025-08-28T19:38:22.018353Z DEBUG    llm_iterative_session:_call_llm:1023 -    Prompt length: 465 chars
