2025-08-28T19:50:34.742464Z INFO     vrl_testing_loop_clean:_setup_logging:152 - VRL Testing Pipeline logging initialized
2025-08-28T19:50:34.742625Z INFO     vrl_testing_loop_clean:_setup_logging:153 - Log file: logs/vrl_pipeline_20250828_195034.log
2025-08-28T19:50:34.742700Z INFO     vrl_testing_loop_clean:_setup_logging:154 - Sample file: samples/large/openstack-normal-real.ndjson
2025-08-28T19:50:34.742752Z INFO     vrl_testing_loop_clean:_setup_logging:155 - Output directory: samples-parsed
2025-08-28T19:50:34.742798Z INFO     vrl_testing_loop_clean:_setup_logging:156 - External configs: external
2025-08-28T19:50:34.742846Z INFO     vrl_testing_loop_clean:_setup_logging:157 - Loaded configs: ['vector_vrl_prompt', 'parser_prompts', 'type_maps']
2025-08-28T19:50:36.151622Z INFO     vrl_testing_loop_clean:__init__:113 - Benchmarking local CPU performance...
2025-08-28T19:50:36.155931Z INFO     vrl_testing_loop_clean:__init__:115 - CPU benchmark multiplier: 10.00x
2025-08-28T19:50:36.156026Z INFO     vrl_testing_loop_clean:__init__:118 - Measuring Vector CLI startup time...
2025-08-28T19:50:36.658926Z INFO     vrl_testing_loop_clean:__init__:120 - Vector startup time: 0.50s
2025-08-28T19:50:36.659308Z INFO     vrl_testing_loop_clean:_log_external_configs_summary:1067 - ğŸ“‹ EXTERNAL CONFIGS SUMMARY (K8s deployed):
2025-08-28T19:50:36.659987Z INFO     vrl_testing_loop_clean:_log_external_configs_summary:1074 -    ğŸ¯ vector-vrl-system.md: v1.3.0...
2025-08-28T19:50:36.660416Z INFO     vrl_testing_loop_clean:_log_external_configs_summary:1075 -       Contains: Performance tiers, string ops, Vector 0.49.0 config
2025-08-28T19:50:36.660806Z INFO     vrl_testing_loop_clean:_log_external_configs_summary:1079 -    ğŸ”§ parser-system-prompts.md: 10690 chars of project overrides
2025-08-28T19:50:36.661628Z INFO     vrl_testing_loop_clean:_log_external_configs_summary:1085 -    ğŸ“Š type_maps.csv: 24 field mappings for product evolution
2025-08-28T19:50:36.661788Z INFO     vrl_testing_loop_clean:_log_external_configs_summary:1087 -    ğŸ’¡ These configs are retained for persistent LLM context
2025-08-28T19:50:37.708882Z INFO     vrl_testing_loop_clean:run_automated_llm_generation:1201 - ğŸ¤– Starting automated LLM VRL generation
2025-08-28T19:50:37.709205Z INFO     vrl_testing_loop_clean:run_automated_llm_generation:1202 - Provider: anthropic, Max iterations: 10
2025-08-28T19:50:37.709334Z INFO     vrl_testing_loop_clean:run_automated_llm_generation:1204 - Model override: claude-opus
2025-08-28T19:50:37.728304Z INFO     vrl_testing_loop_clean:run_automated_llm_generation:1210 - ğŸ”§ Optimizing samples with pre-tokenizer...
2025-08-28T19:50:37.787953Z INFO     pre_tokenizer.enhanced_optimizer:smart_sample_selection:132 - Found 1 distinct patterns in 52312 samples
2025-08-28T19:50:38.640886Z SUCCESS  pre_tokenizer.enhanced_optimizer:smart_sample_selection:172 - Selected 3 samples covering 1 patterns
2025-08-28T19:50:38.774173Z INFO     pre_tokenizer.pre_tokenizer:__init__:41 - Initialized PreTokenizer for claude-3-opus-20240229 with 30,000 max tokens
2025-08-28T19:50:38.774523Z INFO     pre_tokenizer.pre_tokenizer:optimize_samples:101 - Optimizing 3 samples for 30,000 tokens
2025-08-28T19:50:38.775203Z INFO     pre_tokenizer.pre_tokenizer:optimize_samples:116 - Reduced to 3 unique samples from 3
2025-08-28T19:50:38.775296Z INFO     pre_tokenizer.pre_tokenizer:optimize_samples:117 - Pattern distribution: {'error': 1}
2025-08-28T19:50:38.777350Z SUCCESS  pre_tokenizer.pre_tokenizer:optimize_samples:190 - Selected 3 samples using 2,451 tokens
2025-08-28T19:50:38.777604Z INFO     pre_tokenizer.pre_tokenizer:optimize_samples:191 - Pattern coverage: 100.0%
2025-08-28T19:50:38.777695Z INFO     vrl_testing_loop_clean:run_automated_llm_generation:1241 - ğŸ“Š Sample optimization: 52312 â†’ 3 samples
2025-08-28T19:50:38.777750Z INFO     vrl_testing_loop_clean:run_automated_llm_generation:1242 - ğŸ“Š Token usage: 2,451 tokens
2025-08-28T19:50:38.777795Z INFO     vrl_testing_loop_clean:run_automated_llm_generation:1243 - ğŸ“Š Pattern coverage: 100.0%
2025-08-28T19:50:38.804886Z INFO     llm_iterative_session:_init_anthropic:431 - Using specified Anthropic model: claude-opus
2025-08-28T19:50:39.133863Z INFO     llm_iterative_session:__init__:124 - ğŸ¤– Iterative LLM Session initialized
2025-08-28T19:50:39.134184Z INFO     llm_iterative_session:__init__:125 -    Provider: anthropic
2025-08-28T19:50:39.134234Z INFO     llm_iterative_session:__init__:126 -    Model: claude-opus
2025-08-28T19:50:39.134275Z INFO     llm_iterative_session:__init__:127 -    Session: llm_session_20250828_195038
2025-08-28T19:50:39.134314Z INFO     llm_iterative_session:__init__:131 - ğŸ“Š Model Capabilities:
2025-08-28T19:50:39.134355Z INFO     llm_iterative_session:__init__:132 -    Context Window: 200,000 tokens
2025-08-28T19:50:39.134394Z INFO     llm_iterative_session:__init__:133 -    Max Input: 200,000 tokens
2025-08-28T19:50:39.134429Z INFO     llm_iterative_session:__init__:134 -    Max Output: 4,096 tokens
2025-08-28T19:50:39.134467Z INFO     llm_iterative_session:__init__:136 -    Cost: $0.000015/input, $0.000075/output per token
2025-08-28T19:50:39.134507Z INFO     vrl_testing_loop_clean:run_automated_llm_generation:1249 - ğŸ’° Cost tracking: $0.000015/input token, $0.000075/output token
2025-08-28T19:50:39.134551Z INFO     llm_iterative_session:generate_initial_vrl:679 - ğŸš€ Starting VRL generation session (iteration 1)
2025-08-28T19:50:39.136160Z INFO     prompt_optimizer:_optimize_initial_configs:82 - Compressed vector_vrl_prompt: 20935 â†’ 18968 chars (9.4% reduction)
2025-08-28T19:50:39.136300Z INFO     prompt_optimizer:_optimize_initial_configs:101 - Compressed parser_prompts: 10690 â†’ 1988 chars (81.4% reduction)
2025-08-28T19:50:39.136373Z INFO     prompt_optimizer:_optimize_initial_configs:133 - Compressed type_maps: 2877 â†’ 2749 chars (4.4% reduction)
2025-08-28T19:50:39.136844Z DEBUG    llm_iterative_session:_save_conversation:1297 - ğŸ’¾ Saved user message to .tmp/llm_sessions/llm_session_20250828_195038/iter1_user.txt
2025-08-28T19:50:39.136896Z INFO     llm_iterative_session:_call_llm:1022 - ğŸ“¤ Calling anthropic API
2025-08-28T19:50:39.136970Z DEBUG    llm_iterative_session:_call_llm:1023 -    Prompt length: 32448 chars
2025-08-28T19:50:39.455487Z DEBUG    llm_iterative_session:_call_anthropic:1168 - Model claude-opus failed: Error code: 404 - {'type': 'error', 'error': {'type': 'not_found_error', 'message': 'model: claude-opus'}, 'request_id': 'req_011CSZuB9r2PFPGzFLukyqqM'}
2025-08-28T19:50:56.594372Z WARNING  llm_iterative_session:_call_anthropic:1156 - Fell back from claude-opus to claude-3-5-sonnet-20240620
2025-08-28T19:50:56.594584Z INFO     llm_iterative_session:_call_llm:1038 - ğŸ“¥ Response received in 17.5s (3685 chars)
2025-08-28T19:50:56.594957Z DEBUG    llm_iterative_session:_save_conversation:1297 - ğŸ’¾ Saved assistant message to .tmp/llm_sessions/llm_session_20250828_195038/iter1_assistant.txt
2025-08-28T19:50:56.595014Z INFO     vrl_testing_loop_clean:run_automated_llm_generation:1263 - Testing iteration 1
2025-08-28T19:50:56.595064Z INFO     vrl_testing_loop_clean:_log_with_timestamp:1111 - ============================================================
2025-08-28T19:50:56.595107Z INFO     vrl_testing_loop_clean:_log_with_timestamp:1111 - TESTING LLM-GENERATED VRL (Iteration 1)
2025-08-28T19:50:56.595145Z INFO     vrl_testing_loop_clean:_log_with_timestamp:1111 - ============================================================
2025-08-28T19:50:56.595196Z INFO     vrl_testing_loop_clean:_log_with_timestamp:1111 - 
1. TESTING WITH PyVRL
2025-08-28T19:50:56.595237Z INFO     vrl_testing_loop_clean:_log_with_timestamp:1111 - ----------------------------------------
2025-08-28T19:50:56.596634Z ERROR    vrl_testing_loop_clean:test_with_pyvrl:311 - âœ— PyVRL validation failed: 
error[E205]: reserved keyword
   â”Œâ”€ :88:7
   â”‚
88 â”‚       for detail in resource_details {
   â”‚       ^^^
   â”‚       â”‚
   â”‚       this identifier name is reserved for future use in the language
   â”‚       use a different name instead
   â”‚
   = see language documentation at https://vrl.dev
   = try your code in the VRL REPL, learn more at https://vrl.dev/examples

error[E701]: call to undefined variable
   â”Œâ”€ :89:21
   â”‚
89 â”‚         if contains(detail, "=") {
   â”‚                     ^^^^^^
   â”‚                     â”‚
   â”‚                     undefined variable
   â”‚                     did you mean "null"?
   â”‚
   = see language documentation at https://vrl.dev
   = try your code in the VRL REPL, learn more at https://vrl.dev/examples

error[E203]: syntax error
    â”Œâ”€ :111:7
    â”‚
111 â”‚       }
    â”‚       ^
    â”‚       â”‚
    â”‚       unexpected syntax token: "RBrace"
    â”‚       expected one of: "!", "(", "[", "_", "abort", "false", "float literal", "function call", "identifier", "if", "integer literal", "null", "raw string literal", "regex literal", "return", "string literal", "timestamp literal", "true", "{", "path literal"
    â”‚
    = see language documentation at https://vrl.dev
    = try your code in the VRL REPL, learn more at https://vrl.dev/examples

error[E203]: syntax error
    â”Œâ”€ :112:5
    â”‚
112 â”‚     }
    â”‚     ^
    â”‚     â”‚
    â”‚     unexpected syntax token: "RBrace"
    â”‚     expected one of: "!", "(", "[", "_", "abort", "false", "float literal", "function call", "identifier", "if", "integer literal", "null", "raw string literal", "regex literal", "return", "string literal", "timestamp literal", "true", "{", "path literal"
    â”‚
    = see language documentation at https://vrl.dev
    = try your code in the VRL REPL, learn more at https://vrl.dev/examples

error[E203]: syntax error
    â”Œâ”€ :113:3
    â”‚
113 â”‚   }
    â”‚   ^
    â”‚   â”‚
    â”‚   unexpected syntax token: "RBrace"
    â”‚   expected one of: "!", "(", "[", "_", "abort", "false", "float literal", "function call", "identifier", "if", "integer literal", "null", "raw string literal", "regex literal", "return", "string literal", "timestamp literal", "true", "{", "path literal"
    â”‚
    = see language documentation at https://vrl.dev
    = try your code in the VRL REPL, learn more at https://vrl.dev/examples

error[E203]: syntax error
    â”Œâ”€ :114:1
    â”‚
114 â”‚ }
    â”‚ ^
    â”‚ â”‚
    â”‚ unexpected syntax token: "RBrace"
    â”‚ expected one of: "!", "(", "[", "_", "abort", "false", "float literal", "function call", "identifier", "if", "integer literal", "null", "raw string literal", "regex literal", "return", "string literal", "timestamp literal", "true", "{", "path literal"
    â”‚
    = see language documentation at https://vrl.dev
    = try your code in the VRL REPL, learn more at https://vrl.dev/examples

2025-08-28T19:50:56.596734Z INFO     vrl_testing_loop_clean:_log_with_timestamp:1111 - âŒ LLM VRL iteration 1 failed PyVRL validation
2025-08-28T19:50:56.597130Z INFO     error_batch_collector:collect_all_errors:46 - ğŸ“‹ Phase 1: PyVRL syntax validation
2025-08-28T19:50:56.597205Z INFO     error_batch_collector:collect_all_errors:52 - ğŸ“‹ Phase 2: Vector CLI validation
2025-08-28T19:50:56.612335Z INFO     error_batch_collector:collect_all_errors:75 - ğŸ“Š Collected 1 total errors
2025-08-28T19:50:56.612608Z INFO     error_batch_collector:collect_all_errors:79 -    other: 1 errors
2025-08-28T19:50:56.612696Z INFO     vrl_testing_loop_clean:run_automated_llm_generation:1347 - ğŸ“Š Collected 1 errors for batch fixing
2025-08-28T19:50:56.612762Z INFO     llm_iterative_session:iterate_with_feedback:713 - ğŸ”„ Iterating VRL generation (iteration 2)
2025-08-28T19:50:56.613162Z DEBUG    llm_iterative_session:_save_conversation:1297 - ğŸ’¾ Saved user message to .tmp/llm_sessions/llm_session_20250828_195038/iter2_user.txt
2025-08-28T19:50:56.613227Z DEBUG    llm_iterative_session:_call_llm:1019 - Adding 1.4s delay for iteration 2 to avoid rate limits
2025-08-28T19:50:58.013418Z INFO     llm_iterative_session:_call_llm:1022 - ğŸ“¤ Calling anthropic API
2025-08-28T19:50:58.013770Z DEBUG    llm_iterative_session:_call_llm:1023 -    Prompt length: 168 chars
2025-08-28T19:51:13.605910Z INFO     llm_iterative_session:_call_llm:1038 - ğŸ“¥ Response received in 15.6s (3645 chars)
2025-08-28T19:51:13.606440Z DEBUG    llm_iterative_session:_save_conversation:1297 - ğŸ’¾ Saved assistant message to .tmp/llm_sessions/llm_session_20250828_195038/iter2_assistant.txt
2025-08-28T19:51:13.606516Z INFO     vrl_testing_loop_clean:run_automated_llm_generation:1263 - Testing iteration 2
2025-08-28T19:51:13.606575Z INFO     vrl_testing_loop_clean:_log_with_timestamp:1111 - ============================================================
2025-08-28T19:51:13.606626Z INFO     vrl_testing_loop_clean:_log_with_timestamp:1111 - TESTING LLM-GENERATED VRL (Iteration 2)
2025-08-28T19:51:13.606666Z INFO     vrl_testing_loop_clean:_log_with_timestamp:1111 - ============================================================
2025-08-28T19:51:13.606709Z INFO     vrl_testing_loop_clean:_log_with_timestamp:1111 - 
1. TESTING WITH PyVRL
2025-08-28T19:51:13.606749Z INFO     vrl_testing_loop_clean:_log_with_timestamp:1111 - ----------------------------------------
2025-08-28T19:51:13.607730Z ERROR    vrl_testing_loop_clean:test_with_pyvrl:311 - âœ— PyVRL validation failed: 
error[E205]: reserved keyword
   â”Œâ”€ :86:7
   â”‚
86 â”‚       for detail in resource_details {
   â”‚       ^^^
   â”‚       â”‚
   â”‚       this identifier name is reserved for future use in the language
   â”‚       use a different name instead
   â”‚
   = see language documentation at https://vrl.dev
   = try your code in the VRL REPL, learn more at https://vrl.dev/examples

error[E701]: call to undefined variable
   â”Œâ”€ :87:21
   â”‚
87 â”‚         if contains(detail, "=") {
   â”‚                     ^^^^^^
   â”‚                     â”‚
   â”‚                     undefined variable
   â”‚                     did you mean "null"?
   â”‚
   = see language documentation at https://vrl.dev
   = try your code in the VRL REPL, learn more at https://vrl.dev/examples

error[E203]: syntax error
    â”Œâ”€ :109:7
    â”‚
109 â”‚       }
    â”‚       ^
    â”‚       â”‚
    â”‚       unexpected syntax token: "RBrace"
    â”‚       expected one of: "!", "(", "[", "_", "abort", "false", "float literal", "function call", "identifier", "if", "integer literal", "null", "raw string literal", "regex literal", "return", "string literal", "timestamp literal", "true", "{", "path literal"
    â”‚
    = see language documentation at https://vrl.dev
    = try your code in the VRL REPL, learn more at https://vrl.dev/examples

error[E203]: syntax error
    â”Œâ”€ :110:5
    â”‚
110 â”‚     }
    â”‚     ^
    â”‚     â”‚
    â”‚     unexpected syntax token: "RBrace"
    â”‚     expected one of: "!", "(", "[", "_", "abort", "false", "float literal", "function call", "identifier", "if", "integer literal", "null", "raw string literal", "regex literal", "return", "string literal", "timestamp literal", "true", "{", "path literal"
    â”‚
    = see language documentation at https://vrl.dev
    = try your code in the VRL REPL, learn more at https://vrl.dev/examples

error[E203]: syntax error
    â”Œâ”€ :111:3
    â”‚
111 â”‚   }
    â”‚   ^
    â”‚   â”‚
    â”‚   unexpected syntax token: "RBrace"
    â”‚   expected one of: "!", "(", "[", "_", "abort", "false", "float literal", "function call", "identifier", "if", "integer literal", "null", "raw string literal", "regex literal", "return", "string literal", "timestamp literal", "true", "{", "path literal"
    â”‚
    = see language documentation at https://vrl.dev
    = try your code in the VRL REPL, learn more at https://vrl.dev/examples

error[E203]: syntax error
    â”Œâ”€ :112:1
    â”‚
112 â”‚ }
    â”‚ ^
    â”‚ â”‚
    â”‚ unexpected syntax token: "RBrace"
    â”‚ expected one of: "!", "(", "[", "_", "abort", "false", "float literal", "function call", "identifier", "if", "integer literal", "null", "raw string literal", "regex literal", "return", "string literal", "timestamp literal", "true", "{", "path literal"
    â”‚
    = see language documentation at https://vrl.dev
    = try your code in the VRL REPL, learn more at https://vrl.dev/examples

2025-08-28T19:51:13.607827Z INFO     vrl_testing_loop_clean:_log_with_timestamp:1111 - âŒ LLM VRL iteration 2 failed PyVRL validation
2025-08-28T19:51:13.607903Z INFO     error_batch_collector:collect_all_errors:46 - ğŸ“‹ Phase 1: PyVRL syntax validation
2025-08-28T19:51:13.607982Z INFO     error_batch_collector:collect_all_errors:52 - ğŸ“‹ Phase 2: Vector CLI validation
2025-08-28T19:51:13.615067Z INFO     error_batch_collector:collect_all_errors:75 - ğŸ“Š Collected 1 total errors
2025-08-28T19:51:13.615171Z INFO     error_batch_collector:collect_all_errors:79 -    other: 1 errors
2025-08-28T19:51:13.615239Z INFO     vrl_testing_loop_clean:run_automated_llm_generation:1347 - ğŸ“Š Collected 1 errors for batch fixing
2025-08-28T19:51:13.615301Z INFO     llm_iterative_session:iterate_with_feedback:713 - ğŸ”„ Iterating VRL generation (iteration 3)
2025-08-28T19:51:13.615565Z DEBUG    llm_iterative_session:_save_conversation:1297 - ğŸ’¾ Saved user message to .tmp/llm_sessions/llm_session_20250828_195038/iter3_user.txt
2025-08-28T19:51:13.615641Z DEBUG    llm_iterative_session:_call_llm:1019 - Adding 1.6s delay for iteration 3 to avoid rate limits
2025-08-28T19:51:15.215850Z INFO     llm_iterative_session:_call_llm:1022 - ğŸ“¤ Calling anthropic API
2025-08-28T19:51:15.216211Z DEBUG    llm_iterative_session:_call_llm:1023 -    Prompt length: 168 chars
2025-08-28T19:51:30.958046Z INFO     llm_iterative_session:_call_llm:1038 - ğŸ“¥ Response received in 15.7s (3645 chars)
2025-08-28T19:51:30.958371Z DEBUG    llm_iterative_session:_save_conversation:1297 - ğŸ’¾ Saved assistant message to .tmp/llm_sessions/llm_session_20250828_195038/iter3_assistant.txt
2025-08-28T19:51:30.958421Z INFO     vrl_testing_loop_clean:run_automated_llm_generation:1263 - Testing iteration 3
2025-08-28T19:51:30.958467Z INFO     vrl_testing_loop_clean:_log_with_timestamp:1111 - ============================================================
2025-08-28T19:51:30.958504Z INFO     vrl_testing_loop_clean:_log_with_timestamp:1111 - TESTING LLM-GENERATED VRL (Iteration 3)
2025-08-28T19:51:30.958539Z INFO     vrl_testing_loop_clean:_log_with_timestamp:1111 - ============================================================
2025-08-28T19:51:30.958591Z INFO     vrl_testing_loop_clean:_log_with_timestamp:1111 - 
1. TESTING WITH PyVRL
2025-08-28T19:51:30.958641Z INFO     vrl_testing_loop_clean:_log_with_timestamp:1111 - ----------------------------------------
2025-08-28T19:51:30.959543Z ERROR    vrl_testing_loop_clean:test_with_pyvrl:311 - âœ— PyVRL validation failed: 
error[E205]: reserved keyword
   â”Œâ”€ :86:7
   â”‚
86 â”‚       for detail in resource_details {
   â”‚       ^^^
   â”‚       â”‚
   â”‚       this identifier name is reserved for future use in the language
   â”‚       use a different name instead
   â”‚
   = see language documentation at https://vrl.dev
   = try your code in the VRL REPL, learn more at https://vrl.dev/examples

error[E701]: call to undefined variable
   â”Œâ”€ :87:21
   â”‚
87 â”‚         if contains(detail, "=") {
   â”‚                     ^^^^^^
   â”‚                     â”‚
   â”‚                     undefined variable
   â”‚                     did you mean "null"?
   â”‚
   = see language documentation at https://vrl.dev
   = try your code in the VRL REPL, learn more at https://vrl.dev/examples

error[E203]: syntax error
    â”Œâ”€ :109:7
    â”‚
109 â”‚       }
    â”‚       ^
    â”‚       â”‚
    â”‚       unexpected syntax token: "RBrace"
    â”‚       expected one of: "!", "(", "[", "_", "abort", "false", "float literal", "function call", "identifier", "if", "integer literal", "null", "raw string literal", "regex literal", "return", "string literal", "timestamp literal", "true", "{", "path literal"
    â”‚
    = see language documentation at https://vrl.dev
    = try your code in the VRL REPL, learn more at https://vrl.dev/examples

error[E203]: syntax error
    â”Œâ”€ :110:5
    â”‚
110 â”‚     }
    â”‚     ^
    â”‚     â”‚
    â”‚     unexpected syntax token: "RBrace"
    â”‚     expected one of: "!", "(", "[", "_", "abort", "false", "float literal", "function call", "identifier", "if", "integer literal", "null", "raw string literal", "regex literal", "return", "string literal", "timestamp literal", "true", "{", "path literal"
    â”‚
    = see language documentation at https://vrl.dev
    = try your code in the VRL REPL, learn more at https://vrl.dev/examples

error[E203]: syntax error
    â”Œâ”€ :111:3
    â”‚
111 â”‚   }
    â”‚   ^
    â”‚   â”‚
    â”‚   unexpected syntax token: "RBrace"
    â”‚   expected one of: "!", "(", "[", "_", "abort", "false", "float literal", "function call", "identifier", "if", "integer literal", "null", "raw string literal", "regex literal", "return", "string literal", "timestamp literal", "true", "{", "path literal"
    â”‚
    = see language documentation at https://vrl.dev
    = try your code in the VRL REPL, learn more at https://vrl.dev/examples

error[E203]: syntax error
    â”Œâ”€ :112:1
    â”‚
112 â”‚ }
    â”‚ ^
    â”‚ â”‚
    â”‚ unexpected syntax token: "RBrace"
    â”‚ expected one of: "!", "(", "[", "_", "abort", "false", "float literal", "function call", "identifier", "if", "integer literal", "null", "raw string literal", "regex literal", "return", "string literal", "timestamp literal", "true", "{", "path literal"
    â”‚
    = see language documentation at https://vrl.dev
    = try your code in the VRL REPL, learn more at https://vrl.dev/examples

2025-08-28T19:51:30.959660Z INFO     vrl_testing_loop_clean:_log_with_timestamp:1111 - âŒ LLM VRL iteration 3 failed PyVRL validation
2025-08-28T19:51:30.959727Z INFO     error_batch_collector:collect_all_errors:46 - ğŸ“‹ Phase 1: PyVRL syntax validation
2025-08-28T19:51:30.959781Z INFO     error_batch_collector:collect_all_errors:52 - ğŸ“‹ Phase 2: Vector CLI validation
2025-08-28T19:51:30.966055Z INFO     error_batch_collector:collect_all_errors:75 - ğŸ“Š Collected 1 total errors
2025-08-28T19:51:30.966147Z INFO     error_batch_collector:collect_all_errors:79 -    other: 1 errors
2025-08-28T19:51:30.966212Z INFO     vrl_testing_loop_clean:run_automated_llm_generation:1347 - ğŸ“Š Collected 1 errors for batch fixing
2025-08-28T19:51:30.966265Z INFO     llm_iterative_session:iterate_with_feedback:713 - ğŸ”„ Iterating VRL generation (iteration 4)
2025-08-28T19:51:30.966438Z DEBUG    llm_iterative_session:_save_conversation:1297 - ğŸ’¾ Saved user message to .tmp/llm_sessions/llm_session_20250828_195038/iter4_user.txt
2025-08-28T19:51:30.966485Z DEBUG    llm_iterative_session:_call_llm:1019 - Adding 1.8s delay for iteration 4 to avoid rate limits
2025-08-28T19:51:32.766658Z INFO     llm_iterative_session:_call_llm:1022 - ğŸ“¤ Calling anthropic API
2025-08-28T19:51:32.766941Z DEBUG    llm_iterative_session:_call_llm:1023 -    Prompt length: 168 chars
2025-08-28T19:51:48.927804Z INFO     llm_iterative_session:_call_llm:1038 - ğŸ“¥ Response received in 16.2s (3644 chars)
2025-08-28T19:51:48.928179Z DEBUG    llm_iterative_session:_save_conversation:1297 - ğŸ’¾ Saved assistant message to .tmp/llm_sessions/llm_session_20250828_195038/iter4_assistant.txt
2025-08-28T19:51:48.928243Z INFO     vrl_testing_loop_clean:run_automated_llm_generation:1263 - Testing iteration 4
2025-08-28T19:51:48.928290Z INFO     vrl_testing_loop_clean:_log_with_timestamp:1111 - ============================================================
2025-08-28T19:51:48.928328Z INFO     vrl_testing_loop_clean:_log_with_timestamp:1111 - TESTING LLM-GENERATED VRL (Iteration 4)
2025-08-28T19:51:48.928362Z INFO     vrl_testing_loop_clean:_log_with_timestamp:1111 - ============================================================
2025-08-28T19:51:48.928400Z INFO     vrl_testing_loop_clean:_log_with_timestamp:1111 - 
1. TESTING WITH PyVRL
2025-08-28T19:51:48.928434Z INFO     vrl_testing_loop_clean:_log_with_timestamp:1111 - ----------------------------------------
2025-08-28T19:51:48.929325Z ERROR    vrl_testing_loop_clean:test_with_pyvrl:311 - âœ— PyVRL validation failed: 
error[E205]: reserved keyword
   â”Œâ”€ :86:7
   â”‚
86 â”‚       for detail in resource_details {
   â”‚       ^^^
   â”‚       â”‚
   â”‚       this identifier name is reserved for future use in the language
   â”‚       use a different name instead
   â”‚
   = see language documentation at https://vrl.dev
   = try your code in the VRL REPL, learn more at https://vrl.dev/examples

error[E701]: call to undefined variable
   â”Œâ”€ :87:21
   â”‚
87 â”‚         if contains(detail, "=") {
   â”‚                     ^^^^^^
   â”‚                     â”‚
   â”‚                     undefined variable
   â”‚                     did you mean "null"?
   â”‚
   = see language documentation at https://vrl.dev
   = try your code in the VRL REPL, learn more at https://vrl.dev/examples

error[E203]: syntax error
    â”Œâ”€ :109:7
    â”‚
109 â”‚       }
    â”‚       ^
    â”‚       â”‚
    â”‚       unexpected syntax token: "RBrace"
    â”‚       expected one of: "!", "(", "[", "_", "abort", "false", "float literal", "function call", "identifier", "if", "integer literal", "null", "raw string literal", "regex literal", "return", "string literal", "timestamp literal", "true", "{", "path literal"
    â”‚
    = see language documentation at https://vrl.dev
    = try your code in the VRL REPL, learn more at https://vrl.dev/examples

error[E203]: syntax error
    â”Œâ”€ :110:5
    â”‚
110 â”‚     }
    â”‚     ^
    â”‚     â”‚
    â”‚     unexpected syntax token: "RBrace"
    â”‚     expected one of: "!", "(", "[", "_", "abort", "false", "float literal", "function call", "identifier", "if", "integer literal", "null", "raw string literal", "regex literal", "return", "string literal", "timestamp literal", "true", "{", "path literal"
    â”‚
    = see language documentation at https://vrl.dev
    = try your code in the VRL REPL, learn more at https://vrl.dev/examples

error[E203]: syntax error
    â”Œâ”€ :111:3
    â”‚
111 â”‚   }
    â”‚   ^
    â”‚   â”‚
    â”‚   unexpected syntax token: "RBrace"
    â”‚   expected one of: "!", "(", "[", "_", "abort", "false", "float literal", "function call", "identifier", "if", "integer literal", "null", "raw string literal", "regex literal", "return", "string literal", "timestamp literal", "true", "{", "path literal"
    â”‚
    = see language documentation at https://vrl.dev
    = try your code in the VRL REPL, learn more at https://vrl.dev/examples

error[E203]: syntax error
    â”Œâ”€ :112:1
    â”‚
112 â”‚ }
    â”‚ ^
    â”‚ â”‚
    â”‚ unexpected syntax token: "RBrace"
    â”‚ expected one of: "!", "(", "[", "_", "abort", "false", "float literal", "function call", "identifier", "if", "integer literal", "null", "raw string literal", "regex literal", "return", "string literal", "timestamp literal", "true", "{", "path literal"
    â”‚
    = see language documentation at https://vrl.dev
    = try your code in the VRL REPL, learn more at https://vrl.dev/examples

2025-08-28T19:51:48.929424Z INFO     vrl_testing_loop_clean:_log_with_timestamp:1111 - âŒ LLM VRL iteration 4 failed PyVRL validation
2025-08-28T19:51:48.929495Z INFO     error_batch_collector:collect_all_errors:46 - ğŸ“‹ Phase 1: PyVRL syntax validation
2025-08-28T19:51:48.929551Z INFO     error_batch_collector:collect_all_errors:52 - ğŸ“‹ Phase 2: Vector CLI validation
2025-08-28T19:51:48.936372Z INFO     error_batch_collector:collect_all_errors:75 - ğŸ“Š Collected 1 total errors
2025-08-28T19:51:48.936456Z INFO     error_batch_collector:collect_all_errors:79 -    other: 1 errors
2025-08-28T19:51:48.936512Z INFO     vrl_testing_loop_clean:run_automated_llm_generation:1347 - ğŸ“Š Collected 1 errors for batch fixing
2025-08-28T19:51:48.936566Z INFO     llm_iterative_session:iterate_with_feedback:713 - ğŸ”„ Iterating VRL generation (iteration 5)
2025-08-28T19:51:48.936770Z DEBUG    llm_iterative_session:_save_conversation:1297 - ğŸ’¾ Saved user message to .tmp/llm_sessions/llm_session_20250828_195038/iter5_user.txt
2025-08-28T19:51:48.936825Z DEBUG    llm_iterative_session:_call_llm:1019 - Adding 2.0s delay for iteration 5 to avoid rate limits
2025-08-28T19:51:50.937008Z INFO     llm_iterative_session:_call_llm:1022 - ğŸ“¤ Calling anthropic API
2025-08-28T19:51:50.942211Z DEBUG    llm_iterative_session:_call_llm:1023 -    Prompt length: 168 chars
2025-08-28T19:52:08.039684Z INFO     llm_iterative_session:_call_llm:1038 - ğŸ“¥ Response received in 17.1s (3819 chars)
2025-08-28T19:52:08.040058Z DEBUG    llm_iterative_session:_save_conversation:1297 - ğŸ’¾ Saved assistant message to .tmp/llm_sessions/llm_session_20250828_195038/iter5_assistant.txt
2025-08-28T19:52:08.040122Z INFO     vrl_testing_loop_clean:run_automated_llm_generation:1263 - Testing iteration 5
2025-08-28T19:52:08.040171Z INFO     vrl_testing_loop_clean:_log_with_timestamp:1111 - ============================================================
2025-08-28T19:52:08.040220Z INFO     vrl_testing_loop_clean:_log_with_timestamp:1111 - TESTING LLM-GENERATED VRL (Iteration 5)
2025-08-28T19:52:08.040277Z INFO     vrl_testing_loop_clean:_log_with_timestamp:1111 - ============================================================
2025-08-28T19:52:08.040325Z INFO     vrl_testing_loop_clean:_log_with_timestamp:1111 - 
1. TESTING WITH PyVRL
2025-08-28T19:52:08.040364Z INFO     vrl_testing_loop_clean:_log_with_timestamp:1111 - ----------------------------------------
2025-08-28T19:52:08.041255Z ERROR    vrl_testing_loop_clean:test_with_pyvrl:311 - âœ— PyVRL validation failed: 
error[E205]: reserved keyword
   â”Œâ”€ :86:7
   â”‚
86 â”‚       for detail in resource_details {
   â”‚       ^^^
   â”‚       â”‚
   â”‚       this identifier name is reserved for future use in the language
   â”‚       use a different name instead
   â”‚
   = see language documentation at https://vrl.dev
   = try your code in the VRL REPL, learn more at https://vrl.dev/examples

error[E701]: call to undefined variable
   â”Œâ”€ :87:21
   â”‚
87 â”‚         if contains(detail, "=") {
   â”‚                     ^^^^^^
   â”‚                     â”‚
   â”‚                     undefined variable
   â”‚                     did you mean "null"?
   â”‚
   = see language documentation at https://vrl.dev
   = try your code in the VRL REPL, learn more at https://vrl.dev/examples

error[E203]: syntax error
    â”Œâ”€ :109:7
    â”‚
109 â”‚       }
    â”‚       ^
    â”‚       â”‚
    â”‚       unexpected syntax token: "RBrace"
    â”‚       expected one of: "!", "(", "[", "_", "abort", "false", "float literal", "function call", "identifier", "if", "integer literal", "null", "raw string literal", "regex literal", "return", "string literal", "timestamp literal", "true", "{", "path literal"
    â”‚
    = see language documentation at https://vrl.dev
    = try your code in the VRL REPL, learn more at https://vrl.dev/examples

error[E203]: syntax error
    â”Œâ”€ :110:5
    â”‚
110 â”‚     }
    â”‚     ^
    â”‚     â”‚
    â”‚     unexpected syntax token: "RBrace"
    â”‚     expected one of: "!", "(", "[", "_", "abort", "false", "float literal", "function call", "identifier", "if", "integer literal", "null", "raw string literal", "regex literal", "return", "string literal", "timestamp literal", "true", "{", "path literal"
    â”‚
    = see language documentation at https://vrl.dev
    = try your code in the VRL REPL, learn more at https://vrl.dev/examples

error[E203]: syntax error
    â”Œâ”€ :111:3
    â”‚
111 â”‚   }
    â”‚   ^
    â”‚   â”‚
    â”‚   unexpected syntax token: "RBrace"
    â”‚   expected one of: "!", "(", "[", "_", "abort", "false", "float literal", "function call", "identifier", "if", "integer literal", "null", "raw string literal", "regex literal", "return", "string literal", "timestamp literal", "true", "{", "path literal"
    â”‚
    = see language documentation at https://vrl.dev
    = try your code in the VRL REPL, learn more at https://vrl.dev/examples

error[E203]: syntax error
    â”Œâ”€ :112:1
    â”‚
112 â”‚ }
    â”‚ ^
    â”‚ â”‚
    â”‚ unexpected syntax token: "RBrace"
    â”‚ expected one of: "!", "(", "[", "_", "abort", "false", "float literal", "function call", "identifier", "if", "integer literal", "null", "raw string literal", "regex literal", "return", "string literal", "timestamp literal", "true", "{", "path literal"
    â”‚
    = see language documentation at https://vrl.dev
    = try your code in the VRL REPL, learn more at https://vrl.dev/examples

error[E103]: unhandled fallible assignment
    â”Œâ”€ :116:16
    â”‚
116 â”‚   .log_level = downcase(.log_level)
    â”‚   ------------ ^^^^^^^^^^^^^^^^^^^^
    â”‚   â”‚            â”‚
    â”‚   â”‚            this expression is fallible because at least one argument's type cannot be verified to be valid
    â”‚   â”‚            update the expression to be infallible by adding a `!`: `downcase!(.log_level)`
    â”‚   â”‚            `.log_level` argument type is `any` and this function expected a parameter `value` of type `string`
    â”‚   or change this to an infallible assignment:
    â”‚   .log_level, err = downcase(.log_level)
    â”‚
    = see documentation about error handling at https://errors.vrl.dev/#handling
    = see functions characteristics documentation at https://vrl.dev/expressions/#function-call-characteristics
    = learn more about error code 103 at https://errors.vrl.dev/103
    = see language documentation at https://vrl.dev
    = try your code in the VRL REPL, learn more at https://vrl.dev/examples

error[E103]: unhandled fallible assignment
    â”Œâ”€ :122:24
    â”‚
122 â”‚   .openstack.service = downcase(.openstack.service)
    â”‚   -------------------- ^^^^^^^^^^^^^^^^^^^^^^^^^^^^
    â”‚   â”‚                    â”‚
    â”‚   â”‚                    this expression is fallible because at least one argument's type cannot be verified to be valid
    â”‚   â”‚                    update the expression to be infallible by adding a `!`: `downcase!(.openstack.service)`
    â”‚   â”‚                    `.openstack.service` argument type is `any` and this function expected a parameter `value` of type `string`
    â”‚   or change this to an infallible assignment:
    â”‚   .openstack.service, err = downcase(.openstack.service)
    â”‚
    = see documentation about error handling at https://errors.vrl.dev/#handling
    = see functions characteristics documentation at https://vrl.dev/expressions/#function-call-characteristics
    = learn more about error code 103 at https://errors.vrl.dev/103
    = see language documentation at https://vrl.dev
    = try your code in the VRL REPL, learn more at https://vrl.dev/examples

error[E103]: unhandled fallible assignment
    â”Œâ”€ :126:27
    â”‚
126 â”‚   .openstack.request_id = downcase(.openstack.request_id)
    â”‚   ----------------------- ^^^^^^^^^^^^^^^^^^^^^^^^^^^^^^^
    â”‚   â”‚                       â”‚
    â”‚   â”‚                       this expression is fallible because at least one argument's type cannot be verified to be valid
    â”‚   â”‚                       update the expression to be infallible by adding a `!`: `downcase!(.openstack.request_id)`
    â”‚   â”‚                       `.openstack.request_id` argument type is `any` and this function expected a parameter `value` of type `string`
    â”‚   or change this to an infallible assignment:
    â”‚   .openstack.request_id, err = downcase(.openstack.request_id)
    â”‚
    = see documentation about error handling at https://errors.vrl.dev/#handling
    = see functions characteristics documentation at https://vrl.dev/expressions/#function-call-characteristics
    = learn more about error code 103 at https://errors.vrl.dev/103
    = see language documentation at https://vrl.dev
    = try your code in the VRL REPL, learn more at https://vrl.dev/examples

error[E103]: unhandled fallible assignment
    â”Œâ”€ :130:16
    â”‚
130 â”‚   .client_ip = downcase(.client_ip)
    â”‚   ------------ ^^^^^^^^^^^^^^^^^^^^
    â”‚   â”‚            â”‚
    â”‚   â”‚            this expression is fallible because at least one argument's type cannot be verified to be valid
    â”‚   â”‚            update the expression to be infallible by adding a `!`: `downcase!(.client_ip)`
    â”‚   â”‚            `.client_ip` argument type is `any` and this function expected a parameter `value` of type `string`
    â”‚   or change this to an infallible assignment:
    â”‚   .client_ip, err = downcase(.client_ip)
    â”‚
    = see documentation about error handling at https://errors.vrl.dev/#handling
    = see functions characteristics documentation at https://vrl.dev/expressions/#function-call-characteristics
    = learn more about error code 103 at https://errors.vrl.dev/103
    = see language documentation at https://vrl.dev
    = try your code in the VRL REPL, learn more at https://vrl.dev/examples

error[E103]: unhandled fallible assignment
    â”Œâ”€ :134:18
    â”‚
134 â”‚   .http_method = upcase(.http_method)
    â”‚   -------------- ^^^^^^^^^^^^^^^^^^^^
    â”‚   â”‚              â”‚
    â”‚   â”‚              this expression is fallible because at least one argument's type cannot be verified to be valid
    â”‚   â”‚              update the expression to be infallible by adding a `!`: `upcase!(.http_method)`
    â”‚   â”‚              `.http_method` argument type is `any` and this function expected a parameter `value` of type `string`
    â”‚   or change this to an infallible assignment:
    â”‚   .http_method, err = upcase(.http_method)
    â”‚
    = see documentation about error handling at https://errors.vrl.dev/#handling
    = see functions characteristics documentation at https://vrl.dev/expressions/#function-call-characteristics
    = learn more about error code 103 at https://errors.vrl.dev/103
    = see language documentation at https://vrl.dev
    = try your code in the VRL REPL, learn more at https://vrl.dev/examples

error[E103]: unhandled fallible assignment
    â”Œâ”€ :138:16
    â”‚
138 â”‚   .http_path = downcase(.http_path)
    â”‚   ------------ ^^^^^^^^^^^^^^^^^^^^
    â”‚   â”‚            â”‚
    â”‚   â”‚            this expression is fallible because at least one argument's type cannot be verified to be valid
    â”‚   â”‚            update the expression to be infallible by adding a `!`: `downcase!(.http_path)`
    â”‚   â”‚            `.http_path` argument type is `any` and this function expected a parameter `value` of type `string`
    â”‚   or change this to an infallible assignment:
    â”‚   .http_path, err = downcase(.http_path)
    â”‚
    = see documentation about error handling at https://errors.vrl.dev/#handling
    = see functions characteristics documentation at https://vrl.dev/expressions/#function-call-characteristics
    = learn more about error code 103 at https://errors.vrl.dev/103
    = see language documentation at https://vrl.dev
    = try your code in the VRL REPL, learn more at https://vrl.dev/examples

2025-08-28T19:52:08.041365Z INFO     vrl_testing_loop_clean:_log_with_timestamp:1111 - âŒ LLM VRL iteration 5 failed PyVRL validation
2025-08-28T19:52:08.041442Z INFO     error_batch_collector:collect_all_errors:46 - ğŸ“‹ Phase 1: PyVRL syntax validation
2025-08-28T19:52:08.041496Z INFO     error_batch_collector:collect_all_errors:52 - ğŸ“‹ Phase 2: Vector CLI validation
2025-08-28T19:52:08.047968Z INFO     error_batch_collector:collect_all_errors:75 - ğŸ“Š Collected 1 total errors
2025-08-28T19:52:08.048077Z INFO     error_batch_collector:collect_all_errors:79 -    other: 1 errors
2025-08-28T19:52:08.048142Z INFO     vrl_testing_loop_clean:run_automated_llm_generation:1347 - ğŸ“Š Collected 1 errors for batch fixing
2025-08-28T19:52:08.048196Z INFO     llm_iterative_session:iterate_with_feedback:713 - ğŸ”„ Iterating VRL generation (iteration 6)
2025-08-28T19:52:08.048393Z DEBUG    llm_iterative_session:_save_conversation:1297 - ğŸ’¾ Saved user message to .tmp/llm_sessions/llm_session_20250828_195038/iter6_user.txt
2025-08-28T19:52:08.048452Z DEBUG    llm_iterative_session:_call_llm:1019 - Adding 2.2s delay for iteration 6 to avoid rate limits
2025-08-28T19:52:10.248638Z INFO     llm_iterative_session:_call_llm:1022 - ğŸ“¤ Calling anthropic API
2025-08-28T19:52:10.249003Z DEBUG    llm_iterative_session:_call_llm:1023 -    Prompt length: 465 chars
2025-08-28T19:52:27.492746Z INFO     llm_iterative_session:_call_llm:1038 - ğŸ“¥ Response received in 17.2s (3890 chars)
2025-08-28T19:52:27.493077Z DEBUG    llm_iterative_session:_save_conversation:1297 - ğŸ’¾ Saved assistant message to .tmp/llm_sessions/llm_session_20250828_195038/iter6_assistant.txt
2025-08-28T19:52:27.493133Z INFO     vrl_testing_loop_clean:run_automated_llm_generation:1263 - Testing iteration 6
2025-08-28T19:52:27.493182Z INFO     vrl_testing_loop_clean:_log_with_timestamp:1111 - ============================================================
2025-08-28T19:52:27.493220Z INFO     vrl_testing_loop_clean:_log_with_timestamp:1111 - TESTING LLM-GENERATED VRL (Iteration 6)
2025-08-28T19:52:27.493256Z INFO     vrl_testing_loop_clean:_log_with_timestamp:1111 - ============================================================
2025-08-28T19:52:27.493297Z INFO     vrl_testing_loop_clean:_log_with_timestamp:1111 - 
1. TESTING WITH PyVRL
2025-08-28T19:52:27.493332Z INFO     vrl_testing_loop_clean:_log_with_timestamp:1111 - ----------------------------------------
2025-08-28T19:52:27.494199Z ERROR    vrl_testing_loop_clean:test_with_pyvrl:311 - âœ— PyVRL validation failed: 
error[E205]: reserved keyword
   â”Œâ”€ :87:7
   â”‚
87 â”‚       while i < length(resource_details) {
   â”‚       ^^^^^
   â”‚       â”‚
   â”‚       this identifier name is reserved for future use in the language
   â”‚       use a different name instead
   â”‚
   = see language documentation at https://vrl.dev
   = try your code in the VRL REPL, learn more at https://vrl.dev/examples

error[E203]: syntax error
   â”Œâ”€ :88:35
   â”‚
88 â”‚         detail = resource_details[i]
   â”‚                                   ^
   â”‚                                   â”‚
   â”‚                                   unexpected syntax token: "Identifier"
   â”‚                                   expected one of: "integer literal"
   â”‚
   = see language documentation at https://vrl.dev
   = try your code in the VRL REPL, learn more at https://vrl.dev/examples

error[E701]: call to undefined variable
   â”Œâ”€ :89:21
   â”‚
89 â”‚         if contains(detail, "=") {
   â”‚                     ^^^^^^
   â”‚                     â”‚
   â”‚                     undefined variable
   â”‚                     did you mean "null"?
   â”‚
   = see language documentation at https://vrl.dev
   = try your code in the VRL REPL, learn more at https://vrl.dev/examples

error[E701]: call to undefined variable
    â”Œâ”€ :111:13
    â”‚
111 â”‚         i = i + 1
    â”‚             ^
    â”‚             â”‚
    â”‚             undefined variable
    â”‚             did you mean "null"?
    â”‚
    = see language documentation at https://vrl.dev
    = try your code in the VRL REPL, learn more at https://vrl.dev/examples

error[E203]: syntax error
    â”Œâ”€ :112:7
    â”‚
112 â”‚       }
    â”‚       ^
    â”‚       â”‚
    â”‚       unexpected syntax token: "RBrace"
    â”‚       expected one of: "!", "(", "[", "_", "abort", "false", "float literal", "function call", "identifier", "if", "integer literal", "null", "raw string literal", "regex literal", "return", "string literal", "timestamp literal", "true", "{", "path literal"
    â”‚
    = see language documentation at https://vrl.dev
    = try your code in the VRL REPL, learn more at https://vrl.dev/examples

error[E203]: syntax error
    â”Œâ”€ :113:5
    â”‚
113 â”‚     }
    â”‚     ^
    â”‚     â”‚
    â”‚     unexpected syntax token: "RBrace"
    â”‚     expected one of: "!", "(", "[", "_", "abort", "false", "float literal", "function call", "identifier", "if", "integer literal", "null", "raw string literal", "regex literal", "return", "string literal", "timestamp literal", "true", "{", "path literal"
    â”‚
    = see language documentation at https://vrl.dev
    = try your code in the VRL REPL, learn more at https://vrl.dev/examples

error[E203]: syntax error
    â”Œâ”€ :114:3
    â”‚
114 â”‚   }
    â”‚   ^
    â”‚   â”‚
    â”‚   unexpected syntax token: "RBrace"
    â”‚   expected one of: "!", "(", "[", "_", "abort", "false", "float literal", "function call", "identifier", "if", "integer literal", "null", "raw string literal", "regex literal", "return", "string literal", "timestamp literal", "true", "{", "path literal"
    â”‚
    = see language documentation at https://vrl.dev
    = try your code in the VRL REPL, learn more at https://vrl.dev/examples

error[E203]: syntax error
    â”Œâ”€ :115:1
    â”‚
115 â”‚ }
    â”‚ ^
    â”‚ â”‚
    â”‚ unexpected syntax token: "RBrace"
    â”‚ expected one of: "!", "(", "[", "_", "abort", "false", "float literal", "function call", "identifier", "if", "integer literal", "null", "raw string literal", "regex literal", "return", "string literal", "timestamp literal", "true", "{", "path literal"
    â”‚
    = see language documentation at https://vrl.dev
    = try your code in the VRL REPL, learn more at https://vrl.dev/examples

error[E103]: unhandled fallible assignment
    â”Œâ”€ :119:16
    â”‚
119 â”‚   .log_level = downcase(.log_level)
    â”‚   ------------ ^^^^^^^^^^^^^^^^^^^^
    â”‚   â”‚            â”‚
    â”‚   â”‚            this expression is fallible because at least one argument's type cannot be verified to be valid
    â”‚   â”‚            update the expression to be infallible by adding a `!`: `downcase!(.log_level)`
    â”‚   â”‚            `.log_level` argument type is `any` and this function expected a parameter `value` of type `string`
    â”‚   or change this to an infallible assignment:
    â”‚   .log_level, err = downcase(.log_level)
    â”‚
    = see documentation about error handling at https://errors.vrl.dev/#handling
    = see functions characteristics documentation at https://vrl.dev/expressions/#function-call-characteristics
    = learn more about error code 103 at https://errors.vrl.dev/103
    = see language documentation at https://vrl.dev
    = try your code in the VRL REPL, learn more at https://vrl.dev/examples

error[E103]: unhandled fallible assignment
    â”Œâ”€ :125:24
    â”‚
125 â”‚   .openstack.service = downcase(.openstack.service)
    â”‚   -------------------- ^^^^^^^^^^^^^^^^^^^^^^^^^^^^
    â”‚   â”‚                    â”‚
    â”‚   â”‚                    this expression is fallible because at least one argument's type cannot be verified to be valid
    â”‚   â”‚                    update the expression to be infallible by adding a `!`: `downcase!(.openstack.service)`
    â”‚   â”‚                    `.openstack.service` argument type is `any` and this function expected a parameter `value` of type `string`
    â”‚   or change this to an infallible assignment:
    â”‚   .openstack.service, err = downcase(.openstack.service)
    â”‚
    = see documentation about error handling at https://errors.vrl.dev/#handling
    = see functions characteristics documentation at https://vrl.dev/expressions/#function-call-characteristics
    = learn more about error code 103 at https://errors.vrl.dev/103
    = see language documentation at https://vrl.dev
    = try your code in the VRL REPL, learn more at https://vrl.dev/examples

error[E103]: unhandled fallible assignment
    â”Œâ”€ :129:27
    â”‚
129 â”‚   .openstack.request_id = downcase(.openstack.request_id)
    â”‚   ----------------------- ^^^^^^^^^^^^^^^^^^^^^^^^^^^^^^^
    â”‚   â”‚                       â”‚
    â”‚   â”‚                       this expression is fallible because at least one argument's type cannot be verified to be valid
    â”‚   â”‚                       update the expression to be infallible by adding a `!`: `downcase!(.openstack.request_id)`
    â”‚   â”‚                       `.openstack.request_id` argument type is `any` and this function expected a parameter `value` of type `string`
    â”‚   or change this to an infallible assignment:
    â”‚   .openstack.request_id, err = downcase(.openstack.request_id)
    â”‚
    = see documentation about error handling at https://errors.vrl.dev/#handling
    = see functions characteristics documentation at https://vrl.dev/expressions/#function-call-characteristics
    = learn more about error code 103 at https://errors.vrl.dev/103
    = see language documentation at https://vrl.dev
    = try your code in the VRL REPL, learn more at https://vrl.dev/examples

error[E103]: unhandled fallible assignment
    â”Œâ”€ :133:16
    â”‚
133 â”‚   .client_ip = downcase(.client_ip)
    â”‚   ------------ ^^^^^^^^^^^^^^^^^^^^
    â”‚   â”‚            â”‚
    â”‚   â”‚            this expression is fallible because at least one argument's type cannot be verified to be valid
    â”‚   â”‚            update the expression to be infallible by adding a `!`: `downcase!(.client_ip)`
    â”‚   â”‚            `.client_ip` argument type is `any` and this function expected a parameter `value` of type `string`
    â”‚   or change this to an infallible assignment:
    â”‚   .client_ip, err = downcase(.client_ip)
    â”‚
    = see documentation about error handling at https://errors.vrl.dev/#handling
    = see functions characteristics documentation at https://vrl.dev/expressions/#function-call-characteristics
    = learn more about error code 103 at https://errors.vrl.dev/103
    = see language documentation at https://vrl.dev
    = try your code in the VRL REPL, learn more at https://vrl.dev/examples

error[E103]: unhandled fallible assignment
    â”Œâ”€ :137:18
    â”‚
137 â”‚   .http_method = upcase(.http_method)
    â”‚   -------------- ^^^^^^^^^^^^^^^^^^^^
    â”‚   â”‚              â”‚
    â”‚   â”‚              this expression is fallible because at least one argument's type cannot be verified to be valid
    â”‚   â”‚              update the expression to be infallible by adding a `!`: `upcase!(.http_method)`
    â”‚   â”‚              `.http_method` argument type is `any` and this function expected a parameter `value` of type `string`
    â”‚   or change this to an infallible assignment:
    â”‚   .http_method, err = upcase(.http_method)
    â”‚
    = see documentation about error handling at https://errors.vrl.dev/#handling
    = see functions characteristics documentation at https://vrl.dev/expressions/#function-call-characteristics
    = learn more about error code 103 at https://errors.vrl.dev/103
    = see language documentation at https://vrl.dev
    = try your code in the VRL REPL, learn more at https://vrl.dev/examples

error[E103]: unhandled fallible assignment
    â”Œâ”€ :141:16
    â”‚
141 â”‚   .http_path = downcase(.http_path)
    â”‚   ------------ ^^^^^^^^^^^^^^^^^^^^
    â”‚   â”‚            â”‚
    â”‚   â”‚            this expression is fallible because at least one argument's type cannot be verified to be valid
    â”‚   â”‚            update the expression to be infallible by adding a `!`: `downcase!(.http_path)`
    â”‚   â”‚            `.http_path` argument type is `any` and this function expected a parameter `value` of type `string`
    â”‚   or change this to an infallible assignment:
    â”‚   .http_path, err = downcase(.http_path)
    â”‚
    = see documentation about error handling at https://errors.vrl.dev/#handling
    = see functions characteristics documentation at https://vrl.dev/expressions/#function-call-characteristics
    = learn more about error code 103 at https://errors.vrl.dev/103
    = see language documentation at https://vrl.dev
    = try your code in the VRL REPL, learn more at https://vrl.dev/examples

2025-08-28T19:52:27.494298Z INFO     vrl_testing_loop_clean:_log_with_timestamp:1111 - âŒ LLM VRL iteration 6 failed PyVRL validation
2025-08-28T19:52:27.494366Z INFO     error_batch_collector:collect_all_errors:46 - ğŸ“‹ Phase 1: PyVRL syntax validation
2025-08-28T19:52:27.494417Z INFO     error_batch_collector:collect_all_errors:52 - ğŸ“‹ Phase 2: Vector CLI validation
2025-08-28T19:52:27.500731Z INFO     error_batch_collector:collect_all_errors:75 - ğŸ“Š Collected 1 total errors
2025-08-28T19:52:27.500827Z INFO     error_batch_collector:collect_all_errors:79 -    other: 1 errors
2025-08-28T19:52:27.500892Z INFO     vrl_testing_loop_clean:run_automated_llm_generation:1347 - ğŸ“Š Collected 1 errors for batch fixing
2025-08-28T19:52:27.500970Z INFO     llm_iterative_session:iterate_with_feedback:713 - ğŸ”„ Iterating VRL generation (iteration 7)
2025-08-28T19:52:27.501182Z DEBUG    llm_iterative_session:_save_conversation:1297 - ğŸ’¾ Saved user message to .tmp/llm_sessions/llm_session_20250828_195038/iter7_user.txt
2025-08-28T19:52:27.501245Z DEBUG    llm_iterative_session:_call_llm:1019 - Adding 2.4s delay for iteration 7 to avoid rate limits
2025-08-28T19:52:29.901435Z INFO     llm_iterative_session:_call_llm:1022 - ğŸ“¤ Calling anthropic API
2025-08-28T19:52:29.901816Z DEBUG    llm_iterative_session:_call_llm:1023 -    Prompt length: 465 chars
2025-08-28T19:52:47.687347Z INFO     llm_iterative_session:_call_llm:1038 - ğŸ“¥ Response received in 17.8s (4043 chars)
2025-08-28T19:52:47.687739Z DEBUG    llm_iterative_session:_save_conversation:1297 - ğŸ’¾ Saved assistant message to .tmp/llm_sessions/llm_session_20250828_195038/iter7_assistant.txt
2025-08-28T19:52:47.687796Z INFO     vrl_testing_loop_clean:run_automated_llm_generation:1263 - Testing iteration 7
2025-08-28T19:52:47.687845Z INFO     vrl_testing_loop_clean:_log_with_timestamp:1111 - ============================================================
2025-08-28T19:52:47.687884Z INFO     vrl_testing_loop_clean:_log_with_timestamp:1111 - TESTING LLM-GENERATED VRL (Iteration 7)
2025-08-28T19:52:47.687943Z INFO     vrl_testing_loop_clean:_log_with_timestamp:1111 - ============================================================
2025-08-28T19:52:47.687992Z INFO     vrl_testing_loop_clean:_log_with_timestamp:1111 - 
1. TESTING WITH PyVRL
2025-08-28T19:52:47.688028Z INFO     vrl_testing_loop_clean:_log_with_timestamp:1111 - ----------------------------------------
2025-08-28T19:52:47.688936Z ERROR    vrl_testing_loop_clean:test_with_pyvrl:311 - âœ— PyVRL validation failed: 
error[E205]: reserved keyword
   â”Œâ”€ :88:7
   â”‚
88 â”‚       while i < resource_details_length {
   â”‚       ^^^^^
   â”‚       â”‚
   â”‚       this identifier name is reserved for future use in the language
   â”‚       use a different name instead
   â”‚
   = see language documentation at https://vrl.dev
   = try your code in the VRL REPL, learn more at https://vrl.dev/examples

error[E203]: syntax error
   â”Œâ”€ :90:37
   â”‚
90 â”‚           detail = resource_details[i]
   â”‚                                     ^
   â”‚                                     â”‚
   â”‚                                     unexpected syntax token: "Identifier"
   â”‚                                     expected one of: "integer literal"
   â”‚
   = see language documentation at https://vrl.dev
   = try your code in the VRL REPL, learn more at https://vrl.dev/examples

error[E701]: call to undefined variable
   â”Œâ”€ :91:23
   â”‚
91 â”‚           if contains(detail, "=") {
   â”‚                       ^^^^^^
   â”‚                       â”‚
   â”‚                       undefined variable
   â”‚                       did you mean "null"?
   â”‚
   = see language documentation at https://vrl.dev
   = try your code in the VRL REPL, learn more at https://vrl.dev/examples

error[E203]: syntax error
    â”Œâ”€ :113:9
    â”‚
113 â”‚         }
    â”‚         ^
    â”‚         â”‚
    â”‚         unexpected syntax token: "RBrace"
    â”‚         expected one of: "!", "(", "[", "_", "abort", "false", "float literal", "function call", "identifier", "if", "integer literal", "null", "raw string literal", "regex literal", "return", "string literal", "timestamp literal", "true", "{", "path literal"
    â”‚
    = see language documentation at https://vrl.dev
    = try your code in the VRL REPL, learn more at https://vrl.dev/examples

error[E701]: call to undefined variable
    â”Œâ”€ :114:13
    â”‚
114 â”‚         i = i + 1
    â”‚             ^
    â”‚             â”‚
    â”‚             undefined variable
    â”‚             did you mean "null"?
    â”‚
    = see language documentation at https://vrl.dev
    = try your code in the VRL REPL, learn more at https://vrl.dev/examples

error[E203]: syntax error
    â”Œâ”€ :115:7
    â”‚
115 â”‚       }
    â”‚       ^
    â”‚       â”‚
    â”‚       unexpected syntax token: "RBrace"
    â”‚       expected one of: "!", "(", "[", "_", "abort", "false", "float literal", "function call", "identifier", "if", "integer literal", "null", "raw string literal", "regex literal", "return", "string literal", "timestamp literal", "true", "{", "path literal"
    â”‚
    = see language documentation at https://vrl.dev
    = try your code in the VRL REPL, learn more at https://vrl.dev/examples

error[E203]: syntax error
    â”Œâ”€ :116:5
    â”‚
116 â”‚     }
    â”‚     ^
    â”‚     â”‚
    â”‚     unexpected syntax token: "RBrace"
    â”‚     expected one of: "!", "(", "[", "_", "abort", "false", "float literal", "function call", "identifier", "if", "integer literal", "null", "raw string literal", "regex literal", "return", "string literal", "timestamp literal", "true", "{", "path literal"
    â”‚
    = see language documentation at https://vrl.dev
    = try your code in the VRL REPL, learn more at https://vrl.dev/examples

error[E203]: syntax error
    â”Œâ”€ :117:3
    â”‚
117 â”‚   }
    â”‚   ^
    â”‚   â”‚
    â”‚   unexpected syntax token: "RBrace"
    â”‚   expected one of: "!", "(", "[", "_", "abort", "false", "float literal", "function call", "identifier", "if", "integer literal", "null", "raw string literal", "regex literal", "return", "string literal", "timestamp literal", "true", "{", "path literal"
    â”‚
    = see language documentation at https://vrl.dev
    = try your code in the VRL REPL, learn more at https://vrl.dev/examples

error[E203]: syntax error
    â”Œâ”€ :118:1
    â”‚
118 â”‚ }
    â”‚ ^
    â”‚ â”‚
    â”‚ unexpected syntax token: "RBrace"
    â”‚ expected one of: "!", "(", "[", "_", "abort", "false", "float literal", "function call", "identifier", "if", "integer literal", "null", "raw string literal", "regex literal", "return", "string literal", "timestamp literal", "true", "{", "path literal"
    â”‚
    = see language documentation at https://vrl.dev
    = try your code in the VRL REPL, learn more at https://vrl.dev/examples

error[E103]: unhandled fallible assignment
    â”Œâ”€ :122:16
    â”‚
122 â”‚   .log_level = downcase(.log_level)
    â”‚   ------------ ^^^^^^^^^^^^^^^^^^^^
    â”‚   â”‚            â”‚
    â”‚   â”‚            this expression is fallible because at least one argument's type cannot be verified to be valid
    â”‚   â”‚            update the expression to be infallible by adding a `!`: `downcase!(.log_level)`
    â”‚   â”‚            `.log_level` argument type is `any` and this function expected a parameter `value` of type `string`
    â”‚   or change this to an infallible assignment:
    â”‚   .log_level, err = downcase(.log_level)
    â”‚
    = see documentation about error handling at https://errors.vrl.dev/#handling
    = see functions characteristics documentation at https://vrl.dev/expressions/#function-call-characteristics
    = learn more about error code 103 at https://errors.vrl.dev/103
    = see language documentation at https://vrl.dev
    = try your code in the VRL REPL, learn more at https://vrl.dev/examples

error[E103]: unhandled fallible assignment
    â”Œâ”€ :128:24
    â”‚
128 â”‚   .openstack.service = downcase(.openstack.service)
    â”‚   -------------------- ^^^^^^^^^^^^^^^^^^^^^^^^^^^^
    â”‚   â”‚                    â”‚
    â”‚   â”‚                    this expression is fallible because at least one argument's type cannot be verified to be valid
    â”‚   â”‚                    update the expression to be infallible by adding a `!`: `downcase!(.openstack.service)`
    â”‚   â”‚                    `.openstack.service` argument type is `any` and this function expected a parameter `value` of type `string`
    â”‚   or change this to an infallible assignment:
    â”‚   .openstack.service, err = downcase(.openstack.service)
    â”‚
    = see documentation about error handling at https://errors.vrl.dev/#handling
    = see functions characteristics documentation at https://vrl.dev/expressions/#function-call-characteristics
    = learn more about error code 103 at https://errors.vrl.dev/103
    = see language documentation at https://vrl.dev
    = try your code in the VRL REPL, learn more at https://vrl.dev/examples

error[E103]: unhandled fallible assignment
    â”Œâ”€ :132:27
    â”‚
132 â”‚   .openstack.request_id = downcase(.openstack.request_id)
    â”‚   ----------------------- ^^^^^^^^^^^^^^^^^^^^^^^^^^^^^^^
    â”‚   â”‚                       â”‚
    â”‚   â”‚                       this expression is fallible because at least one argument's type cannot be verified to be valid
    â”‚   â”‚                       update the expression to be infallible by adding a `!`: `downcase!(.openstack.request_id)`
    â”‚   â”‚                       `.openstack.request_id` argument type is `any` and this function expected a parameter `value` of type `string`
    â”‚   or change this to an infallible assignment:
    â”‚   .openstack.request_id, err = downcase(.openstack.request_id)
    â”‚
    = see documentation about error handling at https://errors.vrl.dev/#handling
    = see functions characteristics documentation at https://vrl.dev/expressions/#function-call-characteristics
    = learn more about error code 103 at https://errors.vrl.dev/103
    = see language documentation at https://vrl.dev
    = try your code in the VRL REPL, learn more at https://vrl.dev/examples

error[E103]: unhandled fallible assignment
    â”Œâ”€ :136:16
    â”‚
136 â”‚   .client_ip = downcase(.client_ip)
    â”‚   ------------ ^^^^^^^^^^^^^^^^^^^^
    â”‚   â”‚            â”‚
    â”‚   â”‚            this expression is fallible because at least one argument's type cannot be verified to be valid
    â”‚   â”‚            update the expression to be infallible by adding a `!`: `downcase!(.client_ip)`
    â”‚   â”‚            `.client_ip` argument type is `any` and this function expected a parameter `value` of type `string`
    â”‚   or change this to an infallible assignment:
    â”‚   .client_ip, err = downcase(.client_ip)
    â”‚
    = see documentation about error handling at https://errors.vrl.dev/#handling
    = see functions characteristics documentation at https://vrl.dev/expressions/#function-call-characteristics
    = learn more about error code 103 at https://errors.vrl.dev/103
    = see language documentation at https://vrl.dev
    = try your code in the VRL REPL, learn more at https://vrl.dev/examples

error[E103]: unhandled fallible assignment
    â”Œâ”€ :140:18
    â”‚
140 â”‚   .http_method = upcase(.http_method)
    â”‚   -------------- ^^^^^^^^^^^^^^^^^^^^
    â”‚   â”‚              â”‚
    â”‚   â”‚              this expression is fallible because at least one argument's type cannot be verified to be valid
    â”‚   â”‚              update the expression to be infallible by adding a `!`: `upcase!(.http_method)`
    â”‚   â”‚              `.http_method` argument type is `any` and this function expected a parameter `value` of type `string`
    â”‚   or change this to an infallible assignment:
    â”‚   .http_method, err = upcase(.http_method)
    â”‚
    = see documentation about error handling at https://errors.vrl.dev/#handling
    = see functions characteristics documentation at https://vrl.dev/expressions/#function-call-characteristics
    = learn more about error code 103 at https://errors.vrl.dev/103
    = see language documentation at https://vrl.dev
    = try your code in the VRL REPL, learn more at https://vrl.dev/examples

error[E103]: unhandled fallible assignment
    â”Œâ”€ :144:16
    â”‚
144 â”‚   .http_path = downcase(.http_path)
    â”‚   ------------ ^^^^^^^^^^^^^^^^^^^^
    â”‚   â”‚            â”‚
    â”‚   â”‚            this expression is fallible because at least one argument's type cannot be verified to be valid
    â”‚   â”‚            update the expression to be infallible by adding a `!`: `downcase!(.http_path)`
    â”‚   â”‚            `.http_path` argument type is `any` and this function expected a parameter `value` of type `string`
    â”‚   or change this to an infallible assignment:
    â”‚   .http_path, err = downcase(.http_path)
    â”‚
    = see documentation about error handling at https://errors.vrl.dev/#handling
    = see functions characteristics documentation at https://vrl.dev/expressions/#function-call-characteristics
    = learn more about error code 103 at https://errors.vrl.dev/103
    = see language documentation at https://vrl.dev
    = try your code in the VRL REPL, learn more at https://vrl.dev/examples

2025-08-28T19:52:47.689040Z INFO     vrl_testing_loop_clean:_log_with_timestamp:1111 - âŒ LLM VRL iteration 7 failed PyVRL validation
2025-08-28T19:52:47.689115Z INFO     error_batch_collector:collect_all_errors:46 - ğŸ“‹ Phase 1: PyVRL syntax validation
2025-08-28T19:52:47.689173Z INFO     error_batch_collector:collect_all_errors:52 - ğŸ“‹ Phase 2: Vector CLI validation
2025-08-28T19:52:47.695982Z INFO     error_batch_collector:collect_all_errors:75 - ğŸ“Š Collected 1 total errors
2025-08-28T19:52:47.696073Z INFO     error_batch_collector:collect_all_errors:79 -    other: 1 errors
2025-08-28T19:52:47.696134Z INFO     vrl_testing_loop_clean:run_automated_llm_generation:1347 - ğŸ“Š Collected 1 errors for batch fixing
2025-08-28T19:52:47.696192Z INFO     llm_iterative_session:iterate_with_feedback:713 - ğŸ”„ Iterating VRL generation (iteration 8)
2025-08-28T19:52:47.696372Z DEBUG    llm_iterative_session:_save_conversation:1297 - ğŸ’¾ Saved user message to .tmp/llm_sessions/llm_session_20250828_195038/iter8_user.txt
2025-08-28T19:52:47.696434Z DEBUG    llm_iterative_session:_call_llm:1019 - Adding 2.6s delay for iteration 8 to avoid rate limits
2025-08-28T19:52:50.296591Z INFO     llm_iterative_session:_call_llm:1022 - ğŸ“¤ Calling anthropic API
2025-08-28T19:52:50.296867Z DEBUG    llm_iterative_session:_call_llm:1023 -    Prompt length: 465 chars
2025-08-28T19:53:11.248896Z INFO     llm_iterative_session:_call_llm:1038 - ğŸ“¥ Response received in 21.0s (4990 chars)
2025-08-28T19:53:11.250245Z DEBUG    llm_iterative_session:_save_conversation:1297 - ğŸ’¾ Saved assistant message to .tmp/llm_sessions/llm_session_20250828_195038/iter8_assistant.txt
2025-08-28T19:53:11.250305Z INFO     vrl_testing_loop_clean:run_automated_llm_generation:1263 - Testing iteration 8
2025-08-28T19:53:11.250355Z INFO     vrl_testing_loop_clean:_log_with_timestamp:1111 - ============================================================
2025-08-28T19:53:11.250398Z INFO     vrl_testing_loop_clean:_log_with_timestamp:1111 - TESTING LLM-GENERATED VRL (Iteration 8)
2025-08-28T19:53:11.250461Z INFO     vrl_testing_loop_clean:_log_with_timestamp:1111 - ============================================================
2025-08-28T19:53:11.250509Z INFO     vrl_testing_loop_clean:_log_with_timestamp:1111 - 
1. TESTING WITH PyVRL
2025-08-28T19:53:11.250545Z INFO     vrl_testing_loop_clean:_log_with_timestamp:1111 - ----------------------------------------
2025-08-28T19:53:11.252131Z ERROR    vrl_testing_loop_clean:test_with_pyvrl:311 - âœ— PyVRL validation failed: 
error[E105]: call to undefined function
   â”Œâ”€ :10:10
   â”‚
10 â”‚     ts = concat(parts[0], " ", parts[1], " ", parts[2])
   â”‚          ^^^^^^
   â”‚          â”‚
   â”‚          undefined function
   â”‚          did you mean "compact"?
   â”‚
   = learn more about error code 105 at https://errors.vrl.dev/105
   = see language documentation at https://vrl.dev
   = try your code in the VRL REPL, learn more at https://vrl.dev/examples

error[E103]: unhandled fallible assignment
    â”Œâ”€ :146:16
    â”‚
146 â”‚   .log_level = downcase(.log_level)
    â”‚   ------------ ^^^^^^^^^^^^^^^^^^^^
    â”‚   â”‚            â”‚
    â”‚   â”‚            this expression is fallible because at least one argument's type cannot be verified to be valid
    â”‚   â”‚            update the expression to be infallible by adding a `!`: `downcase!(.log_level)`
    â”‚   â”‚            `.log_level` argument type is `any` and this function expected a parameter `value` of type `string`
    â”‚   or change this to an infallible assignment:
    â”‚   .log_level, err = downcase(.log_level)
    â”‚
    = see documentation about error handling at https://errors.vrl.dev/#handling
    = see functions characteristics documentation at https://vrl.dev/expressions/#function-call-characteristics
    = learn more about error code 103 at https://errors.vrl.dev/103
    = see language documentation at https://vrl.dev
    = try your code in the VRL REPL, learn more at https://vrl.dev/examples

error[E103]: unhandled fallible assignment
    â”Œâ”€ :152:24
    â”‚
152 â”‚   .openstack.service = downcase(.openstack.service)
    â”‚   -------------------- ^^^^^^^^^^^^^^^^^^^^^^^^^^^^
    â”‚   â”‚                    â”‚
    â”‚   â”‚                    this expression is fallible because at least one argument's type cannot be verified to be valid
    â”‚   â”‚                    update the expression to be infallible by adding a `!`: `downcase!(.openstack.service)`
    â”‚   â”‚                    `.openstack.service` argument type is `any` and this function expected a parameter `value` of type `string`
    â”‚   or change this to an infallible assignment:
    â”‚   .openstack.service, err = downcase(.openstack.service)
    â”‚
    = see documentation about error handling at https://errors.vrl.dev/#handling
    = see functions characteristics documentation at https://vrl.dev/expressions/#function-call-characteristics
    = learn more about error code 103 at https://errors.vrl.dev/103
    = see language documentation at https://vrl.dev
    = try your code in the VRL REPL, learn more at https://vrl.dev/examples

error[E103]: unhandled fallible assignment
    â”Œâ”€ :156:27
    â”‚
156 â”‚   .openstack.request_id = downcase(.openstack.request_id)
    â”‚   ----------------------- ^^^^^^^^^^^^^^^^^^^^^^^^^^^^^^^
    â”‚   â”‚                       â”‚
    â”‚   â”‚                       this expression is fallible because at least one argument's type cannot be verified to be valid
    â”‚   â”‚                       update the expression to be infallible by adding a `!`: `downcase!(.openstack.request_id)`
    â”‚   â”‚                       `.openstack.request_id` argument type is `any` and this function expected a parameter `value` of type `string`
    â”‚   or change this to an infallible assignment:
    â”‚   .openstack.request_id, err = downcase(.openstack.request_id)
    â”‚
    = see documentation about error handling at https://errors.vrl.dev/#handling
    = see functions characteristics documentation at https://vrl.dev/expressions/#function-call-characteristics
    = learn more about error code 103 at https://errors.vrl.dev/103
    = see language documentation at https://vrl.dev
    = try your code in the VRL REPL, learn more at https://vrl.dev/examples

error[E103]: unhandled fallible assignment
    â”Œâ”€ :160:16
    â”‚
160 â”‚   .client_ip = downcase(.client_ip)
    â”‚   ------------ ^^^^^^^^^^^^^^^^^^^^
    â”‚   â”‚            â”‚
    â”‚   â”‚            this expression is fallible because at least one argument's type cannot be verified to be valid
    â”‚   â”‚            update the expression to be infallible by adding a `!`: `downcase!(.client_ip)`
    â”‚   â”‚            `.client_ip` argument type is `any` and this function expected a parameter `value` of type `string`
    â”‚   or change this to an infallible assignment:
    â”‚   .client_ip, err = downcase(.client_ip)
    â”‚
    = see documentation about error handling at https://errors.vrl.dev/#handling
    = see functions characteristics documentation at https://vrl.dev/expressions/#function-call-characteristics
    = learn more about error code 103 at https://errors.vrl.dev/103
    = see language documentation at https://vrl.dev
    = try your code in the VRL REPL, learn more at https://vrl.dev/examples

error[E103]: unhandled fallible assignment
    â”Œâ”€ :164:18
    â”‚
164 â”‚   .http_method = upcase(.http_method)
    â”‚   -------------- ^^^^^^^^^^^^^^^^^^^^
    â”‚   â”‚              â”‚
    â”‚   â”‚              this expression is fallible because at least one argument's type cannot be verified to be valid
    â”‚   â”‚              update the expression to be infallible by adding a `!`: `upcase!(.http_method)`
    â”‚   â”‚              `.http_method` argument type is `any` and this function expected a parameter `value` of type `string`
    â”‚   or change this to an infallible assignment:
    â”‚   .http_method, err = upcase(.http_method)
    â”‚
    = see documentation about error handling at https://errors.vrl.dev/#handling
    = see functions characteristics documentation at https://vrl.dev/expressions/#function-call-characteristics
    = learn more about error code 103 at https://errors.vrl.dev/103
    = see language documentation at https://vrl.dev
    = try your code in the VRL REPL, learn more at https://vrl.dev/examples

error[E103]: unhandled fallible assignment
    â”Œâ”€ :168:16
    â”‚
168 â”‚   .http_path = downcase(.http_path)
    â”‚   ------------ ^^^^^^^^^^^^^^^^^^^^
    â”‚   â”‚            â”‚
    â”‚   â”‚            this expression is fallible because at least one argument's type cannot be verified to be valid
    â”‚   â”‚            update the expression to be infallible by adding a `!`: `downcase!(.http_path)`
    â”‚   â”‚            `.http_path` argument type is `any` and this function expected a parameter `value` of type `string`
    â”‚   or change this to an infallible assignment:
    â”‚   .http_path, err = downcase(.http_path)
    â”‚
    = see documentation about error handling at https://errors.vrl.dev/#handling
    = see functions characteristics documentation at https://vrl.dev/expressions/#function-call-characteristics
    = learn more about error code 103 at https://errors.vrl.dev/103
    = see language documentation at https://vrl.dev
    = try your code in the VRL REPL, learn more at https://vrl.dev/examples

2025-08-28T19:53:11.252256Z INFO     vrl_testing_loop_clean:_log_with_timestamp:1111 - âŒ LLM VRL iteration 8 failed PyVRL validation
2025-08-28T19:53:11.252341Z INFO     error_batch_collector:collect_all_errors:46 - ğŸ“‹ Phase 1: PyVRL syntax validation
2025-08-28T19:53:11.252406Z INFO     error_batch_collector:collect_all_errors:52 - ğŸ“‹ Phase 2: Vector CLI validation
2025-08-28T19:53:11.261685Z INFO     error_batch_collector:collect_all_errors:75 - ğŸ“Š Collected 1 total errors
2025-08-28T19:53:11.261992Z INFO     error_batch_collector:collect_all_errors:79 -    other: 1 errors
2025-08-28T19:53:11.262068Z INFO     vrl_testing_loop_clean:run_automated_llm_generation:1347 - ğŸ“Š Collected 1 errors for batch fixing
2025-08-28T19:53:11.262130Z INFO     llm_iterative_session:iterate_with_feedback:713 - ğŸ”„ Iterating VRL generation (iteration 9)
2025-08-28T19:53:11.262419Z DEBUG    llm_iterative_session:_save_conversation:1297 - ğŸ’¾ Saved user message to .tmp/llm_sessions/llm_session_20250828_195038/iter9_user.txt
2025-08-28T19:53:11.262483Z DEBUG    llm_iterative_session:_call_llm:1019 - Adding 2.8s delay for iteration 9 to avoid rate limits
